[2025-05-05T10:44:29.535+0000] {local_task_job_runner.py:123} INFO - ::group::Pre task execution logs
[2025-05-05T10:44:29.554+0000] {taskinstance.py:2613} INFO - Dependencies all met for dep_context=non-requeueable deps ti=<TaskInstance: latest_only.latest_only scheduled__2025-05-05T04:00:00+00:00 [queued]>
[2025-05-05T10:44:29.563+0000] {taskinstance.py:2613} INFO - Dependencies all met for dep_context=requeueable deps ti=<TaskInstance: latest_only.latest_only scheduled__2025-05-05T04:00:00+00:00 [queued]>
[2025-05-05T10:44:29.564+0000] {taskinstance.py:2866} INFO - Starting attempt 1 of 1
[2025-05-05T10:44:29.580+0000] {taskinstance.py:2889} INFO - Executing <Task(LatestOnlyOperator): latest_only> on 2025-05-05 04:00:00+00:00
[2025-05-05T10:44:29.588+0000] {warnings.py:112} WARNING - /home/***/.local/lib/python3.12/site-packages/***/task/task_runner/standard_task_runner.py:70: DeprecationWarning: This process (pid=88) is multi-threaded, use of fork() may lead to deadlocks in the child.
  pid = os.fork()

[2025-05-05T10:44:29.589+0000] {standard_task_runner.py:72} INFO - Started process 90 to run task
[2025-05-05T10:44:29.590+0000] {standard_task_runner.py:104} INFO - Running: ['***', 'tasks', 'run', 'latest_only', 'latest_only', 'scheduled__2025-05-05T04:00:00+00:00', '--job-id', '11', '--raw', '--subdir', '/home/***/.local/lib/python3.12/site-packages/***/example_dags/example_latest_only.py', '--cfg-path', '/tmp/tmpfgt2i5zb']
[2025-05-05T10:44:29.591+0000] {standard_task_runner.py:105} INFO - Job 11: Subtask latest_only
[2025-05-05T10:44:29.673+0000] {task_command.py:467} INFO - Running <TaskInstance: latest_only.latest_only scheduled__2025-05-05T04:00:00+00:00 [running]> on host d5d7843fa4fa
[2025-05-05T10:44:29.769+0000] {taskinstance.py:3132} INFO - Exporting env vars: AIRFLOW_CTX_DAG_OWNER='***' AIRFLOW_CTX_DAG_ID='latest_only' AIRFLOW_CTX_TASK_ID='latest_only' AIRFLOW_CTX_EXECUTION_DATE='2025-05-05T04:00:00+00:00' AIRFLOW_CTX_TRY_NUMBER='1' AIRFLOW_CTX_DAG_RUN_ID='scheduled__2025-05-05T04:00:00+00:00'
[2025-05-05T10:44:29.772+0000] {logging_mixin.py:190} INFO - Task instance is in running state
[2025-05-05T10:44:29.772+0000] {logging_mixin.py:190} INFO -  Previous state of the Task instance: queued
[2025-05-05T10:44:29.773+0000] {logging_mixin.py:190} INFO - Current task name:latest_only state:running start_date:2025-05-05 10:44:29.555117+00:00
[2025-05-05T10:44:29.773+0000] {logging_mixin.py:190} INFO - Dag name:latest_only and current dag run status:running
[2025-05-05T10:44:29.773+0000] {taskinstance.py:731} INFO - ::endgroup::
[2025-05-05T10:44:29.774+0000] {latest_only.py:63} INFO - Checking latest only with left_window: 2025-05-05 08:00:00+00:00 right_window: 2025-05-05 12:00:00+00:00 now: 2025-05-05 10:44:29.774566+00:00
[2025-05-05T10:44:29.774+0000] {latest_only.py:76} INFO - Latest, allowing execution to proceed.
[2025-05-05T10:44:29.775+0000] {branch.py:38} INFO - Branch into ['task1']
[2025-05-05T10:44:29.775+0000] {skipmixin.py:230} INFO - Following branch ('task1',)
[2025-05-05T10:44:29.790+0000] {skipmixin.py:278} INFO - Skipping tasks []
[2025-05-05T10:44:29.825+0000] {taskinstance.py:340} INFO - ::group::Post task execution logs
[2025-05-05T10:44:29.826+0000] {taskinstance.py:352} INFO - Marking task as SUCCESS. dag_id=latest_only, task_id=latest_only, run_id=scheduled__2025-05-05T04:00:00+00:00, execution_date=20250505T040000, start_date=20250505T104429, end_date=20250505T104429
[2025-05-05T10:44:29.837+0000] {logging_mixin.py:190} INFO - Task instance in success state
[2025-05-05T10:44:29.838+0000] {logging_mixin.py:190} INFO -  Previous state of the Task instance: running
[2025-05-05T10:44:29.838+0000] {logging_mixin.py:190} INFO - Dag name:latest_only queued_at:2025-05-05 10:44:25.872159+00:00
[2025-05-05T10:44:29.838+0000] {logging_mixin.py:190} INFO - Task hostname:d5d7843fa4fa operator:LatestOnlyOperator
[2025-05-05T10:44:29.856+0000] {local_task_job_runner.py:266} INFO - Task exited with return code 0
[2025-05-05T10:44:29.876+0000] {taskinstance.py:3895} INFO - 0 downstream tasks scheduled from follow-on schedule check
[2025-05-05T10:44:29.878+0000] {local_task_job_runner.py:245} INFO - ::endgroup::
