[2025-06-02T08:31:56.214+0000] {processor.py:186} INFO - Started process (PID=124) to work on /home/airflow/.local/lib/python3.12/site-packages/airflow/example_dags/example_datasets.py
[2025-06-02T08:31:56.214+0000] {processor.py:914} INFO - Processing file /home/airflow/.local/lib/python3.12/site-packages/airflow/example_dags/example_datasets.py for tasks to queue
[2025-06-02T08:31:56.217+0000] {logging_mixin.py:190} INFO - [2025-06-02T08:31:56.216+0000] {dagbag.py:588} INFO - Filling up the DagBag from /home/airflow/.local/lib/python3.12/site-packages/airflow/example_dags/example_datasets.py
[2025-06-02T08:31:56.884+0000] {processor.py:925} INFO - DAG(s) 'consume_1_and_2_with_dataset_expressions', 'consume_1_or_both_2_and_3_with_dataset_expressions', 'dataset_consumes_1_never_scheduled', 'dataset_produces_2', 'dataset_consumes_unknown_never_scheduled', 'dataset_produces_1', 'conditional_dataset_and_time_based_timetable', 'dataset_consumes_1', 'consume_1_or_2_with_dataset_expressions', 'dataset_consumes_1_and_2' retrieved from /home/airflow/.local/lib/python3.12/site-packages/airflow/example_dags/example_datasets.py
[2025-06-02T08:31:56.949+0000] {logging_mixin.py:190} INFO - [2025-06-02T08:31:56.949+0000] {dag.py:3239} INFO - Sync 10 DAGs
[2025-06-02T08:31:56.984+0000] {logging_mixin.py:190} INFO - [2025-06-02T08:31:56.984+0000] {dag.py:4180} INFO - Setting next_dagrun for conditional_dataset_and_time_based_timetable to 2025-05-28 01:00:00+00:00, run_after=2025-05-28 01:00:00+00:00
[2025-06-02T08:31:56.988+0000] {logging_mixin.py:190} INFO - [2025-06-02T08:31:56.988+0000] {dag.py:4180} INFO - Setting next_dagrun for consume_1_and_2_with_dataset_expressions to None, run_after=None
[2025-06-02T08:31:56.990+0000] {logging_mixin.py:190} INFO - [2025-06-02T08:31:56.990+0000] {dag.py:4180} INFO - Setting next_dagrun for consume_1_or_2_with_dataset_expressions to None, run_after=None
[2025-06-02T08:31:56.992+0000] {logging_mixin.py:190} INFO - [2025-06-02T08:31:56.992+0000] {dag.py:4180} INFO - Setting next_dagrun for consume_1_or_both_2_and_3_with_dataset_expressions to None, run_after=None
[2025-06-02T08:31:56.993+0000] {logging_mixin.py:190} INFO - [2025-06-02T08:31:56.993+0000] {dag.py:4180} INFO - Setting next_dagrun for dataset_consumes_1 to None, run_after=None
[2025-06-02T08:31:56.995+0000] {logging_mixin.py:190} INFO - [2025-06-02T08:31:56.994+0000] {dag.py:4180} INFO - Setting next_dagrun for dataset_consumes_1_and_2 to None, run_after=None
[2025-06-02T08:31:56.996+0000] {logging_mixin.py:190} INFO - [2025-06-02T08:31:56.996+0000] {dag.py:4180} INFO - Setting next_dagrun for dataset_consumes_1_never_scheduled to None, run_after=None
[2025-06-02T08:31:56.999+0000] {logging_mixin.py:190} INFO - [2025-06-02T08:31:56.999+0000] {dag.py:4180} INFO - Setting next_dagrun for dataset_consumes_unknown_never_scheduled to None, run_after=None
[2025-06-02T08:31:57.003+0000] {logging_mixin.py:190} INFO - [2025-06-02T08:31:57.002+0000] {dag.py:4180} INFO - Setting next_dagrun for dataset_produces_1 to 2025-06-01 00:00:00+00:00, run_after=2025-06-02 00:00:00+00:00
[2025-06-02T08:31:57.005+0000] {logging_mixin.py:190} INFO - [2025-06-02T08:31:57.004+0000] {dag.py:4180} INFO - Setting next_dagrun for dataset_produces_2 to None, run_after=None
[2025-06-02T08:31:57.057+0000] {processor.py:208} INFO - Processing /home/airflow/.local/lib/python3.12/site-packages/airflow/example_dags/example_datasets.py took 0.850 seconds
[2025-06-02T08:32:27.632+0000] {processor.py:186} INFO - Started process (PID=188) to work on /home/airflow/.local/lib/python3.12/site-packages/airflow/example_dags/example_datasets.py
[2025-06-02T08:32:27.633+0000] {processor.py:914} INFO - Processing file /home/airflow/.local/lib/python3.12/site-packages/airflow/example_dags/example_datasets.py for tasks to queue
[2025-06-02T08:32:27.635+0000] {logging_mixin.py:190} INFO - [2025-06-02T08:32:27.635+0000] {dagbag.py:588} INFO - Filling up the DagBag from /home/airflow/.local/lib/python3.12/site-packages/airflow/example_dags/example_datasets.py
[2025-06-02T08:32:28.077+0000] {processor.py:925} INFO - DAG(s) 'conditional_dataset_and_time_based_timetable', 'consume_1_and_2_with_dataset_expressions', 'dataset_produces_2', 'consume_1_or_2_with_dataset_expressions', 'dataset_consumes_1', 'dataset_consumes_1_and_2', 'dataset_produces_1', 'consume_1_or_both_2_and_3_with_dataset_expressions', 'dataset_consumes_1_never_scheduled', 'dataset_consumes_unknown_never_scheduled' retrieved from /home/airflow/.local/lib/python3.12/site-packages/airflow/example_dags/example_datasets.py
[2025-06-02T08:32:28.115+0000] {logging_mixin.py:190} INFO - [2025-06-02T08:32:28.114+0000] {dag.py:3239} INFO - Sync 10 DAGs
[2025-06-02T08:32:28.135+0000] {logging_mixin.py:190} INFO - [2025-06-02T08:32:28.135+0000] {dag.py:4180} INFO - Setting next_dagrun for conditional_dataset_and_time_based_timetable to 2025-05-28 01:00:00+00:00, run_after=2025-05-28 01:00:00+00:00
[2025-06-02T08:32:28.138+0000] {logging_mixin.py:190} INFO - [2025-06-02T08:32:28.138+0000] {dag.py:4180} INFO - Setting next_dagrun for consume_1_and_2_with_dataset_expressions to None, run_after=None
[2025-06-02T08:32:28.139+0000] {logging_mixin.py:190} INFO - [2025-06-02T08:32:28.139+0000] {dag.py:4180} INFO - Setting next_dagrun for consume_1_or_2_with_dataset_expressions to None, run_after=None
[2025-06-02T08:32:28.140+0000] {logging_mixin.py:190} INFO - [2025-06-02T08:32:28.140+0000] {dag.py:4180} INFO - Setting next_dagrun for consume_1_or_both_2_and_3_with_dataset_expressions to None, run_after=None
[2025-06-02T08:32:28.141+0000] {logging_mixin.py:190} INFO - [2025-06-02T08:32:28.141+0000] {dag.py:4180} INFO - Setting next_dagrun for dataset_consumes_1 to None, run_after=None
[2025-06-02T08:32:28.142+0000] {logging_mixin.py:190} INFO - [2025-06-02T08:32:28.142+0000] {dag.py:4180} INFO - Setting next_dagrun for dataset_consumes_1_and_2 to None, run_after=None
[2025-06-02T08:32:28.143+0000] {logging_mixin.py:190} INFO - [2025-06-02T08:32:28.143+0000] {dag.py:4180} INFO - Setting next_dagrun for dataset_consumes_1_never_scheduled to None, run_after=None
[2025-06-02T08:32:28.144+0000] {logging_mixin.py:190} INFO - [2025-06-02T08:32:28.144+0000] {dag.py:4180} INFO - Setting next_dagrun for dataset_consumes_unknown_never_scheduled to None, run_after=None
[2025-06-02T08:32:28.146+0000] {logging_mixin.py:190} INFO - [2025-06-02T08:32:28.146+0000] {dag.py:4180} INFO - Setting next_dagrun for dataset_produces_1 to 2025-06-01 00:00:00+00:00, run_after=2025-06-02 00:00:00+00:00
[2025-06-02T08:32:28.147+0000] {logging_mixin.py:190} INFO - [2025-06-02T08:32:28.147+0000] {dag.py:4180} INFO - Setting next_dagrun for dataset_produces_2 to None, run_after=None
[2025-06-02T08:32:28.178+0000] {processor.py:208} INFO - Processing /home/airflow/.local/lib/python3.12/site-packages/airflow/example_dags/example_datasets.py took 0.551 seconds
