[2025-05-06T14:00:56.325+0000] {processor.py:186} INFO - Started process (PID=1366) to work on /opt/airflow/dags/connections_main.py
[2025-05-06T14:00:56.326+0000] {processor.py:914} INFO - Processing file /opt/airflow/dags/connections_main.py for tasks to queue
[2025-05-06T14:00:56.327+0000] {logging_mixin.py:190} INFO - [2025-05-06T14:00:56.327+0000] {dagbag.py:588} INFO - Filling up the DagBag from /opt/airflow/dags/connections_main.py
[2025-05-06T14:00:56.334+0000] {processor.py:925} INFO - DAG(s) 'init_airflow_connections' retrieved from /opt/airflow/dags/connections_main.py
[2025-05-06T14:00:56.424+0000] {logging_mixin.py:190} INFO - [2025-05-06T14:00:56.424+0000] {dag.py:3239} INFO - Sync 1 DAGs
[2025-05-06T14:00:56.436+0000] {logging_mixin.py:190} INFO - [2025-05-06T14:00:56.435+0000] {dag.py:4180} INFO - Setting next_dagrun for init_airflow_connections to None, run_after=None
[2025-05-06T14:00:56.452+0000] {processor.py:208} INFO - Processing /opt/airflow/dags/connections_main.py took 0.132 seconds
[2025-05-06T14:01:27.020+0000] {processor.py:186} INFO - Started process (PID=1431) to work on /opt/airflow/dags/connections_main.py
[2025-05-06T14:01:27.021+0000] {processor.py:914} INFO - Processing file /opt/airflow/dags/connections_main.py for tasks to queue
[2025-05-06T14:01:27.022+0000] {logging_mixin.py:190} INFO - [2025-05-06T14:01:27.022+0000] {dagbag.py:588} INFO - Filling up the DagBag from /opt/airflow/dags/connections_main.py
[2025-05-06T14:01:27.029+0000] {processor.py:925} INFO - DAG(s) 'init_airflow_connections' retrieved from /opt/airflow/dags/connections_main.py
[2025-05-06T14:01:27.046+0000] {logging_mixin.py:190} INFO - [2025-05-06T14:01:27.046+0000] {dag.py:3239} INFO - Sync 1 DAGs
[2025-05-06T14:01:27.060+0000] {logging_mixin.py:190} INFO - [2025-05-06T14:01:27.060+0000] {dag.py:4180} INFO - Setting next_dagrun for init_airflow_connections to None, run_after=None
[2025-05-06T14:01:27.075+0000] {processor.py:208} INFO - Processing /opt/airflow/dags/connections_main.py took 0.060 seconds
[2025-05-06T14:03:03.068+0000] {processor.py:186} INFO - Started process (PID=102) to work on /opt/airflow/dags/connections_main.py
[2025-05-06T14:03:03.069+0000] {processor.py:914} INFO - Processing file /opt/airflow/dags/connections_main.py for tasks to queue
[2025-05-06T14:03:03.073+0000] {logging_mixin.py:190} INFO - [2025-05-06T14:03:03.073+0000] {dagbag.py:588} INFO - Filling up the DagBag from /opt/airflow/dags/connections_main.py
[2025-05-06T14:03:03.102+0000] {processor.py:925} INFO - DAG(s) 'init_airflow_connections' retrieved from /opt/airflow/dags/connections_main.py
[2025-05-06T14:03:03.170+0000] {logging_mixin.py:190} INFO - [2025-05-06T14:03:03.170+0000] {dag.py:3239} INFO - Sync 1 DAGs
[2025-05-06T14:03:03.195+0000] {logging_mixin.py:190} INFO - [2025-05-06T14:03:03.195+0000] {dag.py:4180} INFO - Setting next_dagrun for init_airflow_connections to None, run_after=None
[2025-05-06T14:03:03.223+0000] {processor.py:208} INFO - Processing /opt/airflow/dags/connections_main.py took 0.165 seconds
[2025-05-06T14:03:33.468+0000] {processor.py:186} INFO - Started process (PID=167) to work on /opt/airflow/dags/connections_main.py
[2025-05-06T14:03:33.470+0000] {processor.py:914} INFO - Processing file /opt/airflow/dags/connections_main.py for tasks to queue
[2025-05-06T14:03:33.474+0000] {logging_mixin.py:190} INFO - [2025-05-06T14:03:33.474+0000] {dagbag.py:588} INFO - Filling up the DagBag from /opt/airflow/dags/connections_main.py
[2025-05-06T14:03:33.483+0000] {processor.py:925} INFO - DAG(s) 'init_airflow_connections' retrieved from /opt/airflow/dags/connections_main.py
[2025-05-06T14:03:33.507+0000] {logging_mixin.py:190} INFO - [2025-05-06T14:03:33.507+0000] {dag.py:3239} INFO - Sync 1 DAGs
[2025-05-06T14:03:33.523+0000] {logging_mixin.py:190} INFO - [2025-05-06T14:03:33.522+0000] {dag.py:4180} INFO - Setting next_dagrun for init_airflow_connections to None, run_after=None
[2025-05-06T14:03:33.542+0000] {processor.py:208} INFO - Processing /opt/airflow/dags/connections_main.py took 0.080 seconds
[2025-05-06T14:04:04.511+0000] {processor.py:186} INFO - Started process (PID=232) to work on /opt/airflow/dags/connections_main.py
[2025-05-06T14:04:04.513+0000] {processor.py:914} INFO - Processing file /opt/airflow/dags/connections_main.py for tasks to queue
[2025-05-06T14:04:04.516+0000] {logging_mixin.py:190} INFO - [2025-05-06T14:04:04.515+0000] {dagbag.py:588} INFO - Filling up the DagBag from /opt/airflow/dags/connections_main.py
[2025-05-06T14:04:04.524+0000] {processor.py:925} INFO - DAG(s) 'init_airflow_connections' retrieved from /opt/airflow/dags/connections_main.py
[2025-05-06T14:04:04.544+0000] {logging_mixin.py:190} INFO - [2025-05-06T14:04:04.544+0000] {dag.py:3239} INFO - Sync 1 DAGs
[2025-05-06T14:04:04.558+0000] {logging_mixin.py:190} INFO - [2025-05-06T14:04:04.558+0000] {dag.py:4180} INFO - Setting next_dagrun for init_airflow_connections to None, run_after=None
[2025-05-06T14:04:04.576+0000] {processor.py:208} INFO - Processing /opt/airflow/dags/connections_main.py took 0.071 seconds
[2025-05-06T14:04:35.376+0000] {processor.py:186} INFO - Started process (PID=297) to work on /opt/airflow/dags/connections_main.py
[2025-05-06T14:04:35.378+0000] {processor.py:914} INFO - Processing file /opt/airflow/dags/connections_main.py for tasks to queue
[2025-05-06T14:04:35.382+0000] {logging_mixin.py:190} INFO - [2025-05-06T14:04:35.382+0000] {dagbag.py:588} INFO - Filling up the DagBag from /opt/airflow/dags/connections_main.py
[2025-05-06T14:04:35.392+0000] {processor.py:925} INFO - DAG(s) 'init_airflow_connections' retrieved from /opt/airflow/dags/connections_main.py
[2025-05-06T14:04:35.421+0000] {logging_mixin.py:190} INFO - [2025-05-06T14:04:35.420+0000] {dag.py:3239} INFO - Sync 1 DAGs
[2025-05-06T14:04:35.441+0000] {logging_mixin.py:190} INFO - [2025-05-06T14:04:35.441+0000] {dag.py:4180} INFO - Setting next_dagrun for init_airflow_connections to None, run_after=None
[2025-05-06T14:04:35.466+0000] {processor.py:208} INFO - Processing /opt/airflow/dags/connections_main.py took 0.099 seconds
[2025-05-06T14:05:05.859+0000] {processor.py:186} INFO - Started process (PID=362) to work on /opt/airflow/dags/connections_main.py
[2025-05-06T14:05:05.864+0000] {processor.py:914} INFO - Processing file /opt/airflow/dags/connections_main.py for tasks to queue
[2025-05-06T14:05:05.867+0000] {logging_mixin.py:190} INFO - [2025-05-06T14:05:05.867+0000] {dagbag.py:588} INFO - Filling up the DagBag from /opt/airflow/dags/connections_main.py
[2025-05-06T14:05:05.873+0000] {processor.py:925} INFO - DAG(s) 'init_airflow_connections' retrieved from /opt/airflow/dags/connections_main.py
[2025-05-06T14:05:05.892+0000] {logging_mixin.py:190} INFO - [2025-05-06T14:05:05.892+0000] {dag.py:3239} INFO - Sync 1 DAGs
[2025-05-06T14:05:05.906+0000] {logging_mixin.py:190} INFO - [2025-05-06T14:05:05.905+0000] {dag.py:4180} INFO - Setting next_dagrun for init_airflow_connections to None, run_after=None
[2025-05-06T14:05:05.924+0000] {processor.py:208} INFO - Processing /opt/airflow/dags/connections_main.py took 0.071 seconds
[2025-05-06T14:05:36.010+0000] {processor.py:186} INFO - Started process (PID=433) to work on /opt/airflow/dags/connections_main.py
[2025-05-06T14:05:36.011+0000] {processor.py:914} INFO - Processing file /opt/airflow/dags/connections_main.py for tasks to queue
[2025-05-06T14:05:36.015+0000] {logging_mixin.py:190} INFO - [2025-05-06T14:05:36.014+0000] {dagbag.py:588} INFO - Filling up the DagBag from /opt/airflow/dags/connections_main.py
[2025-05-06T14:05:36.022+0000] {processor.py:925} INFO - DAG(s) 'init_airflow_connections' retrieved from /opt/airflow/dags/connections_main.py
[2025-05-06T14:05:36.043+0000] {logging_mixin.py:190} INFO - [2025-05-06T14:05:36.042+0000] {dag.py:3239} INFO - Sync 1 DAGs
[2025-05-06T14:05:36.058+0000] {logging_mixin.py:190} INFO - [2025-05-06T14:05:36.058+0000] {dag.py:4180} INFO - Setting next_dagrun for init_airflow_connections to None, run_after=None
[2025-05-06T14:05:36.082+0000] {processor.py:208} INFO - Processing /opt/airflow/dags/connections_main.py took 0.080 seconds
[2025-05-06T14:06:06.120+0000] {processor.py:186} INFO - Started process (PID=498) to work on /opt/airflow/dags/connections_main.py
[2025-05-06T14:06:06.121+0000] {processor.py:914} INFO - Processing file /opt/airflow/dags/connections_main.py for tasks to queue
[2025-05-06T14:06:06.125+0000] {logging_mixin.py:190} INFO - [2025-05-06T14:06:06.125+0000] {dagbag.py:588} INFO - Filling up the DagBag from /opt/airflow/dags/connections_main.py
[2025-05-06T14:06:06.134+0000] {processor.py:925} INFO - DAG(s) 'init_airflow_connections' retrieved from /opt/airflow/dags/connections_main.py
[2025-05-06T14:06:06.157+0000] {logging_mixin.py:190} INFO - [2025-05-06T14:06:06.156+0000] {dag.py:3239} INFO - Sync 1 DAGs
[2025-05-06T14:06:06.176+0000] {logging_mixin.py:190} INFO - [2025-05-06T14:06:06.176+0000] {dag.py:4180} INFO - Setting next_dagrun for init_airflow_connections to None, run_after=None
[2025-05-06T14:06:06.207+0000] {processor.py:208} INFO - Processing /opt/airflow/dags/connections_main.py took 0.094 seconds
[2025-05-06T14:06:36.649+0000] {processor.py:186} INFO - Started process (PID=563) to work on /opt/airflow/dags/connections_main.py
[2025-05-06T14:06:36.650+0000] {processor.py:914} INFO - Processing file /opt/airflow/dags/connections_main.py for tasks to queue
[2025-05-06T14:06:36.653+0000] {logging_mixin.py:190} INFO - [2025-05-06T14:06:36.653+0000] {dagbag.py:588} INFO - Filling up the DagBag from /opt/airflow/dags/connections_main.py
[2025-05-06T14:06:36.660+0000] {processor.py:925} INFO - DAG(s) 'init_airflow_connections' retrieved from /opt/airflow/dags/connections_main.py
[2025-05-06T14:06:36.679+0000] {logging_mixin.py:190} INFO - [2025-05-06T14:06:36.679+0000] {dag.py:3239} INFO - Sync 1 DAGs
[2025-05-06T14:06:36.694+0000] {logging_mixin.py:190} INFO - [2025-05-06T14:06:36.694+0000] {dag.py:4180} INFO - Setting next_dagrun for init_airflow_connections to None, run_after=None
[2025-05-06T14:06:36.715+0000] {processor.py:208} INFO - Processing /opt/airflow/dags/connections_main.py took 0.072 seconds
[2025-05-06T14:07:07.042+0000] {processor.py:186} INFO - Started process (PID=628) to work on /opt/airflow/dags/connections_main.py
[2025-05-06T14:07:07.048+0000] {processor.py:914} INFO - Processing file /opt/airflow/dags/connections_main.py for tasks to queue
[2025-05-06T14:07:07.050+0000] {logging_mixin.py:190} INFO - [2025-05-06T14:07:07.050+0000] {dagbag.py:588} INFO - Filling up the DagBag from /opt/airflow/dags/connections_main.py
[2025-05-06T14:07:07.057+0000] {processor.py:925} INFO - DAG(s) 'init_airflow_connections' retrieved from /opt/airflow/dags/connections_main.py
[2025-05-06T14:07:07.075+0000] {logging_mixin.py:190} INFO - [2025-05-06T14:07:07.075+0000] {dag.py:3239} INFO - Sync 1 DAGs
[2025-05-06T14:07:07.089+0000] {logging_mixin.py:190} INFO - [2025-05-06T14:07:07.089+0000] {dag.py:4180} INFO - Setting next_dagrun for init_airflow_connections to None, run_after=None
[2025-05-06T14:07:07.107+0000] {processor.py:208} INFO - Processing /opt/airflow/dags/connections_main.py took 0.071 seconds
[2025-05-06T14:07:37.211+0000] {processor.py:186} INFO - Started process (PID=693) to work on /opt/airflow/dags/connections_main.py
[2025-05-06T14:07:37.217+0000] {processor.py:914} INFO - Processing file /opt/airflow/dags/connections_main.py for tasks to queue
[2025-05-06T14:07:37.219+0000] {logging_mixin.py:190} INFO - [2025-05-06T14:07:37.219+0000] {dagbag.py:588} INFO - Filling up the DagBag from /opt/airflow/dags/connections_main.py
[2025-05-06T14:07:37.226+0000] {processor.py:925} INFO - DAG(s) 'init_airflow_connections' retrieved from /opt/airflow/dags/connections_main.py
[2025-05-06T14:07:37.245+0000] {logging_mixin.py:190} INFO - [2025-05-06T14:07:37.245+0000] {dag.py:3239} INFO - Sync 1 DAGs
[2025-05-06T14:07:37.258+0000] {logging_mixin.py:190} INFO - [2025-05-06T14:07:37.258+0000] {dag.py:4180} INFO - Setting next_dagrun for init_airflow_connections to None, run_after=None
[2025-05-06T14:07:37.277+0000] {processor.py:208} INFO - Processing /opt/airflow/dags/connections_main.py took 0.071 seconds
[2025-05-06T14:08:07.344+0000] {processor.py:186} INFO - Started process (PID=758) to work on /opt/airflow/dags/connections_main.py
[2025-05-06T14:08:07.350+0000] {processor.py:914} INFO - Processing file /opt/airflow/dags/connections_main.py for tasks to queue
[2025-05-06T14:08:07.352+0000] {logging_mixin.py:190} INFO - [2025-05-06T14:08:07.352+0000] {dagbag.py:588} INFO - Filling up the DagBag from /opt/airflow/dags/connections_main.py
[2025-05-06T14:08:07.359+0000] {processor.py:925} INFO - DAG(s) 'init_airflow_connections' retrieved from /opt/airflow/dags/connections_main.py
[2025-05-06T14:08:07.378+0000] {logging_mixin.py:190} INFO - [2025-05-06T14:08:07.378+0000] {dag.py:3239} INFO - Sync 1 DAGs
[2025-05-06T14:08:07.390+0000] {logging_mixin.py:190} INFO - [2025-05-06T14:08:07.390+0000] {dag.py:4180} INFO - Setting next_dagrun for init_airflow_connections to None, run_after=None
[2025-05-06T14:08:07.407+0000] {processor.py:208} INFO - Processing /opt/airflow/dags/connections_main.py took 0.068 seconds
[2025-05-06T14:08:37.585+0000] {processor.py:186} INFO - Started process (PID=823) to work on /opt/airflow/dags/connections_main.py
[2025-05-06T14:08:37.586+0000] {processor.py:914} INFO - Processing file /opt/airflow/dags/connections_main.py for tasks to queue
[2025-05-06T14:08:37.589+0000] {logging_mixin.py:190} INFO - [2025-05-06T14:08:37.588+0000] {dagbag.py:588} INFO - Filling up the DagBag from /opt/airflow/dags/connections_main.py
[2025-05-06T14:08:37.596+0000] {processor.py:925} INFO - DAG(s) 'init_airflow_connections' retrieved from /opt/airflow/dags/connections_main.py
[2025-05-06T14:08:37.615+0000] {logging_mixin.py:190} INFO - [2025-05-06T14:08:37.615+0000] {dag.py:3239} INFO - Sync 1 DAGs
[2025-05-06T14:08:37.628+0000] {logging_mixin.py:190} INFO - [2025-05-06T14:08:37.628+0000] {dag.py:4180} INFO - Setting next_dagrun for init_airflow_connections to None, run_after=None
[2025-05-06T14:08:37.646+0000] {processor.py:208} INFO - Processing /opt/airflow/dags/connections_main.py took 0.066 seconds
[2025-05-06T14:09:07.986+0000] {processor.py:186} INFO - Started process (PID=888) to work on /opt/airflow/dags/connections_main.py
[2025-05-06T14:09:07.988+0000] {processor.py:914} INFO - Processing file /opt/airflow/dags/connections_main.py for tasks to queue
[2025-05-06T14:09:07.990+0000] {logging_mixin.py:190} INFO - [2025-05-06T14:09:07.990+0000] {dagbag.py:588} INFO - Filling up the DagBag from /opt/airflow/dags/connections_main.py
[2025-05-06T14:09:07.997+0000] {processor.py:925} INFO - DAG(s) 'init_airflow_connections' retrieved from /opt/airflow/dags/connections_main.py
[2025-05-06T14:09:08.020+0000] {logging_mixin.py:190} INFO - [2025-05-06T14:09:08.020+0000] {dag.py:3239} INFO - Sync 1 DAGs
[2025-05-06T14:09:08.034+0000] {logging_mixin.py:190} INFO - [2025-05-06T14:09:08.034+0000] {dag.py:4180} INFO - Setting next_dagrun for init_airflow_connections to None, run_after=None
[2025-05-06T14:09:08.055+0000] {processor.py:208} INFO - Processing /opt/airflow/dags/connections_main.py took 0.074 seconds
[2025-05-06T14:09:38.193+0000] {processor.py:186} INFO - Started process (PID=953) to work on /opt/airflow/dags/connections_main.py
[2025-05-06T14:09:38.195+0000] {processor.py:914} INFO - Processing file /opt/airflow/dags/connections_main.py for tasks to queue
[2025-05-06T14:09:38.198+0000] {logging_mixin.py:190} INFO - [2025-05-06T14:09:38.197+0000] {dagbag.py:588} INFO - Filling up the DagBag from /opt/airflow/dags/connections_main.py
[2025-05-06T14:09:38.204+0000] {processor.py:925} INFO - DAG(s) 'init_airflow_connections' retrieved from /opt/airflow/dags/connections_main.py
[2025-05-06T14:09:38.224+0000] {logging_mixin.py:190} INFO - [2025-05-06T14:09:38.223+0000] {dag.py:3239} INFO - Sync 1 DAGs
[2025-05-06T14:09:38.238+0000] {logging_mixin.py:190} INFO - [2025-05-06T14:09:38.238+0000] {dag.py:4180} INFO - Setting next_dagrun for init_airflow_connections to None, run_after=None
[2025-05-06T14:09:38.255+0000] {processor.py:208} INFO - Processing /opt/airflow/dags/connections_main.py took 0.067 seconds
[2025-05-06T14:10:08.638+0000] {processor.py:186} INFO - Started process (PID=1024) to work on /opt/airflow/dags/connections_main.py
[2025-05-06T14:10:08.640+0000] {processor.py:914} INFO - Processing file /opt/airflow/dags/connections_main.py for tasks to queue
[2025-05-06T14:10:10.053+0000] {logging_mixin.py:190} INFO - [2025-05-06T14:10:10.053+0000] {dagbag.py:588} INFO - Filling up the DagBag from /opt/airflow/dags/connections_main.py
[2025-05-06T14:10:10.060+0000] {processor.py:925} INFO - DAG(s) 'init_airflow_connections' retrieved from /opt/airflow/dags/connections_main.py
[2025-05-06T14:10:05.942+0000] {logging_mixin.py:190} INFO - [2025-05-06T14:10:05.942+0000] {dag.py:3239} INFO - Sync 1 DAGs
[2025-05-06T14:10:05.956+0000] {logging_mixin.py:190} INFO - [2025-05-06T14:10:05.956+0000] {dag.py:4180} INFO - Setting next_dagrun for init_airflow_connections to None, run_after=None
[2025-05-06T14:10:05.971+0000] {processor.py:208} INFO - Processing /opt/airflow/dags/connections_main.py took 0.067 seconds
[2025-05-06T14:10:36.052+0000] {processor.py:186} INFO - Started process (PID=1089) to work on /opt/airflow/dags/connections_main.py
[2025-05-06T14:10:36.053+0000] {processor.py:914} INFO - Processing file /opt/airflow/dags/connections_main.py for tasks to queue
[2025-05-06T14:10:36.056+0000] {logging_mixin.py:190} INFO - [2025-05-06T14:10:36.055+0000] {dagbag.py:588} INFO - Filling up the DagBag from /opt/airflow/dags/connections_main.py
[2025-05-06T14:10:36.062+0000] {processor.py:925} INFO - DAG(s) 'init_airflow_connections' retrieved from /opt/airflow/dags/connections_main.py
[2025-05-06T14:10:36.080+0000] {logging_mixin.py:190} INFO - [2025-05-06T14:10:36.080+0000] {dag.py:3239} INFO - Sync 1 DAGs
[2025-05-06T14:10:36.093+0000] {logging_mixin.py:190} INFO - [2025-05-06T14:10:36.093+0000] {dag.py:4180} INFO - Setting next_dagrun for init_airflow_connections to None, run_after=None
[2025-05-06T14:10:36.110+0000] {processor.py:208} INFO - Processing /opt/airflow/dags/connections_main.py took 0.064 seconds
[2025-05-06T14:11:06.589+0000] {processor.py:186} INFO - Started process (PID=1154) to work on /opt/airflow/dags/connections_main.py
[2025-05-06T14:11:06.590+0000] {processor.py:914} INFO - Processing file /opt/airflow/dags/connections_main.py for tasks to queue
[2025-05-06T14:11:06.593+0000] {logging_mixin.py:190} INFO - [2025-05-06T14:11:06.592+0000] {dagbag.py:588} INFO - Filling up the DagBag from /opt/airflow/dags/connections_main.py
[2025-05-06T14:11:06.599+0000] {processor.py:925} INFO - DAG(s) 'init_airflow_connections' retrieved from /opt/airflow/dags/connections_main.py
[2025-05-06T14:11:06.617+0000] {logging_mixin.py:190} INFO - [2025-05-06T14:11:06.617+0000] {dag.py:3239} INFO - Sync 1 DAGs
[2025-05-06T14:11:06.629+0000] {logging_mixin.py:190} INFO - [2025-05-06T14:11:06.629+0000] {dag.py:4180} INFO - Setting next_dagrun for init_airflow_connections to None, run_after=None
[2025-05-06T14:11:06.646+0000] {processor.py:208} INFO - Processing /opt/airflow/dags/connections_main.py took 0.062 seconds
[2025-05-06T14:11:37.260+0000] {processor.py:186} INFO - Started process (PID=1219) to work on /opt/airflow/dags/connections_main.py
[2025-05-06T14:11:37.261+0000] {processor.py:914} INFO - Processing file /opt/airflow/dags/connections_main.py for tasks to queue
[2025-05-06T14:11:37.266+0000] {logging_mixin.py:190} INFO - [2025-05-06T14:11:37.265+0000] {dagbag.py:588} INFO - Filling up the DagBag from /opt/airflow/dags/connections_main.py
[2025-05-06T14:11:37.274+0000] {processor.py:925} INFO - DAG(s) 'init_airflow_connections' retrieved from /opt/airflow/dags/connections_main.py
[2025-05-06T14:11:37.293+0000] {logging_mixin.py:190} INFO - [2025-05-06T14:11:37.293+0000] {dag.py:3239} INFO - Sync 1 DAGs
[2025-05-06T14:11:37.308+0000] {logging_mixin.py:190} INFO - [2025-05-06T14:11:37.308+0000] {dag.py:4180} INFO - Setting next_dagrun for init_airflow_connections to None, run_after=None
[2025-05-06T14:11:37.328+0000] {processor.py:208} INFO - Processing /opt/airflow/dags/connections_main.py took 0.075 seconds
[2025-05-06T14:12:07.875+0000] {processor.py:186} INFO - Started process (PID=1284) to work on /opt/airflow/dags/connections_main.py
[2025-05-06T14:12:07.877+0000] {processor.py:914} INFO - Processing file /opt/airflow/dags/connections_main.py for tasks to queue
[2025-05-06T14:12:07.879+0000] {logging_mixin.py:190} INFO - [2025-05-06T14:12:07.879+0000] {dagbag.py:588} INFO - Filling up the DagBag from /opt/airflow/dags/connections_main.py
[2025-05-06T14:12:07.886+0000] {processor.py:925} INFO - DAG(s) 'init_airflow_connections' retrieved from /opt/airflow/dags/connections_main.py
[2025-05-06T14:12:07.906+0000] {logging_mixin.py:190} INFO - [2025-05-06T14:12:07.906+0000] {dag.py:3239} INFO - Sync 1 DAGs
[2025-05-06T14:12:07.918+0000] {logging_mixin.py:190} INFO - [2025-05-06T14:12:07.918+0000] {dag.py:4180} INFO - Setting next_dagrun for init_airflow_connections to None, run_after=None
[2025-05-06T14:12:07.935+0000] {processor.py:208} INFO - Processing /opt/airflow/dags/connections_main.py took 0.065 seconds
[2025-05-06T14:12:38.831+0000] {processor.py:186} INFO - Started process (PID=1349) to work on /opt/airflow/dags/connections_main.py
[2025-05-06T14:12:38.833+0000] {processor.py:914} INFO - Processing file /opt/airflow/dags/connections_main.py for tasks to queue
[2025-05-06T14:12:38.836+0000] {logging_mixin.py:190} INFO - [2025-05-06T14:12:38.836+0000] {dagbag.py:588} INFO - Filling up the DagBag from /opt/airflow/dags/connections_main.py
[2025-05-06T14:12:38.842+0000] {processor.py:925} INFO - DAG(s) 'init_airflow_connections' retrieved from /opt/airflow/dags/connections_main.py
[2025-05-06T14:12:38.862+0000] {logging_mixin.py:190} INFO - [2025-05-06T14:12:38.861+0000] {dag.py:3239} INFO - Sync 1 DAGs
[2025-05-06T14:12:38.876+0000] {logging_mixin.py:190} INFO - [2025-05-06T14:12:38.876+0000] {dag.py:4180} INFO - Setting next_dagrun for init_airflow_connections to None, run_after=None
[2025-05-06T14:12:38.896+0000] {processor.py:208} INFO - Processing /opt/airflow/dags/connections_main.py took 0.071 seconds
[2025-05-06T14:13:09.099+0000] {processor.py:186} INFO - Started process (PID=1414) to work on /opt/airflow/dags/connections_main.py
[2025-05-06T14:13:09.102+0000] {processor.py:914} INFO - Processing file /opt/airflow/dags/connections_main.py for tasks to queue
[2025-05-06T14:13:09.105+0000] {logging_mixin.py:190} INFO - [2025-05-06T14:13:09.104+0000] {dagbag.py:588} INFO - Filling up the DagBag from /opt/airflow/dags/connections_main.py
[2025-05-06T14:13:09.113+0000] {processor.py:925} INFO - DAG(s) 'init_airflow_connections' retrieved from /opt/airflow/dags/connections_main.py
[2025-05-06T14:13:09.130+0000] {logging_mixin.py:190} INFO - [2025-05-06T14:13:09.130+0000] {dag.py:3239} INFO - Sync 1 DAGs
[2025-05-06T14:13:09.143+0000] {logging_mixin.py:190} INFO - [2025-05-06T14:13:09.142+0000] {dag.py:4180} INFO - Setting next_dagrun for init_airflow_connections to None, run_after=None
[2025-05-06T14:13:09.160+0000] {processor.py:208} INFO - Processing /opt/airflow/dags/connections_main.py took 0.066 seconds
[2025-05-06T14:13:39.688+0000] {processor.py:186} INFO - Started process (PID=1479) to work on /opt/airflow/dags/connections_main.py
[2025-05-06T14:13:39.694+0000] {processor.py:914} INFO - Processing file /opt/airflow/dags/connections_main.py for tasks to queue
[2025-05-06T14:13:39.696+0000] {logging_mixin.py:190} INFO - [2025-05-06T14:13:39.696+0000] {dagbag.py:588} INFO - Filling up the DagBag from /opt/airflow/dags/connections_main.py
[2025-05-06T14:13:39.703+0000] {processor.py:925} INFO - DAG(s) 'init_airflow_connections' retrieved from /opt/airflow/dags/connections_main.py
[2025-05-06T14:13:39.726+0000] {logging_mixin.py:190} INFO - [2025-05-06T14:13:39.726+0000] {dag.py:3239} INFO - Sync 1 DAGs
[2025-05-06T14:13:39.742+0000] {logging_mixin.py:190} INFO - [2025-05-06T14:13:39.742+0000] {dag.py:4180} INFO - Setting next_dagrun for init_airflow_connections to None, run_after=None
[2025-05-06T14:13:39.762+0000] {processor.py:208} INFO - Processing /opt/airflow/dags/connections_main.py took 0.079 seconds
[2025-05-06T14:14:10.338+0000] {processor.py:186} INFO - Started process (PID=1544) to work on /opt/airflow/dags/connections_main.py
[2025-05-06T14:14:10.339+0000] {processor.py:914} INFO - Processing file /opt/airflow/dags/connections_main.py for tasks to queue
[2025-05-06T14:14:10.342+0000] {logging_mixin.py:190} INFO - [2025-05-06T14:14:10.341+0000] {dagbag.py:588} INFO - Filling up the DagBag from /opt/airflow/dags/connections_main.py
[2025-05-06T14:14:10.348+0000] {processor.py:925} INFO - DAG(s) 'init_airflow_connections' retrieved from /opt/airflow/dags/connections_main.py
[2025-05-06T14:14:10.367+0000] {logging_mixin.py:190} INFO - [2025-05-06T14:14:10.367+0000] {dag.py:3239} INFO - Sync 1 DAGs
[2025-05-06T14:14:10.380+0000] {logging_mixin.py:190} INFO - [2025-05-06T14:14:10.380+0000] {dag.py:4180} INFO - Setting next_dagrun for init_airflow_connections to None, run_after=None
[2025-05-06T14:14:10.398+0000] {processor.py:208} INFO - Processing /opt/airflow/dags/connections_main.py took 0.066 seconds
[2025-05-06T14:14:40.953+0000] {processor.py:186} INFO - Started process (PID=1615) to work on /opt/airflow/dags/connections_main.py
[2025-05-06T14:14:40.959+0000] {processor.py:914} INFO - Processing file /opt/airflow/dags/connections_main.py for tasks to queue
[2025-05-06T14:14:40.961+0000] {logging_mixin.py:190} INFO - [2025-05-06T14:14:40.961+0000] {dagbag.py:588} INFO - Filling up the DagBag from /opt/airflow/dags/connections_main.py
[2025-05-06T14:14:40.967+0000] {processor.py:925} INFO - DAG(s) 'init_airflow_connections' retrieved from /opt/airflow/dags/connections_main.py
[2025-05-06T14:14:40.987+0000] {logging_mixin.py:190} INFO - [2025-05-06T14:14:40.987+0000] {dag.py:3239} INFO - Sync 1 DAGs
[2025-05-06T14:14:40.999+0000] {logging_mixin.py:190} INFO - [2025-05-06T14:14:40.998+0000] {dag.py:4180} INFO - Setting next_dagrun for init_airflow_connections to None, run_after=None
[2025-05-06T14:14:41.015+0000] {processor.py:208} INFO - Processing /opt/airflow/dags/connections_main.py took 0.067 seconds
[2025-05-06T14:15:11.387+0000] {processor.py:186} INFO - Started process (PID=1680) to work on /opt/airflow/dags/connections_main.py
[2025-05-06T14:15:11.392+0000] {processor.py:914} INFO - Processing file /opt/airflow/dags/connections_main.py for tasks to queue
[2025-05-06T14:15:11.395+0000] {logging_mixin.py:190} INFO - [2025-05-06T14:15:11.395+0000] {dagbag.py:588} INFO - Filling up the DagBag from /opt/airflow/dags/connections_main.py
[2025-05-06T14:15:11.401+0000] {processor.py:925} INFO - DAG(s) 'init_airflow_connections' retrieved from /opt/airflow/dags/connections_main.py
[2025-05-06T14:15:11.419+0000] {logging_mixin.py:190} INFO - [2025-05-06T14:15:11.419+0000] {dag.py:3239} INFO - Sync 1 DAGs
[2025-05-06T14:15:11.431+0000] {logging_mixin.py:190} INFO - [2025-05-06T14:15:11.431+0000] {dag.py:4180} INFO - Setting next_dagrun for init_airflow_connections to None, run_after=None
[2025-05-06T14:15:11.448+0000] {processor.py:208} INFO - Processing /opt/airflow/dags/connections_main.py took 0.066 seconds
[2025-05-06T14:15:41.595+0000] {processor.py:186} INFO - Started process (PID=1745) to work on /opt/airflow/dags/connections_main.py
[2025-05-06T14:15:41.601+0000] {processor.py:914} INFO - Processing file /opt/airflow/dags/connections_main.py for tasks to queue
[2025-05-06T14:15:41.603+0000] {logging_mixin.py:190} INFO - [2025-05-06T14:15:41.603+0000] {dagbag.py:588} INFO - Filling up the DagBag from /opt/airflow/dags/connections_main.py
[2025-05-06T14:15:41.609+0000] {processor.py:925} INFO - DAG(s) 'init_airflow_connections' retrieved from /opt/airflow/dags/connections_main.py
[2025-05-06T14:15:41.627+0000] {logging_mixin.py:190} INFO - [2025-05-06T14:15:41.627+0000] {dag.py:3239} INFO - Sync 1 DAGs
[2025-05-06T14:15:41.640+0000] {logging_mixin.py:190} INFO - [2025-05-06T14:15:41.640+0000] {dag.py:4180} INFO - Setting next_dagrun for init_airflow_connections to None, run_after=None
[2025-05-06T14:15:41.658+0000] {processor.py:208} INFO - Processing /opt/airflow/dags/connections_main.py took 0.067 seconds
[2025-05-06T14:16:12.487+0000] {processor.py:186} INFO - Started process (PID=1810) to work on /opt/airflow/dags/connections_main.py
[2025-05-06T14:16:12.493+0000] {processor.py:914} INFO - Processing file /opt/airflow/dags/connections_main.py for tasks to queue
[2025-05-06T14:16:12.495+0000] {logging_mixin.py:190} INFO - [2025-05-06T14:16:12.494+0000] {dagbag.py:588} INFO - Filling up the DagBag from /opt/airflow/dags/connections_main.py
[2025-05-06T14:16:12.501+0000] {processor.py:925} INFO - DAG(s) 'init_airflow_connections' retrieved from /opt/airflow/dags/connections_main.py
[2025-05-06T14:16:12.519+0000] {logging_mixin.py:190} INFO - [2025-05-06T14:16:12.519+0000] {dag.py:3239} INFO - Sync 1 DAGs
[2025-05-06T14:16:12.531+0000] {logging_mixin.py:190} INFO - [2025-05-06T14:16:12.530+0000] {dag.py:4180} INFO - Setting next_dagrun for init_airflow_connections to None, run_after=None
[2025-05-06T14:16:12.547+0000] {processor.py:208} INFO - Processing /opt/airflow/dags/connections_main.py took 0.065 seconds
[2025-05-06T14:16:43.302+0000] {processor.py:186} INFO - Started process (PID=1875) to work on /opt/airflow/dags/connections_main.py
[2025-05-06T14:16:43.304+0000] {processor.py:914} INFO - Processing file /opt/airflow/dags/connections_main.py for tasks to queue
[2025-05-06T14:16:43.306+0000] {logging_mixin.py:190} INFO - [2025-05-06T14:16:43.306+0000] {dagbag.py:588} INFO - Filling up the DagBag from /opt/airflow/dags/connections_main.py
[2025-05-06T14:16:43.312+0000] {processor.py:925} INFO - DAG(s) 'init_airflow_connections' retrieved from /opt/airflow/dags/connections_main.py
[2025-05-06T14:16:43.334+0000] {logging_mixin.py:190} INFO - [2025-05-06T14:16:43.334+0000] {dag.py:3239} INFO - Sync 1 DAGs
[2025-05-06T14:16:43.349+0000] {logging_mixin.py:190} INFO - [2025-05-06T14:16:43.349+0000] {dag.py:4180} INFO - Setting next_dagrun for init_airflow_connections to None, run_after=None
[2025-05-06T14:16:43.369+0000] {processor.py:208} INFO - Processing /opt/airflow/dags/connections_main.py took 0.071 seconds
[2025-05-06T14:17:13.956+0000] {processor.py:186} INFO - Started process (PID=1940) to work on /opt/airflow/dags/connections_main.py
[2025-05-06T14:17:13.962+0000] {processor.py:914} INFO - Processing file /opt/airflow/dags/connections_main.py for tasks to queue
[2025-05-06T14:17:13.964+0000] {logging_mixin.py:190} INFO - [2025-05-06T14:17:13.964+0000] {dagbag.py:588} INFO - Filling up the DagBag from /opt/airflow/dags/connections_main.py
[2025-05-06T14:17:13.971+0000] {processor.py:925} INFO - DAG(s) 'init_airflow_connections' retrieved from /opt/airflow/dags/connections_main.py
[2025-05-06T14:17:13.990+0000] {logging_mixin.py:190} INFO - [2025-05-06T14:17:13.990+0000] {dag.py:3239} INFO - Sync 1 DAGs
[2025-05-06T14:17:14.003+0000] {logging_mixin.py:190} INFO - [2025-05-06T14:17:14.003+0000] {dag.py:4180} INFO - Setting next_dagrun for init_airflow_connections to None, run_after=None
[2025-05-06T14:17:14.021+0000] {processor.py:208} INFO - Processing /opt/airflow/dags/connections_main.py took 0.071 seconds
[2025-05-06T14:17:44.745+0000] {processor.py:186} INFO - Started process (PID=2005) to work on /opt/airflow/dags/connections_main.py
[2025-05-06T14:17:44.747+0000] {processor.py:914} INFO - Processing file /opt/airflow/dags/connections_main.py for tasks to queue
[2025-05-06T14:17:44.749+0000] {logging_mixin.py:190} INFO - [2025-05-06T14:17:44.749+0000] {dagbag.py:588} INFO - Filling up the DagBag from /opt/airflow/dags/connections_main.py
[2025-05-06T14:17:44.756+0000] {processor.py:925} INFO - DAG(s) 'init_airflow_connections' retrieved from /opt/airflow/dags/connections_main.py
[2025-05-06T14:17:44.774+0000] {logging_mixin.py:190} INFO - [2025-05-06T14:17:44.773+0000] {dag.py:3239} INFO - Sync 1 DAGs
[2025-05-06T14:17:44.786+0000] {logging_mixin.py:190} INFO - [2025-05-06T14:17:44.786+0000] {dag.py:4180} INFO - Setting next_dagrun for init_airflow_connections to None, run_after=None
[2025-05-06T14:17:44.803+0000] {processor.py:208} INFO - Processing /opt/airflow/dags/connections_main.py took 0.063 seconds
[2025-05-06T14:18:15.373+0000] {processor.py:186} INFO - Started process (PID=2070) to work on /opt/airflow/dags/connections_main.py
[2025-05-06T14:18:15.375+0000] {processor.py:914} INFO - Processing file /opt/airflow/dags/connections_main.py for tasks to queue
[2025-05-06T14:18:15.377+0000] {logging_mixin.py:190} INFO - [2025-05-06T14:18:15.377+0000] {dagbag.py:588} INFO - Filling up the DagBag from /opt/airflow/dags/connections_main.py
[2025-05-06T14:18:15.386+0000] {processor.py:925} INFO - DAG(s) 'init_airflow_connections' retrieved from /opt/airflow/dags/connections_main.py
[2025-05-06T14:18:15.407+0000] {logging_mixin.py:190} INFO - [2025-05-06T14:18:15.407+0000] {dag.py:3239} INFO - Sync 1 DAGs
[2025-05-06T14:18:15.422+0000] {logging_mixin.py:190} INFO - [2025-05-06T14:18:15.421+0000] {dag.py:4180} INFO - Setting next_dagrun for init_airflow_connections to None, run_after=None
[2025-05-06T14:18:15.443+0000] {processor.py:208} INFO - Processing /opt/airflow/dags/connections_main.py took 0.076 seconds
[2025-05-06T14:18:46.074+0000] {processor.py:186} INFO - Started process (PID=2141) to work on /opt/airflow/dags/connections_main.py
[2025-05-06T14:18:46.076+0000] {processor.py:914} INFO - Processing file /opt/airflow/dags/connections_main.py for tasks to queue
[2025-05-06T14:18:46.078+0000] {logging_mixin.py:190} INFO - [2025-05-06T14:18:46.078+0000] {dagbag.py:588} INFO - Filling up the DagBag from /opt/airflow/dags/connections_main.py
[2025-05-06T14:18:46.087+0000] {processor.py:925} INFO - DAG(s) 'init_airflow_connections' retrieved from /opt/airflow/dags/connections_main.py
[2025-05-06T14:18:46.107+0000] {logging_mixin.py:190} INFO - [2025-05-06T14:18:46.107+0000] {dag.py:3239} INFO - Sync 1 DAGs
[2025-05-06T14:18:46.120+0000] {logging_mixin.py:190} INFO - [2025-05-06T14:18:46.120+0000] {dag.py:4180} INFO - Setting next_dagrun for init_airflow_connections to None, run_after=None
[2025-05-06T14:18:46.136+0000] {processor.py:208} INFO - Processing /opt/airflow/dags/connections_main.py took 0.067 seconds
[2025-05-06T14:19:16.846+0000] {processor.py:186} INFO - Started process (PID=2206) to work on /opt/airflow/dags/connections_main.py
[2025-05-06T14:19:16.852+0000] {processor.py:914} INFO - Processing file /opt/airflow/dags/connections_main.py for tasks to queue
[2025-05-06T14:19:16.854+0000] {logging_mixin.py:190} INFO - [2025-05-06T14:19:16.854+0000] {dagbag.py:588} INFO - Filling up the DagBag from /opt/airflow/dags/connections_main.py
[2025-05-06T14:19:16.861+0000] {processor.py:925} INFO - DAG(s) 'init_airflow_connections' retrieved from /opt/airflow/dags/connections_main.py
[2025-05-06T14:19:16.880+0000] {logging_mixin.py:190} INFO - [2025-05-06T14:19:16.880+0000] {dag.py:3239} INFO - Sync 1 DAGs
[2025-05-06T14:19:16.895+0000] {logging_mixin.py:190} INFO - [2025-05-06T14:19:16.895+0000] {dag.py:4180} INFO - Setting next_dagrun for init_airflow_connections to None, run_after=None
[2025-05-06T14:19:16.915+0000] {processor.py:208} INFO - Processing /opt/airflow/dags/connections_main.py took 0.075 seconds
[2025-05-06T14:19:47.746+0000] {processor.py:186} INFO - Started process (PID=2271) to work on /opt/airflow/dags/connections_main.py
[2025-05-06T14:19:47.747+0000] {processor.py:914} INFO - Processing file /opt/airflow/dags/connections_main.py for tasks to queue
[2025-05-06T14:19:47.750+0000] {logging_mixin.py:190} INFO - [2025-05-06T14:19:47.750+0000] {dagbag.py:588} INFO - Filling up the DagBag from /opt/airflow/dags/connections_main.py
[2025-05-06T14:19:47.757+0000] {processor.py:925} INFO - DAG(s) 'init_airflow_connections' retrieved from /opt/airflow/dags/connections_main.py
[2025-05-06T14:19:47.775+0000] {logging_mixin.py:190} INFO - [2025-05-06T14:19:47.775+0000] {dag.py:3239} INFO - Sync 1 DAGs
[2025-05-06T14:19:47.787+0000] {logging_mixin.py:190} INFO - [2025-05-06T14:19:47.787+0000] {dag.py:4180} INFO - Setting next_dagrun for init_airflow_connections to None, run_after=None
[2025-05-06T14:19:47.803+0000] {processor.py:208} INFO - Processing /opt/airflow/dags/connections_main.py took 0.063 seconds
[2025-05-06T14:20:18.456+0000] {processor.py:186} INFO - Started process (PID=2336) to work on /opt/airflow/dags/connections_main.py
[2025-05-06T14:20:18.458+0000] {processor.py:914} INFO - Processing file /opt/airflow/dags/connections_main.py for tasks to queue
[2025-05-06T14:20:18.462+0000] {logging_mixin.py:190} INFO - [2025-05-06T14:20:18.462+0000] {dagbag.py:588} INFO - Filling up the DagBag from /opt/airflow/dags/connections_main.py
[2025-05-06T14:20:18.474+0000] {processor.py:925} INFO - DAG(s) 'init_airflow_connections' retrieved from /opt/airflow/dags/connections_main.py
[2025-05-06T14:20:18.498+0000] {logging_mixin.py:190} INFO - [2025-05-06T14:20:18.498+0000] {dag.py:3239} INFO - Sync 1 DAGs
[2025-05-06T14:20:18.515+0000] {logging_mixin.py:190} INFO - [2025-05-06T14:20:18.515+0000] {dag.py:4180} INFO - Setting next_dagrun for init_airflow_connections to None, run_after=None
[2025-05-06T14:20:18.534+0000] {processor.py:208} INFO - Processing /opt/airflow/dags/connections_main.py took 0.087 seconds
[2025-05-06T14:20:49.275+0000] {processor.py:186} INFO - Started process (PID=2401) to work on /opt/airflow/dags/connections_main.py
[2025-05-06T14:20:49.276+0000] {processor.py:914} INFO - Processing file /opt/airflow/dags/connections_main.py for tasks to queue
[2025-05-06T14:20:49.278+0000] {logging_mixin.py:190} INFO - [2025-05-06T14:20:49.278+0000] {dagbag.py:588} INFO - Filling up the DagBag from /opt/airflow/dags/connections_main.py
[2025-05-06T14:20:49.285+0000] {processor.py:925} INFO - DAG(s) 'init_airflow_connections' retrieved from /opt/airflow/dags/connections_main.py
[2025-05-06T14:20:49.303+0000] {logging_mixin.py:190} INFO - [2025-05-06T14:20:49.303+0000] {dag.py:3239} INFO - Sync 1 DAGs
[2025-05-06T14:20:49.317+0000] {logging_mixin.py:190} INFO - [2025-05-06T14:20:49.316+0000] {dag.py:4180} INFO - Setting next_dagrun for init_airflow_connections to None, run_after=None
[2025-05-06T14:20:49.332+0000] {processor.py:208} INFO - Processing /opt/airflow/dags/connections_main.py took 0.064 seconds
[2025-05-06T14:21:20.094+0000] {processor.py:186} INFO - Started process (PID=2466) to work on /opt/airflow/dags/connections_main.py
[2025-05-06T14:21:20.099+0000] {processor.py:914} INFO - Processing file /opt/airflow/dags/connections_main.py for tasks to queue
[2025-05-06T14:21:20.101+0000] {logging_mixin.py:190} INFO - [2025-05-06T14:21:20.101+0000] {dagbag.py:588} INFO - Filling up the DagBag from /opt/airflow/dags/connections_main.py
[2025-05-06T14:21:20.108+0000] {processor.py:925} INFO - DAG(s) 'init_airflow_connections' retrieved from /opt/airflow/dags/connections_main.py
[2025-05-06T14:21:20.126+0000] {logging_mixin.py:190} INFO - [2025-05-06T14:21:20.126+0000] {dag.py:3239} INFO - Sync 1 DAGs
[2025-05-06T14:21:20.138+0000] {logging_mixin.py:190} INFO - [2025-05-06T14:21:20.138+0000] {dag.py:4180} INFO - Setting next_dagrun for init_airflow_connections to None, run_after=None
[2025-05-06T14:21:20.155+0000] {processor.py:208} INFO - Processing /opt/airflow/dags/connections_main.py took 0.066 seconds
[2025-05-06T14:21:50.966+0000] {processor.py:186} INFO - Started process (PID=2531) to work on /opt/airflow/dags/connections_main.py
[2025-05-06T14:21:50.967+0000] {processor.py:914} INFO - Processing file /opt/airflow/dags/connections_main.py for tasks to queue
[2025-05-06T14:21:50.970+0000] {logging_mixin.py:190} INFO - [2025-05-06T14:21:50.970+0000] {dagbag.py:588} INFO - Filling up the DagBag from /opt/airflow/dags/connections_main.py
[2025-05-06T14:21:50.980+0000] {processor.py:925} INFO - DAG(s) 'init_airflow_connections' retrieved from /opt/airflow/dags/connections_main.py
[2025-05-06T14:21:51.000+0000] {logging_mixin.py:190} INFO - [2025-05-06T14:21:51.000+0000] {dag.py:3239} INFO - Sync 1 DAGs
[2025-05-06T14:21:51.019+0000] {logging_mixin.py:190} INFO - [2025-05-06T14:21:51.019+0000] {dag.py:4180} INFO - Setting next_dagrun for init_airflow_connections to None, run_after=None
[2025-05-06T14:21:51.038+0000] {processor.py:208} INFO - Processing /opt/airflow/dags/connections_main.py took 0.080 seconds
[2025-05-06T14:22:21.676+0000] {processor.py:186} INFO - Started process (PID=2596) to work on /opt/airflow/dags/connections_main.py
[2025-05-06T14:22:21.677+0000] {processor.py:914} INFO - Processing file /opt/airflow/dags/connections_main.py for tasks to queue
[2025-05-06T14:22:21.680+0000] {logging_mixin.py:190} INFO - [2025-05-06T14:22:21.679+0000] {dagbag.py:588} INFO - Filling up the DagBag from /opt/airflow/dags/connections_main.py
[2025-05-06T14:22:21.687+0000] {processor.py:925} INFO - DAG(s) 'init_airflow_connections' retrieved from /opt/airflow/dags/connections_main.py
[2025-05-06T14:22:21.707+0000] {logging_mixin.py:190} INFO - [2025-05-06T14:22:21.706+0000] {dag.py:3239} INFO - Sync 1 DAGs
[2025-05-06T14:22:21.720+0000] {logging_mixin.py:190} INFO - [2025-05-06T14:22:21.720+0000] {dag.py:4180} INFO - Setting next_dagrun for init_airflow_connections to None, run_after=None
[2025-05-06T14:22:21.736+0000] {processor.py:208} INFO - Processing /opt/airflow/dags/connections_main.py took 0.065 seconds
[2025-05-06T14:22:51.798+0000] {processor.py:186} INFO - Started process (PID=2667) to work on /opt/airflow/dags/connections_main.py
[2025-05-06T14:22:51.799+0000] {processor.py:914} INFO - Processing file /opt/airflow/dags/connections_main.py for tasks to queue
[2025-05-06T14:22:51.801+0000] {logging_mixin.py:190} INFO - [2025-05-06T14:22:51.801+0000] {dagbag.py:588} INFO - Filling up the DagBag from /opt/airflow/dags/connections_main.py
[2025-05-06T14:22:51.808+0000] {processor.py:925} INFO - DAG(s) 'init_airflow_connections' retrieved from /opt/airflow/dags/connections_main.py
[2025-05-06T14:22:51.826+0000] {logging_mixin.py:190} INFO - [2025-05-06T14:22:51.826+0000] {dag.py:3239} INFO - Sync 1 DAGs
[2025-05-06T14:22:51.839+0000] {logging_mixin.py:190} INFO - [2025-05-06T14:22:51.839+0000] {dag.py:4180} INFO - Setting next_dagrun for init_airflow_connections to None, run_after=None
[2025-05-06T14:22:51.854+0000] {processor.py:208} INFO - Processing /opt/airflow/dags/connections_main.py took 0.062 seconds
[2025-05-06T14:23:21.891+0000] {processor.py:186} INFO - Started process (PID=2732) to work on /opt/airflow/dags/connections_main.py
[2025-05-06T14:23:21.893+0000] {processor.py:914} INFO - Processing file /opt/airflow/dags/connections_main.py for tasks to queue
[2025-05-06T14:23:21.895+0000] {logging_mixin.py:190} INFO - [2025-05-06T14:23:21.895+0000] {dagbag.py:588} INFO - Filling up the DagBag from /opt/airflow/dags/connections_main.py
[2025-05-06T14:23:21.901+0000] {processor.py:925} INFO - DAG(s) 'init_airflow_connections' retrieved from /opt/airflow/dags/connections_main.py
[2025-05-06T14:23:21.919+0000] {logging_mixin.py:190} INFO - [2025-05-06T14:23:21.919+0000] {dag.py:3239} INFO - Sync 1 DAGs
[2025-05-06T14:23:21.930+0000] {logging_mixin.py:190} INFO - [2025-05-06T14:23:21.930+0000] {dag.py:4180} INFO - Setting next_dagrun for init_airflow_connections to None, run_after=None
[2025-05-06T14:23:21.948+0000] {processor.py:208} INFO - Processing /opt/airflow/dags/connections_main.py took 0.062 seconds
[2025-05-06T14:23:52.470+0000] {processor.py:186} INFO - Started process (PID=2797) to work on /opt/airflow/dags/connections_main.py
[2025-05-06T14:23:52.475+0000] {processor.py:914} INFO - Processing file /opt/airflow/dags/connections_main.py for tasks to queue
[2025-05-06T14:23:52.477+0000] {logging_mixin.py:190} INFO - [2025-05-06T14:23:52.477+0000] {dagbag.py:588} INFO - Filling up the DagBag from /opt/airflow/dags/connections_main.py
[2025-05-06T14:23:52.484+0000] {processor.py:925} INFO - DAG(s) 'init_airflow_connections' retrieved from /opt/airflow/dags/connections_main.py
[2025-05-06T14:23:52.502+0000] {logging_mixin.py:190} INFO - [2025-05-06T14:23:52.502+0000] {dag.py:3239} INFO - Sync 1 DAGs
[2025-05-06T14:23:52.515+0000] {logging_mixin.py:190} INFO - [2025-05-06T14:23:52.515+0000] {dag.py:4180} INFO - Setting next_dagrun for init_airflow_connections to None, run_after=None
[2025-05-06T14:23:52.534+0000] {processor.py:208} INFO - Processing /opt/airflow/dags/connections_main.py took 0.070 seconds
[2025-05-06T14:24:23.418+0000] {processor.py:186} INFO - Started process (PID=2862) to work on /opt/airflow/dags/connections_main.py
[2025-05-06T14:24:23.419+0000] {processor.py:914} INFO - Processing file /opt/airflow/dags/connections_main.py for tasks to queue
[2025-05-06T14:24:23.422+0000] {logging_mixin.py:190} INFO - [2025-05-06T14:24:23.421+0000] {dagbag.py:588} INFO - Filling up the DagBag from /opt/airflow/dags/connections_main.py
[2025-05-06T14:24:23.428+0000] {processor.py:925} INFO - DAG(s) 'init_airflow_connections' retrieved from /opt/airflow/dags/connections_main.py
[2025-05-06T14:24:23.445+0000] {logging_mixin.py:190} INFO - [2025-05-06T14:24:23.445+0000] {dag.py:3239} INFO - Sync 1 DAGs
[2025-05-06T14:24:23.459+0000] {logging_mixin.py:190} INFO - [2025-05-06T14:24:23.459+0000] {dag.py:4180} INFO - Setting next_dagrun for init_airflow_connections to None, run_after=None
[2025-05-06T14:24:23.475+0000] {processor.py:208} INFO - Processing /opt/airflow/dags/connections_main.py took 0.062 seconds
[2025-05-06T14:24:53.517+0000] {processor.py:186} INFO - Started process (PID=2927) to work on /opt/airflow/dags/connections_main.py
[2025-05-06T14:24:53.523+0000] {processor.py:914} INFO - Processing file /opt/airflow/dags/connections_main.py for tasks to queue
[2025-05-06T14:24:53.525+0000] {logging_mixin.py:190} INFO - [2025-05-06T14:24:53.525+0000] {dagbag.py:588} INFO - Filling up the DagBag from /opt/airflow/dags/connections_main.py
[2025-05-06T14:24:53.531+0000] {processor.py:925} INFO - DAG(s) 'init_airflow_connections' retrieved from /opt/airflow/dags/connections_main.py
[2025-05-06T14:24:53.550+0000] {logging_mixin.py:190} INFO - [2025-05-06T14:24:53.550+0000] {dag.py:3239} INFO - Sync 1 DAGs
[2025-05-06T14:24:53.562+0000] {logging_mixin.py:190} INFO - [2025-05-06T14:24:53.562+0000] {dag.py:4180} INFO - Setting next_dagrun for init_airflow_connections to None, run_after=None
[2025-05-06T14:24:53.578+0000] {processor.py:208} INFO - Processing /opt/airflow/dags/connections_main.py took 0.066 seconds
[2025-05-06T14:25:23.997+0000] {processor.py:186} INFO - Started process (PID=2992) to work on /opt/airflow/dags/connections_main.py
[2025-05-06T14:25:24.003+0000] {processor.py:914} INFO - Processing file /opt/airflow/dags/connections_main.py for tasks to queue
[2025-05-06T14:25:24.005+0000] {logging_mixin.py:190} INFO - [2025-05-06T14:25:24.005+0000] {dagbag.py:588} INFO - Filling up the DagBag from /opt/airflow/dags/connections_main.py
[2025-05-06T14:25:24.011+0000] {processor.py:925} INFO - DAG(s) 'init_airflow_connections' retrieved from /opt/airflow/dags/connections_main.py
[2025-05-06T14:25:24.029+0000] {logging_mixin.py:190} INFO - [2025-05-06T14:25:24.029+0000] {dag.py:3239} INFO - Sync 1 DAGs
[2025-05-06T14:25:24.041+0000] {logging_mixin.py:190} INFO - [2025-05-06T14:25:24.041+0000] {dag.py:4180} INFO - Setting next_dagrun for init_airflow_connections to None, run_after=None
[2025-05-06T14:25:24.058+0000] {processor.py:208} INFO - Processing /opt/airflow/dags/connections_main.py took 0.066 seconds
[2025-05-06T14:25:54.478+0000] {processor.py:186} INFO - Started process (PID=3057) to work on /opt/airflow/dags/connections_main.py
[2025-05-06T14:25:54.479+0000] {processor.py:914} INFO - Processing file /opt/airflow/dags/connections_main.py for tasks to queue
[2025-05-06T14:25:54.481+0000] {logging_mixin.py:190} INFO - [2025-05-06T14:25:54.481+0000] {dagbag.py:588} INFO - Filling up the DagBag from /opt/airflow/dags/connections_main.py
[2025-05-06T14:25:54.487+0000] {processor.py:925} INFO - DAG(s) 'init_airflow_connections' retrieved from /opt/airflow/dags/connections_main.py
[2025-05-06T14:25:54.506+0000] {logging_mixin.py:190} INFO - [2025-05-06T14:25:54.506+0000] {dag.py:3239} INFO - Sync 1 DAGs
[2025-05-06T14:25:54.518+0000] {logging_mixin.py:190} INFO - [2025-05-06T14:25:54.518+0000] {dag.py:4180} INFO - Setting next_dagrun for init_airflow_connections to None, run_after=None
[2025-05-06T14:25:54.536+0000] {processor.py:208} INFO - Processing /opt/airflow/dags/connections_main.py took 0.062 seconds
[2025-05-06T14:26:24.693+0000] {processor.py:186} INFO - Started process (PID=3121) to work on /opt/airflow/dags/connections_main.py
[2025-05-06T14:26:24.694+0000] {processor.py:914} INFO - Processing file /opt/airflow/dags/connections_main.py for tasks to queue
[2025-05-06T14:26:24.696+0000] {logging_mixin.py:190} INFO - [2025-05-06T14:26:24.696+0000] {dagbag.py:588} INFO - Filling up the DagBag from /opt/airflow/dags/connections_main.py
[2025-05-06T14:26:24.703+0000] {processor.py:925} INFO - DAG(s) 'init_airflow_connections' retrieved from /opt/airflow/dags/connections_main.py
[2025-05-06T14:26:24.721+0000] {logging_mixin.py:190} INFO - [2025-05-06T14:26:24.721+0000] {dag.py:3239} INFO - Sync 1 DAGs
[2025-05-06T14:26:24.733+0000] {logging_mixin.py:190} INFO - [2025-05-06T14:26:24.733+0000] {dag.py:4180} INFO - Setting next_dagrun for init_airflow_connections to None, run_after=None
[2025-05-06T14:26:24.751+0000] {processor.py:208} INFO - Processing /opt/airflow/dags/connections_main.py took 0.063 seconds
[2025-05-06T14:26:55.086+0000] {processor.py:186} INFO - Started process (PID=3185) to work on /opt/airflow/dags/connections_main.py
[2025-05-06T14:26:55.087+0000] {processor.py:914} INFO - Processing file /opt/airflow/dags/connections_main.py for tasks to queue
[2025-05-06T14:26:55.089+0000] {logging_mixin.py:190} INFO - [2025-05-06T14:26:55.088+0000] {dagbag.py:588} INFO - Filling up the DagBag from /opt/airflow/dags/connections_main.py
[2025-05-06T14:26:55.095+0000] {processor.py:925} INFO - DAG(s) 'init_airflow_connections' retrieved from /opt/airflow/dags/connections_main.py
[2025-05-06T14:26:55.113+0000] {logging_mixin.py:190} INFO - [2025-05-06T14:26:55.113+0000] {dag.py:3239} INFO - Sync 1 DAGs
[2025-05-06T14:26:55.125+0000] {logging_mixin.py:190} INFO - [2025-05-06T14:26:55.125+0000] {dag.py:4180} INFO - Setting next_dagrun for init_airflow_connections to None, run_after=None
[2025-05-06T14:26:55.142+0000] {processor.py:208} INFO - Processing /opt/airflow/dags/connections_main.py took 0.062 seconds
[2025-05-06T14:27:26.705+0000] {processor.py:186} INFO - Started process (PID=3257) to work on /opt/airflow/dags/connections_main.py
[2025-05-06T14:27:26.710+0000] {processor.py:914} INFO - Processing file /opt/airflow/dags/connections_main.py for tasks to queue
[2025-05-06T14:27:26.712+0000] {logging_mixin.py:190} INFO - [2025-05-06T14:27:26.712+0000] {dagbag.py:588} INFO - Filling up the DagBag from /opt/airflow/dags/connections_main.py
[2025-05-06T14:27:26.719+0000] {processor.py:925} INFO - DAG(s) 'init_airflow_connections' retrieved from /opt/airflow/dags/connections_main.py
[2025-05-06T14:27:22.589+0000] {logging_mixin.py:190} INFO - [2025-05-06T14:27:22.589+0000] {dag.py:3239} INFO - Sync 1 DAGs
[2025-05-06T14:27:22.602+0000] {logging_mixin.py:190} INFO - [2025-05-06T14:27:22.602+0000] {dag.py:4180} INFO - Setting next_dagrun for init_airflow_connections to None, run_after=None
[2025-05-06T14:27:22.619+0000] {processor.py:208} INFO - Processing /opt/airflow/dags/connections_main.py took 0.069 seconds
[2025-05-06T14:27:53.215+0000] {processor.py:186} INFO - Started process (PID=3314) to work on /opt/airflow/dags/connections_main.py
[2025-05-06T14:27:53.221+0000] {processor.py:914} INFO - Processing file /opt/airflow/dags/connections_main.py for tasks to queue
[2025-05-06T14:27:53.223+0000] {logging_mixin.py:190} INFO - [2025-05-06T14:27:53.223+0000] {dagbag.py:588} INFO - Filling up the DagBag from /opt/airflow/dags/connections_main.py
[2025-05-06T14:27:53.230+0000] {processor.py:925} INFO - DAG(s) 'init_airflow_connections' retrieved from /opt/airflow/dags/connections_main.py
[2025-05-06T14:27:53.249+0000] {logging_mixin.py:190} INFO - [2025-05-06T14:27:53.249+0000] {dag.py:3239} INFO - Sync 1 DAGs
[2025-05-06T14:27:53.452+0000] {logging_mixin.py:190} INFO - [2025-05-06T14:27:53.452+0000] {dag.py:4180} INFO - Setting next_dagrun for init_airflow_connections to None, run_after=None
[2025-05-06T14:27:53.468+0000] {processor.py:208} INFO - Processing /opt/airflow/dags/connections_main.py took 0.257 seconds
