[2025-05-06T13:50:56.003+0000] {processor.py:186} INFO - Started process (PID=103) to work on /opt/airflow/dags/init_connection.py
[2025-05-06T13:50:56.004+0000] {processor.py:914} INFO - Processing file /opt/airflow/dags/init_connection.py for tasks to queue
[2025-05-06T13:50:56.009+0000] {logging_mixin.py:190} INFO - [2025-05-06T13:50:56.008+0000] {dagbag.py:588} INFO - Filling up the DagBag from /opt/airflow/dags/init_connection.py
[2025-05-06T13:50:56.053+0000] {processor.py:925} INFO - DAG(s) 'init_airflow_connections' retrieved from /opt/airflow/dags/init_connection.py
[2025-05-06T13:50:56.465+0000] {logging_mixin.py:190} INFO - [2025-05-06T13:50:56.461+0000] {override.py:1911} INFO - Created Permission View: can read on DAG:init_airflow_connections
[2025-05-06T13:50:56.480+0000] {logging_mixin.py:190} INFO - [2025-05-06T13:50:56.479+0000] {override.py:1911} INFO - Created Permission View: can edit on DAG:init_airflow_connections
[2025-05-06T13:50:56.491+0000] {logging_mixin.py:190} INFO - [2025-05-06T13:50:56.491+0000] {override.py:1911} INFO - Created Permission View: can delete on DAG:init_airflow_connections
[2025-05-06T13:50:56.504+0000] {logging_mixin.py:190} INFO - [2025-05-06T13:50:56.504+0000] {override.py:1911} INFO - Created Permission View: can read on DAG Run:init_airflow_connections
[2025-05-06T13:50:56.515+0000] {logging_mixin.py:190} INFO - [2025-05-06T13:50:56.515+0000] {override.py:1911} INFO - Created Permission View: menu access on DAG Run:init_airflow_connections
[2025-05-06T13:50:56.527+0000] {logging_mixin.py:190} INFO - [2025-05-06T13:50:56.527+0000] {override.py:1911} INFO - Created Permission View: can delete on DAG Run:init_airflow_connections
[2025-05-06T13:50:56.538+0000] {logging_mixin.py:190} INFO - [2025-05-06T13:50:56.538+0000] {override.py:1911} INFO - Created Permission View: can create on DAG Run:init_airflow_connections
[2025-05-06T13:50:56.539+0000] {logging_mixin.py:190} INFO - [2025-05-06T13:50:56.539+0000] {dag.py:3239} INFO - Sync 1 DAGs
[2025-05-06T13:50:56.564+0000] {logging_mixin.py:190} INFO - [2025-05-06T13:50:56.564+0000] {dag.py:3262} INFO - Creating ORM DAG for init_airflow_connections
[2025-05-06T13:50:56.566+0000] {logging_mixin.py:190} INFO - [2025-05-06T13:50:56.565+0000] {dag.py:4180} INFO - Setting next_dagrun for init_airflow_connections to None, run_after=None
[2025-05-06T13:50:56.599+0000] {processor.py:208} INFO - Processing /opt/airflow/dags/init_connection.py took 0.609 seconds
[2025-05-06T13:51:26.743+0000] {processor.py:186} INFO - Started process (PID=168) to work on /opt/airflow/dags/init_connection.py
[2025-05-06T13:51:26.748+0000] {processor.py:914} INFO - Processing file /opt/airflow/dags/init_connection.py for tasks to queue
[2025-05-06T13:51:26.751+0000] {logging_mixin.py:190} INFO - [2025-05-06T13:51:26.750+0000] {dagbag.py:588} INFO - Filling up the DagBag from /opt/airflow/dags/init_connection.py
[2025-05-06T13:51:26.757+0000] {processor.py:925} INFO - DAG(s) 'init_airflow_connections' retrieved from /opt/airflow/dags/init_connection.py
[2025-05-06T13:51:26.774+0000] {logging_mixin.py:190} INFO - [2025-05-06T13:51:26.773+0000] {dag.py:3239} INFO - Sync 1 DAGs
[2025-05-06T13:51:26.786+0000] {logging_mixin.py:190} INFO - [2025-05-06T13:51:26.785+0000] {dag.py:4180} INFO - Setting next_dagrun for init_airflow_connections to None, run_after=None
[2025-05-06T13:51:26.802+0000] {processor.py:208} INFO - Processing /opt/airflow/dags/init_connection.py took 0.065 seconds
[2025-05-06T13:51:57.464+0000] {processor.py:186} INFO - Started process (PID=233) to work on /opt/airflow/dags/init_connection.py
[2025-05-06T13:51:57.467+0000] {processor.py:914} INFO - Processing file /opt/airflow/dags/init_connection.py for tasks to queue
[2025-05-06T13:51:57.472+0000] {logging_mixin.py:190} INFO - [2025-05-06T13:51:57.471+0000] {dagbag.py:588} INFO - Filling up the DagBag from /opt/airflow/dags/init_connection.py
[2025-05-06T13:51:58.888+0000] {processor.py:925} INFO - DAG(s) 'init_airflow_connections' retrieved from /opt/airflow/dags/init_connection.py
[2025-05-06T13:51:54.802+0000] {logging_mixin.py:190} INFO - [2025-05-06T13:51:54.802+0000] {dag.py:3239} INFO - Sync 1 DAGs
[2025-05-06T13:51:54.832+0000] {logging_mixin.py:190} INFO - [2025-05-06T13:51:54.832+0000] {dag.py:4180} INFO - Setting next_dagrun for init_airflow_connections to None, run_after=None
[2025-05-06T13:51:54.866+0000] {processor.py:208} INFO - Processing /opt/airflow/dags/init_connection.py took 0.143 seconds
[2025-05-06T13:52:25.751+0000] {processor.py:186} INFO - Started process (PID=298) to work on /opt/airflow/dags/init_connection.py
[2025-05-06T13:52:25.752+0000] {processor.py:914} INFO - Processing file /opt/airflow/dags/init_connection.py for tasks to queue
[2025-05-06T13:52:25.754+0000] {logging_mixin.py:190} INFO - [2025-05-06T13:52:25.753+0000] {dagbag.py:588} INFO - Filling up the DagBag from /opt/airflow/dags/init_connection.py
[2025-05-06T13:52:25.760+0000] {processor.py:925} INFO - DAG(s) 'init_airflow_connections' retrieved from /opt/airflow/dags/init_connection.py
[2025-05-06T13:52:25.779+0000] {logging_mixin.py:190} INFO - [2025-05-06T13:52:25.778+0000] {dag.py:3239} INFO - Sync 1 DAGs
[2025-05-06T13:52:25.791+0000] {logging_mixin.py:190} INFO - [2025-05-06T13:52:25.790+0000] {dag.py:4180} INFO - Setting next_dagrun for init_airflow_connections to None, run_after=None
[2025-05-06T13:52:25.810+0000] {processor.py:208} INFO - Processing /opt/airflow/dags/init_connection.py took 0.065 seconds
[2025-05-06T13:52:56.399+0000] {processor.py:186} INFO - Started process (PID=370) to work on /opt/airflow/dags/init_connection.py
[2025-05-06T13:52:56.401+0000] {processor.py:914} INFO - Processing file /opt/airflow/dags/init_connection.py for tasks to queue
[2025-05-06T13:52:56.405+0000] {logging_mixin.py:190} INFO - [2025-05-06T13:52:56.404+0000] {dagbag.py:588} INFO - Filling up the DagBag from /opt/airflow/dags/init_connection.py
[2025-05-06T13:52:56.418+0000] {processor.py:925} INFO - DAG(s) 'init_airflow_connections' retrieved from /opt/airflow/dags/init_connection.py
[2025-05-06T13:52:56.440+0000] {logging_mixin.py:190} INFO - [2025-05-06T13:52:56.439+0000] {dag.py:3239} INFO - Sync 1 DAGs
[2025-05-06T13:52:56.454+0000] {logging_mixin.py:190} INFO - [2025-05-06T13:52:56.454+0000] {dag.py:4180} INFO - Setting next_dagrun for init_airflow_connections to None, run_after=None
[2025-05-06T13:52:56.472+0000] {processor.py:208} INFO - Processing /opt/airflow/dags/init_connection.py took 0.080 seconds
[2025-05-06T13:53:27.230+0000] {processor.py:186} INFO - Started process (PID=435) to work on /opt/airflow/dags/init_connection.py
[2025-05-06T13:53:27.236+0000] {processor.py:914} INFO - Processing file /opt/airflow/dags/init_connection.py for tasks to queue
[2025-05-06T13:53:27.238+0000] {logging_mixin.py:190} INFO - [2025-05-06T13:53:27.238+0000] {dagbag.py:588} INFO - Filling up the DagBag from /opt/airflow/dags/init_connection.py
[2025-05-06T13:53:27.245+0000] {processor.py:925} INFO - DAG(s) 'init_airflow_connections' retrieved from /opt/airflow/dags/init_connection.py
[2025-05-06T13:53:27.264+0000] {logging_mixin.py:190} INFO - [2025-05-06T13:53:27.264+0000] {dag.py:3239} INFO - Sync 1 DAGs
[2025-05-06T13:53:27.277+0000] {logging_mixin.py:190} INFO - [2025-05-06T13:53:27.277+0000] {dag.py:4180} INFO - Setting next_dagrun for init_airflow_connections to None, run_after=None
[2025-05-06T13:53:27.295+0000] {processor.py:208} INFO - Processing /opt/airflow/dags/init_connection.py took 0.070 seconds
[2025-05-06T13:53:58.036+0000] {processor.py:186} INFO - Started process (PID=500) to work on /opt/airflow/dags/init_connection.py
[2025-05-06T13:53:58.041+0000] {processor.py:914} INFO - Processing file /opt/airflow/dags/init_connection.py for tasks to queue
[2025-05-06T13:53:58.044+0000] {logging_mixin.py:190} INFO - [2025-05-06T13:53:58.043+0000] {dagbag.py:588} INFO - Filling up the DagBag from /opt/airflow/dags/init_connection.py
[2025-05-06T13:53:58.050+0000] {processor.py:925} INFO - DAG(s) 'init_airflow_connections' retrieved from /opt/airflow/dags/init_connection.py
[2025-05-06T13:53:58.068+0000] {logging_mixin.py:190} INFO - [2025-05-06T13:53:58.068+0000] {dag.py:3239} INFO - Sync 1 DAGs
[2025-05-06T13:53:58.080+0000] {logging_mixin.py:190} INFO - [2025-05-06T13:53:58.080+0000] {dag.py:4180} INFO - Setting next_dagrun for init_airflow_connections to None, run_after=None
[2025-05-06T13:53:58.097+0000] {processor.py:208} INFO - Processing /opt/airflow/dags/init_connection.py took 0.066 seconds
[2025-05-06T13:54:12.365+0000] {processor.py:186} INFO - Started process (PID=549) to work on /opt/airflow/dags/init_connection.py
[2025-05-06T13:54:12.366+0000] {processor.py:914} INFO - Processing file /opt/airflow/dags/init_connection.py for tasks to queue
[2025-05-06T13:54:12.368+0000] {logging_mixin.py:190} INFO - [2025-05-06T13:54:12.368+0000] {dagbag.py:588} INFO - Filling up the DagBag from /opt/airflow/dags/init_connection.py
[2025-05-06T13:54:12.369+0000] {logging_mixin.py:190} INFO - [2025-05-06T13:54:12.369+0000] {dagbag.py:366} INFO - File /opt/airflow/dags/init_connection.py assumed to contain no DAGs. Skipping.
[2025-05-06T13:54:12.369+0000] {processor.py:927} WARNING - No viable dags retrieved from /opt/airflow/dags/init_connection.py
[2025-05-06T13:54:12.382+0000] {processor.py:208} INFO - Processing /opt/airflow/dags/init_connection.py took 0.022 seconds
[2025-05-06T13:54:42.469+0000] {processor.py:186} INFO - Started process (PID=600) to work on /opt/airflow/dags/init_connection.py
[2025-05-06T13:54:42.470+0000] {processor.py:914} INFO - Processing file /opt/airflow/dags/init_connection.py for tasks to queue
[2025-05-06T13:54:42.472+0000] {logging_mixin.py:190} INFO - [2025-05-06T13:54:42.472+0000] {dagbag.py:588} INFO - Filling up the DagBag from /opt/airflow/dags/init_connection.py
[2025-05-06T13:54:42.473+0000] {logging_mixin.py:190} INFO - [2025-05-06T13:54:42.473+0000] {dagbag.py:366} INFO - File /opt/airflow/dags/init_connection.py assumed to contain no DAGs. Skipping.
[2025-05-06T13:54:42.473+0000] {processor.py:927} WARNING - No viable dags retrieved from /opt/airflow/dags/init_connection.py
[2025-05-06T13:54:42.486+0000] {processor.py:208} INFO - Processing /opt/airflow/dags/init_connection.py took 0.022 seconds
[2025-05-06T13:55:13.220+0000] {processor.py:186} INFO - Started process (PID=663) to work on /opt/airflow/dags/init_connection.py
[2025-05-06T13:55:13.221+0000] {processor.py:914} INFO - Processing file /opt/airflow/dags/init_connection.py for tasks to queue
[2025-05-06T13:55:13.223+0000] {logging_mixin.py:190} INFO - [2025-05-06T13:55:13.223+0000] {dagbag.py:588} INFO - Filling up the DagBag from /opt/airflow/dags/init_connection.py
[2025-05-06T13:55:13.224+0000] {logging_mixin.py:190} INFO - [2025-05-06T13:55:13.224+0000] {dagbag.py:366} INFO - File /opt/airflow/dags/init_connection.py assumed to contain no DAGs. Skipping.
[2025-05-06T13:55:13.224+0000] {processor.py:927} WARNING - No viable dags retrieved from /opt/airflow/dags/init_connection.py
[2025-05-06T13:55:13.236+0000] {processor.py:208} INFO - Processing /opt/airflow/dags/init_connection.py took 0.022 seconds
[2025-05-06T13:55:44.171+0000] {processor.py:186} INFO - Started process (PID=726) to work on /opt/airflow/dags/init_connection.py
[2025-05-06T13:55:44.172+0000] {processor.py:914} INFO - Processing file /opt/airflow/dags/init_connection.py for tasks to queue
[2025-05-06T13:55:44.174+0000] {logging_mixin.py:190} INFO - [2025-05-06T13:55:44.174+0000] {dagbag.py:588} INFO - Filling up the DagBag from /opt/airflow/dags/init_connection.py
[2025-05-06T13:55:44.175+0000] {logging_mixin.py:190} INFO - [2025-05-06T13:55:44.175+0000] {dagbag.py:366} INFO - File /opt/airflow/dags/init_connection.py assumed to contain no DAGs. Skipping.
[2025-05-06T13:55:44.176+0000] {processor.py:927} WARNING - No viable dags retrieved from /opt/airflow/dags/init_connection.py
[2025-05-06T13:55:44.188+0000] {processor.py:208} INFO - Processing /opt/airflow/dags/init_connection.py took 0.023 seconds
