[2025-05-15T17:23:43.842+0000] {processor.py:186} INFO - Started process (PID=119) to work on /home/airflow/.local/lib/python3.12/site-packages/airflow/example_dags/example_xcomargs.py
[2025-05-15T17:23:43.844+0000] {processor.py:914} INFO - Processing file /home/airflow/.local/lib/python3.12/site-packages/airflow/example_dags/example_xcomargs.py for tasks to queue
[2025-05-15T17:23:43.858+0000] {logging_mixin.py:190} INFO - [2025-05-15T17:23:43.857+0000] {dagbag.py:588} INFO - Filling up the DagBag from /home/airflow/.local/lib/python3.12/site-packages/airflow/example_dags/example_xcomargs.py
[2025-05-15T17:23:43.885+0000] {processor.py:925} INFO - DAG(s) 'example_xcom_args_with_operators', 'example_xcom_args' retrieved from /home/airflow/.local/lib/python3.12/site-packages/airflow/example_dags/example_xcomargs.py
[2025-05-15T17:23:43.954+0000] {logging_mixin.py:190} INFO - [2025-05-15T17:23:43.953+0000] {dag.py:3239} INFO - Sync 2 DAGs
[2025-05-15T17:23:44.009+0000] {logging_mixin.py:190} INFO - [2025-05-15T17:23:44.008+0000] {dag.py:4180} INFO - Setting next_dagrun for example_xcom_args to None, run_after=None
[2025-05-15T17:23:44.019+0000] {logging_mixin.py:190} INFO - [2025-05-15T17:23:44.019+0000] {dag.py:4180} INFO - Setting next_dagrun for example_xcom_args_with_operators to None, run_after=None
[2025-05-15T17:23:44.064+0000] {processor.py:208} INFO - Processing /home/airflow/.local/lib/python3.12/site-packages/airflow/example_dags/example_xcomargs.py took 0.240 seconds
[2025-05-15T17:24:16.418+0000] {processor.py:186} INFO - Started process (PID=183) to work on /home/airflow/.local/lib/python3.12/site-packages/airflow/example_dags/example_xcomargs.py
[2025-05-15T17:24:16.421+0000] {processor.py:914} INFO - Processing file /home/airflow/.local/lib/python3.12/site-packages/airflow/example_dags/example_xcomargs.py for tasks to queue
[2025-05-15T17:24:16.433+0000] {logging_mixin.py:190} INFO - [2025-05-15T17:24:16.430+0000] {dagbag.py:588} INFO - Filling up the DagBag from /home/airflow/.local/lib/python3.12/site-packages/airflow/example_dags/example_xcomargs.py
[2025-05-15T17:24:16.479+0000] {processor.py:925} INFO - DAG(s) 'example_xcom_args_with_operators', 'example_xcom_args' retrieved from /home/airflow/.local/lib/python3.12/site-packages/airflow/example_dags/example_xcomargs.py
[2025-05-15T17:24:16.594+0000] {logging_mixin.py:190} INFO - [2025-05-15T17:24:16.593+0000] {dag.py:3239} INFO - Sync 2 DAGs
[2025-05-15T17:24:16.642+0000] {logging_mixin.py:190} INFO - [2025-05-15T17:24:16.642+0000] {dag.py:4180} INFO - Setting next_dagrun for example_xcom_args to None, run_after=None
[2025-05-15T17:24:16.653+0000] {logging_mixin.py:190} INFO - [2025-05-15T17:24:16.652+0000] {dag.py:4180} INFO - Setting next_dagrun for example_xcom_args_with_operators to None, run_after=None
[2025-05-15T17:24:16.752+0000] {processor.py:208} INFO - Processing /home/airflow/.local/lib/python3.12/site-packages/airflow/example_dags/example_xcomargs.py took 0.359 seconds
[2025-05-15T17:24:47.301+0000] {processor.py:186} INFO - Started process (PID=246) to work on /home/airflow/.local/lib/python3.12/site-packages/airflow/example_dags/example_xcomargs.py
[2025-05-15T17:24:47.308+0000] {processor.py:914} INFO - Processing file /home/airflow/.local/lib/python3.12/site-packages/airflow/example_dags/example_xcomargs.py for tasks to queue
[2025-05-15T17:24:47.319+0000] {logging_mixin.py:190} INFO - [2025-05-15T17:24:47.318+0000] {dagbag.py:588} INFO - Filling up the DagBag from /home/airflow/.local/lib/python3.12/site-packages/airflow/example_dags/example_xcomargs.py
[2025-05-15T17:24:47.378+0000] {processor.py:925} INFO - DAG(s) 'example_xcom_args_with_operators', 'example_xcom_args' retrieved from /home/airflow/.local/lib/python3.12/site-packages/airflow/example_dags/example_xcomargs.py
