[2025-05-15T17:23:40.067+0000] {processor.py:186} INFO - Started process (PID=112) to work on /home/airflow/.local/lib/python3.12/site-packages/airflow/example_dags/example_dataset_alias_with_no_taskflow.py
[2025-05-15T17:23:40.069+0000] {processor.py:914} INFO - Processing file /home/airflow/.local/lib/python3.12/site-packages/airflow/example_dags/example_dataset_alias_with_no_taskflow.py for tasks to queue
[2025-05-15T17:23:40.079+0000] {logging_mixin.py:190} INFO - [2025-05-15T17:23:40.075+0000] {dagbag.py:588} INFO - Filling up the DagBag from /home/airflow/.local/lib/python3.12/site-packages/airflow/example_dags/example_dataset_alias_with_no_taskflow.py
[2025-05-15T17:23:42.025+0000] {processor.py:925} INFO - DAG(s) 'dataset_alias_example_alias_producer_with_no_taskflow', 'dataset_s3_bucket_producer_with_no_taskflow', 'dataset_s3_bucket_consumer_with_no_taskflow', 'dataset_alias_example_alias_consumer_with_no_taskflow' retrieved from /home/airflow/.local/lib/python3.12/site-packages/airflow/example_dags/example_dataset_alias_with_no_taskflow.py
[2025-05-15T17:23:42.101+0000] {logging_mixin.py:190} INFO - [2025-05-15T17:23:42.100+0000] {dag.py:3239} INFO - Sync 4 DAGs
[2025-05-15T17:23:42.199+0000] {logging_mixin.py:190} INFO - [2025-05-15T17:23:42.198+0000] {dag.py:4180} INFO - Setting next_dagrun for dataset_alias_example_alias_consumer_with_no_taskflow to None, run_after=None
[2025-05-15T17:23:42.211+0000] {logging_mixin.py:190} INFO - [2025-05-15T17:23:42.210+0000] {dag.py:4180} INFO - Setting next_dagrun for dataset_alias_example_alias_producer_with_no_taskflow to None, run_after=None
[2025-05-15T17:23:42.219+0000] {logging_mixin.py:190} INFO - [2025-05-15T17:23:42.218+0000] {dag.py:4180} INFO - Setting next_dagrun for dataset_s3_bucket_consumer_with_no_taskflow to None, run_after=None
[2025-05-15T17:23:42.224+0000] {logging_mixin.py:190} INFO - [2025-05-15T17:23:42.223+0000] {dag.py:4180} INFO - Setting next_dagrun for dataset_s3_bucket_producer_with_no_taskflow to None, run_after=None
[2025-05-15T17:23:42.303+0000] {processor.py:208} INFO - Processing /home/airflow/.local/lib/python3.12/site-packages/airflow/example_dags/example_dataset_alias_with_no_taskflow.py took 2.252 seconds
[2025-05-15T17:24:13.092+0000] {processor.py:186} INFO - Started process (PID=176) to work on /home/airflow/.local/lib/python3.12/site-packages/airflow/example_dags/example_dataset_alias_with_no_taskflow.py
[2025-05-15T17:24:13.094+0000] {processor.py:914} INFO - Processing file /home/airflow/.local/lib/python3.12/site-packages/airflow/example_dags/example_dataset_alias_with_no_taskflow.py for tasks to queue
[2025-05-15T17:24:13.098+0000] {logging_mixin.py:190} INFO - [2025-05-15T17:24:13.097+0000] {dagbag.py:588} INFO - Filling up the DagBag from /home/airflow/.local/lib/python3.12/site-packages/airflow/example_dags/example_dataset_alias_with_no_taskflow.py
[2025-05-15T17:24:14.184+0000] {processor.py:925} INFO - DAG(s) 'dataset_alias_example_alias_consumer_with_no_taskflow', 'dataset_alias_example_alias_producer_with_no_taskflow', 'dataset_s3_bucket_producer_with_no_taskflow', 'dataset_s3_bucket_consumer_with_no_taskflow' retrieved from /home/airflow/.local/lib/python3.12/site-packages/airflow/example_dags/example_dataset_alias_with_no_taskflow.py
[2025-05-15T17:24:14.222+0000] {logging_mixin.py:190} INFO - [2025-05-15T17:24:14.221+0000] {dag.py:3239} INFO - Sync 4 DAGs
[2025-05-15T17:24:14.269+0000] {logging_mixin.py:190} INFO - [2025-05-15T17:24:14.268+0000] {dag.py:4180} INFO - Setting next_dagrun for dataset_alias_example_alias_consumer_with_no_taskflow to None, run_after=None
[2025-05-15T17:24:14.282+0000] {logging_mixin.py:190} INFO - [2025-05-15T17:24:14.281+0000] {dag.py:4180} INFO - Setting next_dagrun for dataset_alias_example_alias_producer_with_no_taskflow to None, run_after=None
[2025-05-15T17:24:14.292+0000] {logging_mixin.py:190} INFO - [2025-05-15T17:24:14.291+0000] {dag.py:4180} INFO - Setting next_dagrun for dataset_s3_bucket_consumer_with_no_taskflow to None, run_after=None
[2025-05-15T17:24:14.300+0000] {logging_mixin.py:190} INFO - [2025-05-15T17:24:14.299+0000] {dag.py:4180} INFO - Setting next_dagrun for dataset_s3_bucket_producer_with_no_taskflow to None, run_after=None
[2025-05-15T17:24:14.434+0000] {processor.py:208} INFO - Processing /home/airflow/.local/lib/python3.12/site-packages/airflow/example_dags/example_dataset_alias_with_no_taskflow.py took 1.350 seconds
[2025-05-15T17:24:44.898+0000] {processor.py:186} INFO - Started process (PID=240) to work on /home/airflow/.local/lib/python3.12/site-packages/airflow/example_dags/example_dataset_alias_with_no_taskflow.py
[2025-05-15T17:24:44.920+0000] {processor.py:914} INFO - Processing file /home/airflow/.local/lib/python3.12/site-packages/airflow/example_dags/example_dataset_alias_with_no_taskflow.py for tasks to queue
[2025-05-15T17:24:44.924+0000] {logging_mixin.py:190} INFO - [2025-05-15T17:24:44.923+0000] {dagbag.py:588} INFO - Filling up the DagBag from /home/airflow/.local/lib/python3.12/site-packages/airflow/example_dags/example_dataset_alias_with_no_taskflow.py
[2025-05-15T17:24:45.954+0000] {processor.py:925} INFO - DAG(s) 'dataset_s3_bucket_consumer_with_no_taskflow', 'dataset_alias_example_alias_producer_with_no_taskflow', 'dataset_s3_bucket_producer_with_no_taskflow', 'dataset_alias_example_alias_consumer_with_no_taskflow' retrieved from /home/airflow/.local/lib/python3.12/site-packages/airflow/example_dags/example_dataset_alias_with_no_taskflow.py
[2025-05-15T17:24:46.012+0000] {logging_mixin.py:190} INFO - [2025-05-15T17:24:46.011+0000] {dag.py:3239} INFO - Sync 4 DAGs
[2025-05-15T17:24:46.066+0000] {logging_mixin.py:190} INFO - [2025-05-15T17:24:46.065+0000] {dag.py:4180} INFO - Setting next_dagrun for dataset_alias_example_alias_consumer_with_no_taskflow to None, run_after=None
[2025-05-15T17:24:46.074+0000] {logging_mixin.py:190} INFO - [2025-05-15T17:24:46.073+0000] {dag.py:4180} INFO - Setting next_dagrun for dataset_alias_example_alias_producer_with_no_taskflow to None, run_after=None
[2025-05-15T17:24:46.079+0000] {logging_mixin.py:190} INFO - [2025-05-15T17:24:46.078+0000] {dag.py:4180} INFO - Setting next_dagrun for dataset_s3_bucket_consumer_with_no_taskflow to None, run_after=None
[2025-05-15T17:24:46.083+0000] {logging_mixin.py:190} INFO - [2025-05-15T17:24:46.083+0000] {dag.py:4180} INFO - Setting next_dagrun for dataset_s3_bucket_producer_with_no_taskflow to None, run_after=None
[2025-05-15T17:24:46.137+0000] {processor.py:208} INFO - Processing /home/airflow/.local/lib/python3.12/site-packages/airflow/example_dags/example_dataset_alias_with_no_taskflow.py took 1.250 seconds
