[2025-05-15T17:23:37.067+0000] {processor.py:186} INFO - Started process (PID=98) to work on /home/airflow/.local/lib/python3.12/site-packages/airflow/example_dags/example_skip_dag.py
[2025-05-15T17:23:37.070+0000] {processor.py:914} INFO - Processing file /home/airflow/.local/lib/python3.12/site-packages/airflow/example_dags/example_skip_dag.py for tasks to queue
[2025-05-15T17:23:37.081+0000] {logging_mixin.py:190} INFO - [2025-05-15T17:23:37.079+0000] {dagbag.py:588} INFO - Filling up the DagBag from /home/airflow/.local/lib/python3.12/site-packages/airflow/example_dags/example_skip_dag.py
[2025-05-15T17:23:37.135+0000] {processor.py:925} INFO - DAG(s) 'example_skip_dag' retrieved from /home/airflow/.local/lib/python3.12/site-packages/airflow/example_dags/example_skip_dag.py
[2025-05-15T17:23:37.382+0000] {logging_mixin.py:190} INFO - [2025-05-15T17:23:37.380+0000] {dag.py:3239} INFO - Sync 1 DAGs
[2025-05-15T17:23:37.594+0000] {logging_mixin.py:190} INFO - [2025-05-15T17:23:37.593+0000] {dag.py:4180} INFO - Setting next_dagrun for example_skip_dag to 2025-05-14 00:00:00+00:00, run_after=2025-05-15 00:00:00+00:00
[2025-05-15T17:23:37.712+0000] {processor.py:208} INFO - Processing /home/airflow/.local/lib/python3.12/site-packages/airflow/example_dags/example_skip_dag.py took 0.676 seconds
[2025-05-15T17:24:08.213+0000] {processor.py:186} INFO - Started process (PID=167) to work on /home/airflow/.local/lib/python3.12/site-packages/airflow/example_dags/example_skip_dag.py
[2025-05-15T17:24:08.213+0000] {processor.py:914} INFO - Processing file /home/airflow/.local/lib/python3.12/site-packages/airflow/example_dags/example_skip_dag.py for tasks to queue
[2025-05-15T17:24:08.216+0000] {logging_mixin.py:190} INFO - [2025-05-15T17:24:08.215+0000] {dagbag.py:588} INFO - Filling up the DagBag from /home/airflow/.local/lib/python3.12/site-packages/airflow/example_dags/example_skip_dag.py
[2025-05-15T17:24:08.227+0000] {processor.py:925} INFO - DAG(s) 'example_skip_dag' retrieved from /home/airflow/.local/lib/python3.12/site-packages/airflow/example_dags/example_skip_dag.py
[2025-05-15T17:24:08.254+0000] {logging_mixin.py:190} INFO - [2025-05-15T17:24:08.254+0000] {dag.py:3239} INFO - Sync 1 DAGs
[2025-05-15T17:24:08.281+0000] {logging_mixin.py:190} INFO - [2025-05-15T17:24:08.281+0000] {dag.py:4180} INFO - Setting next_dagrun for example_skip_dag to 2025-05-14 00:00:00+00:00, run_after=2025-05-15 00:00:00+00:00
[2025-05-15T17:24:08.308+0000] {processor.py:208} INFO - Processing /home/airflow/.local/lib/python3.12/site-packages/airflow/example_dags/example_skip_dag.py took 0.101 seconds
[2025-05-15T17:24:39.408+0000] {processor.py:186} INFO - Started process (PID=232) to work on /home/airflow/.local/lib/python3.12/site-packages/airflow/example_dags/example_skip_dag.py
[2025-05-15T17:24:39.447+0000] {processor.py:914} INFO - Processing file /home/airflow/.local/lib/python3.12/site-packages/airflow/example_dags/example_skip_dag.py for tasks to queue
[2025-05-15T17:24:39.461+0000] {logging_mixin.py:190} INFO - [2025-05-15T17:24:39.459+0000] {dagbag.py:588} INFO - Filling up the DagBag from /home/airflow/.local/lib/python3.12/site-packages/airflow/example_dags/example_skip_dag.py
[2025-05-15T17:24:39.506+0000] {processor.py:925} INFO - DAG(s) 'example_skip_dag' retrieved from /home/airflow/.local/lib/python3.12/site-packages/airflow/example_dags/example_skip_dag.py
[2025-05-15T17:24:39.651+0000] {logging_mixin.py:190} INFO - [2025-05-15T17:24:39.650+0000] {dag.py:3239} INFO - Sync 1 DAGs
[2025-05-15T17:24:39.851+0000] {logging_mixin.py:190} INFO - [2025-05-15T17:24:39.849+0000] {dag.py:4180} INFO - Setting next_dagrun for example_skip_dag to 2025-05-14 00:00:00+00:00, run_after=2025-05-15 00:00:00+00:00
[2025-05-15T17:24:39.962+0000] {processor.py:208} INFO - Processing /home/airflow/.local/lib/python3.12/site-packages/airflow/example_dags/example_skip_dag.py took 0.589 seconds
