[2025-05-15T17:23:36.099+0000] {processor.py:186} INFO - Started process (PID=95) to work on /home/airflow/.local/lib/python3.12/site-packages/airflow/example_dags/example_short_circuit_decorator.py
[2025-05-15T17:23:36.102+0000] {processor.py:914} INFO - Processing file /home/airflow/.local/lib/python3.12/site-packages/airflow/example_dags/example_short_circuit_decorator.py for tasks to queue
[2025-05-15T17:23:36.113+0000] {logging_mixin.py:190} INFO - [2025-05-15T17:23:36.112+0000] {dagbag.py:588} INFO - Filling up the DagBag from /home/airflow/.local/lib/python3.12/site-packages/airflow/example_dags/example_short_circuit_decorator.py
[2025-05-15T17:23:36.160+0000] {processor.py:925} INFO - DAG(s) 'example_short_circuit_decorator' retrieved from /home/airflow/.local/lib/python3.12/site-packages/airflow/example_dags/example_short_circuit_decorator.py
[2025-05-15T17:23:36.285+0000] {logging_mixin.py:190} INFO - [2025-05-15T17:23:36.284+0000] {dag.py:3239} INFO - Sync 1 DAGs
[2025-05-15T17:23:36.354+0000] {logging_mixin.py:190} INFO - [2025-05-15T17:23:36.353+0000] {dag.py:4180} INFO - Setting next_dagrun for example_short_circuit_decorator to None, run_after=None
[2025-05-15T17:23:36.454+0000] {processor.py:208} INFO - Processing /home/airflow/.local/lib/python3.12/site-packages/airflow/example_dags/example_short_circuit_decorator.py took 0.381 seconds
[2025-05-15T17:24:07.054+0000] {processor.py:186} INFO - Started process (PID=165) to work on /home/airflow/.local/lib/python3.12/site-packages/airflow/example_dags/example_short_circuit_decorator.py
[2025-05-15T17:24:07.056+0000] {processor.py:914} INFO - Processing file /home/airflow/.local/lib/python3.12/site-packages/airflow/example_dags/example_short_circuit_decorator.py for tasks to queue
[2025-05-15T17:24:07.060+0000] {logging_mixin.py:190} INFO - [2025-05-15T17:24:07.060+0000] {dagbag.py:588} INFO - Filling up the DagBag from /home/airflow/.local/lib/python3.12/site-packages/airflow/example_dags/example_short_circuit_decorator.py
[2025-05-15T17:24:07.079+0000] {processor.py:925} INFO - DAG(s) 'example_short_circuit_decorator' retrieved from /home/airflow/.local/lib/python3.12/site-packages/airflow/example_dags/example_short_circuit_decorator.py
[2025-05-15T17:24:07.117+0000] {logging_mixin.py:190} INFO - [2025-05-15T17:24:07.116+0000] {dag.py:3239} INFO - Sync 1 DAGs
[2025-05-15T17:24:07.137+0000] {logging_mixin.py:190} INFO - [2025-05-15T17:24:07.136+0000] {dag.py:4180} INFO - Setting next_dagrun for example_short_circuit_decorator to None, run_after=None
[2025-05-15T17:24:07.164+0000] {processor.py:208} INFO - Processing /home/airflow/.local/lib/python3.12/site-packages/airflow/example_dags/example_short_circuit_decorator.py took 0.122 seconds
[2025-05-15T17:24:38.215+0000] {processor.py:186} INFO - Started process (PID=229) to work on /home/airflow/.local/lib/python3.12/site-packages/airflow/example_dags/example_short_circuit_decorator.py
[2025-05-15T17:24:38.222+0000] {processor.py:914} INFO - Processing file /home/airflow/.local/lib/python3.12/site-packages/airflow/example_dags/example_short_circuit_decorator.py for tasks to queue
[2025-05-15T17:24:38.242+0000] {logging_mixin.py:190} INFO - [2025-05-15T17:24:38.240+0000] {dagbag.py:588} INFO - Filling up the DagBag from /home/airflow/.local/lib/python3.12/site-packages/airflow/example_dags/example_short_circuit_decorator.py
[2025-05-15T17:24:38.333+0000] {processor.py:925} INFO - DAG(s) 'example_short_circuit_decorator' retrieved from /home/airflow/.local/lib/python3.12/site-packages/airflow/example_dags/example_short_circuit_decorator.py
[2025-05-15T17:24:38.490+0000] {logging_mixin.py:190} INFO - [2025-05-15T17:24:38.489+0000] {dag.py:3239} INFO - Sync 1 DAGs
[2025-05-15T17:24:38.584+0000] {logging_mixin.py:190} INFO - [2025-05-15T17:24:38.583+0000] {dag.py:4180} INFO - Setting next_dagrun for example_short_circuit_decorator to None, run_after=None
[2025-05-15T17:24:38.740+0000] {processor.py:208} INFO - Processing /home/airflow/.local/lib/python3.12/site-packages/airflow/example_dags/example_short_circuit_decorator.py took 0.589 seconds
