[2025-05-15T17:23:42.711+0000] {processor.py:186} INFO - Started process (PID=115) to work on /home/airflow/.local/lib/python3.12/site-packages/airflow/example_dags/example_kubernetes_executor.py
[2025-05-15T17:23:42.713+0000] {processor.py:914} INFO - Processing file /home/airflow/.local/lib/python3.12/site-packages/airflow/example_dags/example_kubernetes_executor.py for tasks to queue
[2025-05-15T17:23:42.719+0000] {logging_mixin.py:190} INFO - [2025-05-15T17:23:42.719+0000] {dagbag.py:588} INFO - Filling up the DagBag from /home/airflow/.local/lib/python3.12/site-packages/airflow/example_dags/example_kubernetes_executor.py
[2025-05-15T17:23:42.769+0000] {processor.py:925} INFO - DAG(s) 'example_kubernetes_executor' retrieved from /home/airflow/.local/lib/python3.12/site-packages/airflow/example_dags/example_kubernetes_executor.py
[2025-05-15T17:23:42.881+0000] {logging_mixin.py:190} INFO - [2025-05-15T17:23:42.881+0000] {dag.py:3239} INFO - Sync 1 DAGs
[2025-05-15T17:23:42.917+0000] {logging_mixin.py:190} INFO - [2025-05-15T17:23:42.917+0000] {dag.py:4180} INFO - Setting next_dagrun for example_kubernetes_executor to None, run_after=None
[2025-05-15T17:23:42.959+0000] {processor.py:208} INFO - Processing /home/airflow/.local/lib/python3.12/site-packages/airflow/example_dags/example_kubernetes_executor.py took 0.266 seconds
[2025-05-15T17:24:14.592+0000] {processor.py:186} INFO - Started process (PID=178) to work on /home/airflow/.local/lib/python3.12/site-packages/airflow/example_dags/example_kubernetes_executor.py
[2025-05-15T17:24:14.595+0000] {processor.py:914} INFO - Processing file /home/airflow/.local/lib/python3.12/site-packages/airflow/example_dags/example_kubernetes_executor.py for tasks to queue
[2025-05-15T17:24:14.606+0000] {logging_mixin.py:190} INFO - [2025-05-15T17:24:14.605+0000] {dagbag.py:588} INFO - Filling up the DagBag from /home/airflow/.local/lib/python3.12/site-packages/airflow/example_dags/example_kubernetes_executor.py
[2025-05-15T17:24:14.690+0000] {processor.py:925} INFO - DAG(s) 'example_kubernetes_executor' retrieved from /home/airflow/.local/lib/python3.12/site-packages/airflow/example_dags/example_kubernetes_executor.py
[2025-05-15T17:24:14.889+0000] {logging_mixin.py:190} INFO - [2025-05-15T17:24:14.888+0000] {dag.py:3239} INFO - Sync 1 DAGs
[2025-05-15T17:24:14.959+0000] {logging_mixin.py:190} INFO - [2025-05-15T17:24:14.957+0000] {dag.py:4180} INFO - Setting next_dagrun for example_kubernetes_executor to None, run_after=None
[2025-05-15T17:24:15.049+0000] {processor.py:208} INFO - Processing /home/airflow/.local/lib/python3.12/site-packages/airflow/example_dags/example_kubernetes_executor.py took 0.485 seconds
[2025-05-15T17:24:46.493+0000] {processor.py:186} INFO - Started process (PID=242) to work on /home/airflow/.local/lib/python3.12/site-packages/airflow/example_dags/example_kubernetes_executor.py
[2025-05-15T17:24:46.495+0000] {processor.py:914} INFO - Processing file /home/airflow/.local/lib/python3.12/site-packages/airflow/example_dags/example_kubernetes_executor.py for tasks to queue
[2025-05-15T17:24:46.499+0000] {logging_mixin.py:190} INFO - [2025-05-15T17:24:46.499+0000] {dagbag.py:588} INFO - Filling up the DagBag from /home/airflow/.local/lib/python3.12/site-packages/airflow/example_dags/example_kubernetes_executor.py
[2025-05-15T17:24:46.530+0000] {processor.py:925} INFO - DAG(s) 'example_kubernetes_executor' retrieved from /home/airflow/.local/lib/python3.12/site-packages/airflow/example_dags/example_kubernetes_executor.py
[2025-05-15T17:24:46.600+0000] {logging_mixin.py:190} INFO - [2025-05-15T17:24:46.600+0000] {dag.py:3239} INFO - Sync 1 DAGs
[2025-05-15T17:24:46.629+0000] {logging_mixin.py:190} INFO - [2025-05-15T17:24:46.628+0000] {dag.py:4180} INFO - Setting next_dagrun for example_kubernetes_executor to None, run_after=None
[2025-05-15T17:24:46.665+0000] {processor.py:208} INFO - Processing /home/airflow/.local/lib/python3.12/site-packages/airflow/example_dags/example_kubernetes_executor.py took 0.184 seconds
