[2025-05-15T17:23:43.310+0000] {processor.py:186} INFO - Started process (PID=117) to work on /home/airflow/.local/lib/python3.12/site-packages/airflow/example_dags/example_sensors.py
[2025-05-15T17:23:43.312+0000] {processor.py:914} INFO - Processing file /home/airflow/.local/lib/python3.12/site-packages/airflow/example_dags/example_sensors.py for tasks to queue
[2025-05-15T17:23:43.317+0000] {logging_mixin.py:190} INFO - [2025-05-15T17:23:43.316+0000] {dagbag.py:588} INFO - Filling up the DagBag from /home/airflow/.local/lib/python3.12/site-packages/airflow/example_dags/example_sensors.py
[2025-05-15T17:23:43.346+0000] {processor.py:925} INFO - DAG(s) 'example_sensors' retrieved from /home/airflow/.local/lib/python3.12/site-packages/airflow/example_dags/example_sensors.py
[2025-05-15T17:23:43.400+0000] {logging_mixin.py:190} INFO - [2025-05-15T17:23:43.400+0000] {dag.py:3239} INFO - Sync 1 DAGs
[2025-05-15T17:23:43.436+0000] {logging_mixin.py:190} INFO - [2025-05-15T17:23:43.436+0000] {dag.py:4180} INFO - Setting next_dagrun for example_sensors to None, run_after=None
[2025-05-15T17:23:43.509+0000] {processor.py:208} INFO - Processing /home/airflow/.local/lib/python3.12/site-packages/airflow/example_dags/example_sensors.py took 0.214 seconds
[2025-05-15T17:24:15.642+0000] {processor.py:186} INFO - Started process (PID=181) to work on /home/airflow/.local/lib/python3.12/site-packages/airflow/example_dags/example_sensors.py
[2025-05-15T17:24:15.645+0000] {processor.py:914} INFO - Processing file /home/airflow/.local/lib/python3.12/site-packages/airflow/example_dags/example_sensors.py for tasks to queue
[2025-05-15T17:24:15.656+0000] {logging_mixin.py:190} INFO - [2025-05-15T17:24:15.654+0000] {dagbag.py:588} INFO - Filling up the DagBag from /home/airflow/.local/lib/python3.12/site-packages/airflow/example_dags/example_sensors.py
[2025-05-15T17:24:15.705+0000] {processor.py:925} INFO - DAG(s) 'example_sensors' retrieved from /home/airflow/.local/lib/python3.12/site-packages/airflow/example_dags/example_sensors.py
[2025-05-15T17:24:15.776+0000] {logging_mixin.py:190} INFO - [2025-05-15T17:24:15.776+0000] {dag.py:3239} INFO - Sync 1 DAGs
[2025-05-15T17:24:15.823+0000] {logging_mixin.py:190} INFO - [2025-05-15T17:24:15.822+0000] {dag.py:4180} INFO - Setting next_dagrun for example_sensors to None, run_after=None
[2025-05-15T17:24:15.895+0000] {processor.py:208} INFO - Processing /home/airflow/.local/lib/python3.12/site-packages/airflow/example_dags/example_sensors.py took 0.286 seconds
[2025-05-15T17:24:46.749+0000] {processor.py:186} INFO - Started process (PID=244) to work on /home/airflow/.local/lib/python3.12/site-packages/airflow/example_dags/example_sensors.py
[2025-05-15T17:24:46.752+0000] {processor.py:914} INFO - Processing file /home/airflow/.local/lib/python3.12/site-packages/airflow/example_dags/example_sensors.py for tasks to queue
[2025-05-15T17:24:46.759+0000] {logging_mixin.py:190} INFO - [2025-05-15T17:24:46.758+0000] {dagbag.py:588} INFO - Filling up the DagBag from /home/airflow/.local/lib/python3.12/site-packages/airflow/example_dags/example_sensors.py
[2025-05-15T17:24:46.798+0000] {processor.py:925} INFO - DAG(s) 'example_sensors' retrieved from /home/airflow/.local/lib/python3.12/site-packages/airflow/example_dags/example_sensors.py
[2025-05-15T17:24:46.898+0000] {logging_mixin.py:190} INFO - [2025-05-15T17:24:46.896+0000] {dag.py:3239} INFO - Sync 1 DAGs
[2025-05-15T17:24:46.999+0000] {logging_mixin.py:190} INFO - [2025-05-15T17:24:46.998+0000] {dag.py:4180} INFO - Setting next_dagrun for example_sensors to None, run_after=None
[2025-05-15T17:24:47.149+0000] {processor.py:208} INFO - Processing /home/airflow/.local/lib/python3.12/site-packages/airflow/example_dags/example_sensors.py took 0.420 seconds
