[2025-05-15T17:23:35.532+0000] {processor.py:186} INFO - Started process (PID=94) to work on /home/airflow/.local/lib/python3.12/site-packages/airflow/example_dags/example_branch_datetime_operator.py
[2025-05-15T17:23:35.536+0000] {processor.py:914} INFO - Processing file /home/airflow/.local/lib/python3.12/site-packages/airflow/example_dags/example_branch_datetime_operator.py for tasks to queue
[2025-05-15T17:23:35.542+0000] {logging_mixin.py:190} INFO - [2025-05-15T17:23:35.541+0000] {dagbag.py:588} INFO - Filling up the DagBag from /home/airflow/.local/lib/python3.12/site-packages/airflow/example_dags/example_branch_datetime_operator.py
[2025-05-15T17:23:35.579+0000] {processor.py:925} INFO - DAG(s) 'example_branch_datetime_operator_2', 'example_branch_datetime_operator_3', 'example_branch_datetime_operator' retrieved from /home/airflow/.local/lib/python3.12/site-packages/airflow/example_dags/example_branch_datetime_operator.py
[2025-05-15T17:23:35.704+0000] {logging_mixin.py:190} INFO - [2025-05-15T17:23:35.703+0000] {dag.py:3239} INFO - Sync 3 DAGs
[2025-05-15T17:23:35.861+0000] {logging_mixin.py:190} INFO - [2025-05-15T17:23:35.859+0000] {dag.py:4180} INFO - Setting next_dagrun for example_branch_datetime_operator to 2025-05-14 00:00:00+00:00, run_after=2025-05-15 00:00:00+00:00
[2025-05-15T17:23:35.890+0000] {logging_mixin.py:190} INFO - [2025-05-15T17:23:35.889+0000] {dag.py:4180} INFO - Setting next_dagrun for example_branch_datetime_operator_2 to 2025-05-14 00:00:00+00:00, run_after=2025-05-15 00:00:00+00:00
[2025-05-15T17:23:35.909+0000] {logging_mixin.py:190} INFO - [2025-05-15T17:23:35.908+0000] {dag.py:4180} INFO - Setting next_dagrun for example_branch_datetime_operator_3 to 2025-05-14 00:00:00+00:00, run_after=2025-05-15 00:00:00+00:00
[2025-05-15T17:23:35.993+0000] {processor.py:208} INFO - Processing /home/airflow/.local/lib/python3.12/site-packages/airflow/example_dags/example_branch_datetime_operator.py took 0.474 seconds
[2025-05-15T17:24:06.895+0000] {processor.py:186} INFO - Started process (PID=164) to work on /home/airflow/.local/lib/python3.12/site-packages/airflow/example_dags/example_branch_datetime_operator.py
[2025-05-15T17:24:06.897+0000] {processor.py:914} INFO - Processing file /home/airflow/.local/lib/python3.12/site-packages/airflow/example_dags/example_branch_datetime_operator.py for tasks to queue
[2025-05-15T17:24:06.902+0000] {logging_mixin.py:190} INFO - [2025-05-15T17:24:06.901+0000] {dagbag.py:588} INFO - Filling up the DagBag from /home/airflow/.local/lib/python3.12/site-packages/airflow/example_dags/example_branch_datetime_operator.py
[2025-05-15T17:24:06.923+0000] {processor.py:925} INFO - DAG(s) 'example_branch_datetime_operator_2', 'example_branch_datetime_operator_3', 'example_branch_datetime_operator' retrieved from /home/airflow/.local/lib/python3.12/site-packages/airflow/example_dags/example_branch_datetime_operator.py
[2025-05-15T17:24:06.978+0000] {logging_mixin.py:190} INFO - [2025-05-15T17:24:06.977+0000] {dag.py:3239} INFO - Sync 3 DAGs
[2025-05-15T17:24:07.022+0000] {logging_mixin.py:190} INFO - [2025-05-15T17:24:07.021+0000] {dag.py:4180} INFO - Setting next_dagrun for example_branch_datetime_operator to 2025-05-14 00:00:00+00:00, run_after=2025-05-15 00:00:00+00:00
[2025-05-15T17:24:07.030+0000] {logging_mixin.py:190} INFO - [2025-05-15T17:24:07.029+0000] {dag.py:4180} INFO - Setting next_dagrun for example_branch_datetime_operator_2 to 2025-05-14 00:00:00+00:00, run_after=2025-05-15 00:00:00+00:00
[2025-05-15T17:24:07.035+0000] {logging_mixin.py:190} INFO - [2025-05-15T17:24:07.035+0000] {dag.py:4180} INFO - Setting next_dagrun for example_branch_datetime_operator_3 to 2025-05-14 00:00:00+00:00, run_after=2025-05-15 00:00:00+00:00
[2025-05-15T17:24:07.066+0000] {processor.py:208} INFO - Processing /home/airflow/.local/lib/python3.12/site-packages/airflow/example_dags/example_branch_datetime_operator.py took 0.181 seconds
[2025-05-15T17:24:38.151+0000] {processor.py:186} INFO - Started process (PID=228) to work on /home/airflow/.local/lib/python3.12/site-packages/airflow/example_dags/example_branch_datetime_operator.py
[2025-05-15T17:24:38.163+0000] {processor.py:914} INFO - Processing file /home/airflow/.local/lib/python3.12/site-packages/airflow/example_dags/example_branch_datetime_operator.py for tasks to queue
[2025-05-15T17:24:38.179+0000] {logging_mixin.py:190} INFO - [2025-05-15T17:24:38.176+0000] {dagbag.py:588} INFO - Filling up the DagBag from /home/airflow/.local/lib/python3.12/site-packages/airflow/example_dags/example_branch_datetime_operator.py
[2025-05-15T17:24:38.280+0000] {processor.py:925} INFO - DAG(s) 'example_branch_datetime_operator_3', 'example_branch_datetime_operator', 'example_branch_datetime_operator_2' retrieved from /home/airflow/.local/lib/python3.12/site-packages/airflow/example_dags/example_branch_datetime_operator.py
[2025-05-15T17:24:38.490+0000] {logging_mixin.py:190} INFO - [2025-05-15T17:24:38.489+0000] {dag.py:3239} INFO - Sync 3 DAGs
[2025-05-15T17:24:38.679+0000] {logging_mixin.py:190} INFO - [2025-05-15T17:24:38.678+0000] {dag.py:4180} INFO - Setting next_dagrun for example_branch_datetime_operator to 2025-05-14 00:00:00+00:00, run_after=2025-05-15 00:00:00+00:00
[2025-05-15T17:24:38.706+0000] {logging_mixin.py:190} INFO - [2025-05-15T17:24:38.705+0000] {dag.py:4180} INFO - Setting next_dagrun for example_branch_datetime_operator_2 to 2025-05-14 00:00:00+00:00, run_after=2025-05-15 00:00:00+00:00
[2025-05-15T17:24:38.721+0000] {logging_mixin.py:190} INFO - [2025-05-15T17:24:38.719+0000] {dag.py:4180} INFO - Setting next_dagrun for example_branch_datetime_operator_3 to 2025-05-14 00:00:00+00:00, run_after=2025-05-15 00:00:00+00:00
[2025-05-15T17:24:38.816+0000] {processor.py:208} INFO - Processing /home/airflow/.local/lib/python3.12/site-packages/airflow/example_dags/example_branch_datetime_operator.py took 0.735 seconds
