[2025-05-15T17:23:39.592+0000] {processor.py:186} INFO - Started process (PID=110) to work on /home/airflow/.local/lib/python3.12/site-packages/airflow/example_dags/example_inlet_event_extra.py
[2025-05-15T17:23:39.593+0000] {processor.py:914} INFO - Processing file /home/airflow/.local/lib/python3.12/site-packages/airflow/example_dags/example_inlet_event_extra.py for tasks to queue
[2025-05-15T17:23:39.600+0000] {logging_mixin.py:190} INFO - [2025-05-15T17:23:39.599+0000] {dagbag.py:588} INFO - Filling up the DagBag from /home/airflow/.local/lib/python3.12/site-packages/airflow/example_dags/example_inlet_event_extra.py
[2025-05-15T17:23:41.978+0000] {processor.py:925} INFO - DAG(s) 'read_dataset_event_from_classic', 'read_dataset_event' retrieved from /home/airflow/.local/lib/python3.12/site-packages/airflow/example_dags/example_inlet_event_extra.py
[2025-05-15T17:23:42.050+0000] {logging_mixin.py:190} INFO - [2025-05-15T17:23:42.047+0000] {dag.py:3239} INFO - Sync 2 DAGs
[2025-05-15T17:23:42.148+0000] {logging_mixin.py:190} INFO - [2025-05-15T17:23:42.147+0000] {dag.py:4180} INFO - Setting next_dagrun for read_dataset_event to 2025-05-14 00:00:00+00:00, run_after=2025-05-15 00:00:00+00:00
[2025-05-15T17:23:42.173+0000] {logging_mixin.py:190} INFO - [2025-05-15T17:23:42.173+0000] {dag.py:4180} INFO - Setting next_dagrun for read_dataset_event_from_classic to 2025-05-14 00:00:00+00:00, run_after=2025-05-15 00:00:00+00:00
[2025-05-15T17:23:42.242+0000] {processor.py:208} INFO - Processing /home/airflow/.local/lib/python3.12/site-packages/airflow/example_dags/example_inlet_event_extra.py took 2.665 seconds
[2025-05-15T17:24:13.088+0000] {processor.py:186} INFO - Started process (PID=175) to work on /home/airflow/.local/lib/python3.12/site-packages/airflow/example_dags/example_inlet_event_extra.py
[2025-05-15T17:24:13.089+0000] {processor.py:914} INFO - Processing file /home/airflow/.local/lib/python3.12/site-packages/airflow/example_dags/example_inlet_event_extra.py for tasks to queue
[2025-05-15T17:24:13.094+0000] {logging_mixin.py:190} INFO - [2025-05-15T17:24:13.094+0000] {dagbag.py:588} INFO - Filling up the DagBag from /home/airflow/.local/lib/python3.12/site-packages/airflow/example_dags/example_inlet_event_extra.py
[2025-05-15T17:24:14.182+0000] {processor.py:925} INFO - DAG(s) 'read_dataset_event_from_classic', 'read_dataset_event' retrieved from /home/airflow/.local/lib/python3.12/site-packages/airflow/example_dags/example_inlet_event_extra.py
[2025-05-15T17:24:14.215+0000] {logging_mixin.py:190} INFO - [2025-05-15T17:24:14.214+0000] {dag.py:3239} INFO - Sync 2 DAGs
[2025-05-15T17:24:14.262+0000] {logging_mixin.py:190} INFO - [2025-05-15T17:24:14.262+0000] {dag.py:4180} INFO - Setting next_dagrun for read_dataset_event to 2025-05-14 00:00:00+00:00, run_after=2025-05-15 00:00:00+00:00
[2025-05-15T17:24:14.281+0000] {logging_mixin.py:190} INFO - [2025-05-15T17:24:14.280+0000] {dag.py:4180} INFO - Setting next_dagrun for read_dataset_event_from_classic to 2025-05-14 00:00:00+00:00, run_after=2025-05-15 00:00:00+00:00
[2025-05-15T17:24:14.374+0000] {processor.py:208} INFO - Processing /home/airflow/.local/lib/python3.12/site-packages/airflow/example_dags/example_inlet_event_extra.py took 1.299 seconds
[2025-05-15T17:24:44.884+0000] {processor.py:186} INFO - Started process (PID=239) to work on /home/airflow/.local/lib/python3.12/site-packages/airflow/example_dags/example_inlet_event_extra.py
[2025-05-15T17:24:44.920+0000] {processor.py:914} INFO - Processing file /home/airflow/.local/lib/python3.12/site-packages/airflow/example_dags/example_inlet_event_extra.py for tasks to queue
[2025-05-15T17:24:44.924+0000] {logging_mixin.py:190} INFO - [2025-05-15T17:24:44.924+0000] {dagbag.py:588} INFO - Filling up the DagBag from /home/airflow/.local/lib/python3.12/site-packages/airflow/example_dags/example_inlet_event_extra.py
[2025-05-15T17:24:45.970+0000] {processor.py:925} INFO - DAG(s) 'read_dataset_event', 'read_dataset_event_from_classic' retrieved from /home/airflow/.local/lib/python3.12/site-packages/airflow/example_dags/example_inlet_event_extra.py
[2025-05-15T17:24:46.020+0000] {logging_mixin.py:190} INFO - [2025-05-15T17:24:46.020+0000] {dag.py:3239} INFO - Sync 2 DAGs
[2025-05-15T17:24:46.089+0000] {logging_mixin.py:190} INFO - [2025-05-15T17:24:46.089+0000] {dag.py:4180} INFO - Setting next_dagrun for read_dataset_event to 2025-05-14 00:00:00+00:00, run_after=2025-05-15 00:00:00+00:00
[2025-05-15T17:24:46.103+0000] {logging_mixin.py:190} INFO - [2025-05-15T17:24:46.103+0000] {dag.py:4180} INFO - Setting next_dagrun for read_dataset_event_from_classic to 2025-05-14 00:00:00+00:00, run_after=2025-05-15 00:00:00+00:00
[2025-05-15T17:24:46.142+0000] {processor.py:208} INFO - Processing /home/airflow/.local/lib/python3.12/site-packages/airflow/example_dags/example_inlet_event_extra.py took 1.270 seconds
