[2025-05-15T17:23:43.022+0000] {processor.py:186} INFO - Started process (PID=116) to work on /home/airflow/.local/lib/python3.12/site-packages/airflow/example_dags/example_short_circuit_operator.py
[2025-05-15T17:23:43.025+0000] {processor.py:914} INFO - Processing file /home/airflow/.local/lib/python3.12/site-packages/airflow/example_dags/example_short_circuit_operator.py for tasks to queue
[2025-05-15T17:23:43.033+0000] {logging_mixin.py:190} INFO - [2025-05-15T17:23:43.032+0000] {dagbag.py:588} INFO - Filling up the DagBag from /home/airflow/.local/lib/python3.12/site-packages/airflow/example_dags/example_short_circuit_operator.py
[2025-05-15T17:23:43.063+0000] {processor.py:925} INFO - DAG(s) 'example_short_circuit_operator' retrieved from /home/airflow/.local/lib/python3.12/site-packages/airflow/example_dags/example_short_circuit_operator.py
[2025-05-15T17:23:43.130+0000] {logging_mixin.py:190} INFO - [2025-05-15T17:23:43.129+0000] {dag.py:3239} INFO - Sync 1 DAGs
[2025-05-15T17:23:43.165+0000] {logging_mixin.py:190} INFO - [2025-05-15T17:23:43.164+0000] {dag.py:4180} INFO - Setting next_dagrun for example_short_circuit_operator to None, run_after=None
[2025-05-15T17:23:43.245+0000] {processor.py:208} INFO - Processing /home/airflow/.local/lib/python3.12/site-packages/airflow/example_dags/example_short_circuit_operator.py took 0.242 seconds
[2025-05-15T17:24:15.183+0000] {processor.py:186} INFO - Started process (PID=180) to work on /home/airflow/.local/lib/python3.12/site-packages/airflow/example_dags/example_short_circuit_operator.py
[2025-05-15T17:24:15.187+0000] {processor.py:914} INFO - Processing file /home/airflow/.local/lib/python3.12/site-packages/airflow/example_dags/example_short_circuit_operator.py for tasks to queue
[2025-05-15T17:24:15.197+0000] {logging_mixin.py:190} INFO - [2025-05-15T17:24:15.195+0000] {dagbag.py:588} INFO - Filling up the DagBag from /home/airflow/.local/lib/python3.12/site-packages/airflow/example_dags/example_short_circuit_operator.py
[2025-05-15T17:24:15.239+0000] {processor.py:925} INFO - DAG(s) 'example_short_circuit_operator' retrieved from /home/airflow/.local/lib/python3.12/site-packages/airflow/example_dags/example_short_circuit_operator.py
[2025-05-15T17:24:15.364+0000] {logging_mixin.py:190} INFO - [2025-05-15T17:24:15.363+0000] {dag.py:3239} INFO - Sync 1 DAGs
[2025-05-15T17:24:15.415+0000] {logging_mixin.py:190} INFO - [2025-05-15T17:24:15.414+0000] {dag.py:4180} INFO - Setting next_dagrun for example_short_circuit_operator to None, run_after=None
[2025-05-15T17:24:15.535+0000] {processor.py:208} INFO - Processing /home/airflow/.local/lib/python3.12/site-packages/airflow/example_dags/example_short_circuit_operator.py took 0.378 seconds
[2025-05-15T17:24:46.731+0000] {processor.py:186} INFO - Started process (PID=243) to work on /home/airflow/.local/lib/python3.12/site-packages/airflow/example_dags/example_short_circuit_operator.py
[2025-05-15T17:24:46.734+0000] {processor.py:914} INFO - Processing file /home/airflow/.local/lib/python3.12/site-packages/airflow/example_dags/example_short_circuit_operator.py for tasks to queue
[2025-05-15T17:24:46.746+0000] {logging_mixin.py:190} INFO - [2025-05-15T17:24:46.745+0000] {dagbag.py:588} INFO - Filling up the DagBag from /home/airflow/.local/lib/python3.12/site-packages/airflow/example_dags/example_short_circuit_operator.py
[2025-05-15T17:24:46.771+0000] {processor.py:925} INFO - DAG(s) 'example_short_circuit_operator' retrieved from /home/airflow/.local/lib/python3.12/site-packages/airflow/example_dags/example_short_circuit_operator.py
[2025-05-15T17:24:46.864+0000] {logging_mixin.py:190} INFO - [2025-05-15T17:24:46.858+0000] {dag.py:3239} INFO - Sync 1 DAGs
[2025-05-15T17:24:46.917+0000] {logging_mixin.py:190} INFO - [2025-05-15T17:24:46.915+0000] {dag.py:4180} INFO - Setting next_dagrun for example_short_circuit_operator to None, run_after=None
[2025-05-15T17:24:47.056+0000] {processor.py:208} INFO - Processing /home/airflow/.local/lib/python3.12/site-packages/airflow/example_dags/example_short_circuit_operator.py took 0.343 seconds
