[2025-05-15T17:23:36.555+0000] {processor.py:186} INFO - Started process (PID=96) to work on /home/airflow/.local/lib/python3.12/site-packages/airflow/example_dags/example_dynamic_task_mapping.py
[2025-05-15T17:23:36.559+0000] {processor.py:914} INFO - Processing file /home/airflow/.local/lib/python3.12/site-packages/airflow/example_dags/example_dynamic_task_mapping.py for tasks to queue
[2025-05-15T17:23:36.570+0000] {logging_mixin.py:190} INFO - [2025-05-15T17:23:36.569+0000] {dagbag.py:588} INFO - Filling up the DagBag from /home/airflow/.local/lib/python3.12/site-packages/airflow/example_dags/example_dynamic_task_mapping.py
[2025-05-15T17:23:36.612+0000] {processor.py:925} INFO - DAG(s) 'example_dynamic_task_mapping' retrieved from /home/airflow/.local/lib/python3.12/site-packages/airflow/example_dags/example_dynamic_task_mapping.py
[2025-05-15T17:23:36.767+0000] {logging_mixin.py:190} INFO - [2025-05-15T17:23:36.765+0000] {dag.py:3239} INFO - Sync 1 DAGs
[2025-05-15T17:23:36.865+0000] {logging_mixin.py:190} INFO - [2025-05-15T17:23:36.864+0000] {dag.py:4180} INFO - Setting next_dagrun for example_dynamic_task_mapping to None, run_after=None
[2025-05-15T17:23:36.951+0000] {processor.py:208} INFO - Processing /home/airflow/.local/lib/python3.12/site-packages/airflow/example_dags/example_dynamic_task_mapping.py took 0.425 seconds
[2025-05-15T17:24:07.110+0000] {processor.py:186} INFO - Started process (PID=166) to work on /home/airflow/.local/lib/python3.12/site-packages/airflow/example_dags/example_dynamic_task_mapping.py
[2025-05-15T17:24:07.111+0000] {processor.py:914} INFO - Processing file /home/airflow/.local/lib/python3.12/site-packages/airflow/example_dags/example_dynamic_task_mapping.py for tasks to queue
[2025-05-15T17:24:07.114+0000] {logging_mixin.py:190} INFO - [2025-05-15T17:24:07.114+0000] {dagbag.py:588} INFO - Filling up the DagBag from /home/airflow/.local/lib/python3.12/site-packages/airflow/example_dags/example_dynamic_task_mapping.py
[2025-05-15T17:24:07.126+0000] {processor.py:925} INFO - DAG(s) 'example_dynamic_task_mapping' retrieved from /home/airflow/.local/lib/python3.12/site-packages/airflow/example_dags/example_dynamic_task_mapping.py
[2025-05-15T17:24:07.153+0000] {logging_mixin.py:190} INFO - [2025-05-15T17:24:07.152+0000] {dag.py:3239} INFO - Sync 1 DAGs
[2025-05-15T17:24:07.176+0000] {logging_mixin.py:190} INFO - [2025-05-15T17:24:07.176+0000] {dag.py:4180} INFO - Setting next_dagrun for example_dynamic_task_mapping to None, run_after=None
[2025-05-15T17:24:07.202+0000] {processor.py:208} INFO - Processing /home/airflow/.local/lib/python3.12/site-packages/airflow/example_dags/example_dynamic_task_mapping.py took 0.101 seconds
[2025-05-15T17:24:38.868+0000] {processor.py:186} INFO - Started process (PID=230) to work on /home/airflow/.local/lib/python3.12/site-packages/airflow/example_dags/example_dynamic_task_mapping.py
[2025-05-15T17:24:38.873+0000] {processor.py:914} INFO - Processing file /home/airflow/.local/lib/python3.12/site-packages/airflow/example_dags/example_dynamic_task_mapping.py for tasks to queue
[2025-05-15T17:24:38.884+0000] {logging_mixin.py:190} INFO - [2025-05-15T17:24:38.883+0000] {dagbag.py:588} INFO - Filling up the DagBag from /home/airflow/.local/lib/python3.12/site-packages/airflow/example_dags/example_dynamic_task_mapping.py
[2025-05-15T17:24:38.934+0000] {processor.py:925} INFO - DAG(s) 'example_dynamic_task_mapping' retrieved from /home/airflow/.local/lib/python3.12/site-packages/airflow/example_dags/example_dynamic_task_mapping.py
[2025-05-15T17:24:39.051+0000] {logging_mixin.py:190} INFO - [2025-05-15T17:24:39.050+0000] {dag.py:3239} INFO - Sync 1 DAGs
[2025-05-15T17:24:39.148+0000] {logging_mixin.py:190} INFO - [2025-05-15T17:24:39.147+0000] {dag.py:4180} INFO - Setting next_dagrun for example_dynamic_task_mapping to None, run_after=None
[2025-05-15T17:24:39.259+0000] {processor.py:208} INFO - Processing /home/airflow/.local/lib/python3.12/site-packages/airflow/example_dags/example_dynamic_task_mapping.py took 0.427 seconds
