[2025-05-15T17:23:42.330+0000] {processor.py:186} INFO - Started process (PID=113) to work on /home/airflow/.local/lib/python3.12/site-packages/airflow/example_dags/example_branch_python_dop_operator_3.py
[2025-05-15T17:23:42.332+0000] {processor.py:914} INFO - Processing file /home/airflow/.local/lib/python3.12/site-packages/airflow/example_dags/example_branch_python_dop_operator_3.py for tasks to queue
[2025-05-15T17:23:42.340+0000] {logging_mixin.py:190} INFO - [2025-05-15T17:23:42.339+0000] {dagbag.py:588} INFO - Filling up the DagBag from /home/airflow/.local/lib/python3.12/site-packages/airflow/example_dags/example_branch_python_dop_operator_3.py
[2025-05-15T17:23:42.374+0000] {processor.py:925} INFO - DAG(s) 'example_branch_dop_operator_v3' retrieved from /home/airflow/.local/lib/python3.12/site-packages/airflow/example_dags/example_branch_python_dop_operator_3.py
[2025-05-15T17:23:42.450+0000] {logging_mixin.py:190} INFO - [2025-05-15T17:23:42.449+0000] {dag.py:3239} INFO - Sync 1 DAGs
[2025-05-15T17:23:42.544+0000] {logging_mixin.py:190} INFO - [2025-05-15T17:23:42.542+0000] {dag.py:4180} INFO - Setting next_dagrun for example_branch_dop_operator_v3 to 2025-05-15 17:22:00+00:00, run_after=2025-05-15 17:23:00+00:00
[2025-05-15T17:23:42.618+0000] {processor.py:208} INFO - Processing /home/airflow/.local/lib/python3.12/site-packages/airflow/example_dags/example_branch_python_dop_operator_3.py took 0.307 seconds
[2025-05-15T17:24:14.518+0000] {processor.py:186} INFO - Started process (PID=177) to work on /home/airflow/.local/lib/python3.12/site-packages/airflow/example_dags/example_branch_python_dop_operator_3.py
[2025-05-15T17:24:14.524+0000] {processor.py:914} INFO - Processing file /home/airflow/.local/lib/python3.12/site-packages/airflow/example_dags/example_branch_python_dop_operator_3.py for tasks to queue
[2025-05-15T17:24:14.542+0000] {logging_mixin.py:190} INFO - [2025-05-15T17:24:14.540+0000] {dagbag.py:588} INFO - Filling up the DagBag from /home/airflow/.local/lib/python3.12/site-packages/airflow/example_dags/example_branch_python_dop_operator_3.py
[2025-05-15T17:24:14.592+0000] {processor.py:925} INFO - DAG(s) 'example_branch_dop_operator_v3' retrieved from /home/airflow/.local/lib/python3.12/site-packages/airflow/example_dags/example_branch_python_dop_operator_3.py
[2025-05-15T17:24:14.689+0000] {logging_mixin.py:190} INFO - [2025-05-15T17:24:14.687+0000] {dag.py:3239} INFO - Sync 1 DAGs
[2025-05-15T17:24:14.855+0000] {logging_mixin.py:190} INFO - [2025-05-15T17:24:14.854+0000] {dag.py:4180} INFO - Setting next_dagrun for example_branch_dop_operator_v3 to 2025-05-15 17:23:00+00:00, run_after=2025-05-15 17:24:00+00:00
[2025-05-15T17:24:14.965+0000] {processor.py:208} INFO - Processing /home/airflow/.local/lib/python3.12/site-packages/airflow/example_dags/example_branch_python_dop_operator_3.py took 0.482 seconds
[2025-05-15T17:24:46.196+0000] {processor.py:186} INFO - Started process (PID=241) to work on /home/airflow/.local/lib/python3.12/site-packages/airflow/example_dags/example_branch_python_dop_operator_3.py
[2025-05-15T17:24:46.199+0000] {processor.py:914} INFO - Processing file /home/airflow/.local/lib/python3.12/site-packages/airflow/example_dags/example_branch_python_dop_operator_3.py for tasks to queue
[2025-05-15T17:24:46.206+0000] {logging_mixin.py:190} INFO - [2025-05-15T17:24:46.205+0000] {dagbag.py:588} INFO - Filling up the DagBag from /home/airflow/.local/lib/python3.12/site-packages/airflow/example_dags/example_branch_python_dop_operator_3.py
[2025-05-15T17:24:46.247+0000] {processor.py:925} INFO - DAG(s) 'example_branch_dop_operator_v3' retrieved from /home/airflow/.local/lib/python3.12/site-packages/airflow/example_dags/example_branch_python_dop_operator_3.py
[2025-05-15T17:24:46.295+0000] {logging_mixin.py:190} INFO - [2025-05-15T17:24:46.294+0000] {dag.py:3239} INFO - Sync 1 DAGs
[2025-05-15T17:24:46.367+0000] {logging_mixin.py:190} INFO - [2025-05-15T17:24:46.367+0000] {dag.py:4180} INFO - Setting next_dagrun for example_branch_dop_operator_v3 to 2025-05-15 17:23:00+00:00, run_after=2025-05-15 17:24:00+00:00
[2025-05-15T17:24:46.444+0000] {processor.py:208} INFO - Processing /home/airflow/.local/lib/python3.12/site-packages/airflow/example_dags/example_branch_python_dop_operator_3.py took 0.260 seconds
