[2025-05-15T17:23:49.087+0000] {processor.py:186} INFO - Started process (PID=143) to work on /home/airflow/.local/lib/python3.12/site-packages/airflow/example_dags/example_datasets.py
[2025-05-15T17:23:49.089+0000] {processor.py:914} INFO - Processing file /home/airflow/.local/lib/python3.12/site-packages/airflow/example_dags/example_datasets.py for tasks to queue
[2025-05-15T17:23:49.093+0000] {logging_mixin.py:190} INFO - [2025-05-15T17:23:49.093+0000] {dagbag.py:588} INFO - Filling up the DagBag from /home/airflow/.local/lib/python3.12/site-packages/airflow/example_dags/example_datasets.py
[2025-05-15T17:23:51.272+0000] {processor.py:925} INFO - DAG(s) 'consume_1_and_2_with_dataset_expressions', 'consume_1_or_both_2_and_3_with_dataset_expressions', 'consume_1_or_2_with_dataset_expressions', 'dataset_consumes_1_never_scheduled', 'conditional_dataset_and_time_based_timetable', 'dataset_consumes_1', 'dataset_consumes_1_and_2', 'dataset_consumes_unknown_never_scheduled', 'dataset_produces_1', 'dataset_produces_2' retrieved from /home/airflow/.local/lib/python3.12/site-packages/airflow/example_dags/example_datasets.py
[2025-05-15T17:23:51.575+0000] {logging_mixin.py:190} INFO - [2025-05-15T17:23:51.572+0000] {dag.py:3239} INFO - Sync 10 DAGs
[2025-05-15T17:23:51.753+0000] {logging_mixin.py:190} INFO - [2025-05-15T17:23:51.752+0000] {dag.py:4180} INFO - Setting next_dagrun for conditional_dataset_and_time_based_timetable to 2025-05-14 01:00:00+00:00, run_after=2025-05-14 01:00:00+00:00
[2025-05-15T17:23:51.788+0000] {logging_mixin.py:190} INFO - [2025-05-15T17:23:51.786+0000] {dag.py:4180} INFO - Setting next_dagrun for consume_1_and_2_with_dataset_expressions to None, run_after=None
[2025-05-15T17:23:51.797+0000] {logging_mixin.py:190} INFO - [2025-05-15T17:23:51.796+0000] {dag.py:4180} INFO - Setting next_dagrun for consume_1_or_2_with_dataset_expressions to None, run_after=None
[2025-05-15T17:23:51.806+0000] {logging_mixin.py:190} INFO - [2025-05-15T17:23:51.805+0000] {dag.py:4180} INFO - Setting next_dagrun for consume_1_or_both_2_and_3_with_dataset_expressions to None, run_after=None
[2025-05-15T17:23:51.816+0000] {logging_mixin.py:190} INFO - [2025-05-15T17:23:51.815+0000] {dag.py:4180} INFO - Setting next_dagrun for dataset_consumes_1 to None, run_after=None
[2025-05-15T17:23:51.824+0000] {logging_mixin.py:190} INFO - [2025-05-15T17:23:51.823+0000] {dag.py:4180} INFO - Setting next_dagrun for dataset_consumes_1_and_2 to None, run_after=None
[2025-05-15T17:23:51.831+0000] {logging_mixin.py:190} INFO - [2025-05-15T17:23:51.830+0000] {dag.py:4180} INFO - Setting next_dagrun for dataset_consumes_1_never_scheduled to None, run_after=None
[2025-05-15T17:23:51.838+0000] {logging_mixin.py:190} INFO - [2025-05-15T17:23:51.837+0000] {dag.py:4180} INFO - Setting next_dagrun for dataset_consumes_unknown_never_scheduled to None, run_after=None
[2025-05-15T17:23:51.854+0000] {logging_mixin.py:190} INFO - [2025-05-15T17:23:51.852+0000] {dag.py:4180} INFO - Setting next_dagrun for dataset_produces_1 to 2025-05-14 00:00:00+00:00, run_after=2025-05-15 00:00:00+00:00
[2025-05-15T17:23:51.862+0000] {logging_mixin.py:190} INFO - [2025-05-15T17:23:51.861+0000] {dag.py:4180} INFO - Setting next_dagrun for dataset_produces_2 to None, run_after=None
[2025-05-15T17:23:52.075+0000] {processor.py:208} INFO - Processing /home/airflow/.local/lib/python3.12/site-packages/airflow/example_dags/example_datasets.py took 2.999 seconds
[2025-05-15T17:24:23.972+0000] {processor.py:186} INFO - Started process (PID=207) to work on /home/airflow/.local/lib/python3.12/site-packages/airflow/example_dags/example_datasets.py
[2025-05-15T17:24:23.976+0000] {processor.py:914} INFO - Processing file /home/airflow/.local/lib/python3.12/site-packages/airflow/example_dags/example_datasets.py for tasks to queue
[2025-05-15T17:24:23.986+0000] {logging_mixin.py:190} INFO - [2025-05-15T17:24:23.985+0000] {dagbag.py:588} INFO - Filling up the DagBag from /home/airflow/.local/lib/python3.12/site-packages/airflow/example_dags/example_datasets.py
[2025-05-15T17:24:26.345+0000] {processor.py:925} INFO - DAG(s) 'consume_1_or_2_with_dataset_expressions', 'dataset_produces_2', 'consume_1_and_2_with_dataset_expressions', 'dataset_consumes_unknown_never_scheduled', 'consume_1_or_both_2_and_3_with_dataset_expressions', 'dataset_consumes_1_never_scheduled', 'dataset_consumes_1', 'conditional_dataset_and_time_based_timetable', 'dataset_produces_1', 'dataset_consumes_1_and_2' retrieved from /home/airflow/.local/lib/python3.12/site-packages/airflow/example_dags/example_datasets.py
[2025-05-15T17:24:26.409+0000] {logging_mixin.py:190} INFO - [2025-05-15T17:24:26.409+0000] {dag.py:3239} INFO - Sync 10 DAGs
[2025-05-15T17:24:26.445+0000] {logging_mixin.py:190} INFO - [2025-05-15T17:24:26.445+0000] {dag.py:4180} INFO - Setting next_dagrun for conditional_dataset_and_time_based_timetable to 2025-05-14 01:00:00+00:00, run_after=2025-05-14 01:00:00+00:00
[2025-05-15T17:24:26.450+0000] {logging_mixin.py:190} INFO - [2025-05-15T17:24:26.450+0000] {dag.py:4180} INFO - Setting next_dagrun for consume_1_and_2_with_dataset_expressions to None, run_after=None
[2025-05-15T17:24:26.452+0000] {logging_mixin.py:190} INFO - [2025-05-15T17:24:26.452+0000] {dag.py:4180} INFO - Setting next_dagrun for consume_1_or_2_with_dataset_expressions to None, run_after=None
[2025-05-15T17:24:26.454+0000] {logging_mixin.py:190} INFO - [2025-05-15T17:24:26.454+0000] {dag.py:4180} INFO - Setting next_dagrun for consume_1_or_both_2_and_3_with_dataset_expressions to None, run_after=None
[2025-05-15T17:24:26.456+0000] {logging_mixin.py:190} INFO - [2025-05-15T17:24:26.456+0000] {dag.py:4180} INFO - Setting next_dagrun for dataset_consumes_1 to None, run_after=None
[2025-05-15T17:24:26.457+0000] {logging_mixin.py:190} INFO - [2025-05-15T17:24:26.457+0000] {dag.py:4180} INFO - Setting next_dagrun for dataset_consumes_1_and_2 to None, run_after=None
[2025-05-15T17:24:26.458+0000] {logging_mixin.py:190} INFO - [2025-05-15T17:24:26.458+0000] {dag.py:4180} INFO - Setting next_dagrun for dataset_consumes_1_never_scheduled to None, run_after=None
[2025-05-15T17:24:26.460+0000] {logging_mixin.py:190} INFO - [2025-05-15T17:24:26.459+0000] {dag.py:4180} INFO - Setting next_dagrun for dataset_consumes_unknown_never_scheduled to None, run_after=None
[2025-05-15T17:24:26.462+0000] {logging_mixin.py:190} INFO - [2025-05-15T17:24:26.462+0000] {dag.py:4180} INFO - Setting next_dagrun for dataset_produces_1 to 2025-05-14 00:00:00+00:00, run_after=2025-05-15 00:00:00+00:00
[2025-05-15T17:24:26.464+0000] {logging_mixin.py:190} INFO - [2025-05-15T17:24:26.464+0000] {dag.py:4180} INFO - Setting next_dagrun for dataset_produces_2 to None, run_after=None
[2025-05-15T17:24:26.513+0000] {processor.py:208} INFO - Processing /home/airflow/.local/lib/python3.12/site-packages/airflow/example_dags/example_datasets.py took 2.570 seconds
