[2025-05-15T17:23:42.391+0000] {processor.py:186} INFO - Started process (PID=114) to work on /home/airflow/.local/lib/python3.12/site-packages/airflow/example_dags/example_dataset_alias.py
[2025-05-15T17:23:42.394+0000] {processor.py:914} INFO - Processing file /home/airflow/.local/lib/python3.12/site-packages/airflow/example_dags/example_dataset_alias.py for tasks to queue
[2025-05-15T17:23:42.403+0000] {logging_mixin.py:190} INFO - [2025-05-15T17:23:42.402+0000] {dagbag.py:588} INFO - Filling up the DagBag from /home/airflow/.local/lib/python3.12/site-packages/airflow/example_dags/example_dataset_alias.py
[2025-05-15T17:23:43.960+0000] {processor.py:925} INFO - DAG(s) 'dataset_s3_bucket_consumer', 'dataset_alias_example_alias_consumer', 'dataset_alias_example_alias_producer', 'dataset_s3_bucket_producer' retrieved from /home/airflow/.local/lib/python3.12/site-packages/airflow/example_dags/example_dataset_alias.py
[2025-05-15T17:23:44.045+0000] {logging_mixin.py:190} INFO - [2025-05-15T17:23:44.040+0000] {dag.py:3239} INFO - Sync 4 DAGs
[2025-05-15T17:23:44.110+0000] {logging_mixin.py:190} INFO - [2025-05-15T17:23:44.109+0000] {dag.py:4180} INFO - Setting next_dagrun for dataset_alias_example_alias_consumer to None, run_after=None
[2025-05-15T17:23:44.116+0000] {logging_mixin.py:190} INFO - [2025-05-15T17:23:44.116+0000] {dag.py:4180} INFO - Setting next_dagrun for dataset_alias_example_alias_producer to None, run_after=None
[2025-05-15T17:23:44.119+0000] {logging_mixin.py:190} INFO - [2025-05-15T17:23:44.119+0000] {dag.py:4180} INFO - Setting next_dagrun for dataset_s3_bucket_consumer to None, run_after=None
[2025-05-15T17:23:44.123+0000] {logging_mixin.py:190} INFO - [2025-05-15T17:23:44.122+0000] {dag.py:4180} INFO - Setting next_dagrun for dataset_s3_bucket_producer to None, run_after=None
[2025-05-15T17:23:44.169+0000] {processor.py:208} INFO - Processing /home/airflow/.local/lib/python3.12/site-packages/airflow/example_dags/example_dataset_alias.py took 1.797 seconds
[2025-05-15T17:24:15.084+0000] {processor.py:186} INFO - Started process (PID=179) to work on /home/airflow/.local/lib/python3.12/site-packages/airflow/example_dags/example_dataset_alias.py
[2025-05-15T17:24:15.088+0000] {processor.py:914} INFO - Processing file /home/airflow/.local/lib/python3.12/site-packages/airflow/example_dags/example_dataset_alias.py for tasks to queue
[2025-05-15T17:24:15.098+0000] {logging_mixin.py:190} INFO - [2025-05-15T17:24:15.096+0000] {dagbag.py:588} INFO - Filling up the DagBag from /home/airflow/.local/lib/python3.12/site-packages/airflow/example_dags/example_dataset_alias.py
[2025-05-15T17:24:17.662+0000] {processor.py:925} INFO - DAG(s) 'dataset_alias_example_alias_consumer', 'dataset_s3_bucket_producer', 'dataset_alias_example_alias_producer', 'dataset_s3_bucket_consumer' retrieved from /home/airflow/.local/lib/python3.12/site-packages/airflow/example_dags/example_dataset_alias.py
[2025-05-15T17:24:17.782+0000] {logging_mixin.py:190} INFO - [2025-05-15T17:24:17.779+0000] {dag.py:3239} INFO - Sync 4 DAGs
[2025-05-15T17:24:17.904+0000] {logging_mixin.py:190} INFO - [2025-05-15T17:24:17.903+0000] {dag.py:4180} INFO - Setting next_dagrun for dataset_alias_example_alias_consumer to None, run_after=None
[2025-05-15T17:24:17.917+0000] {logging_mixin.py:190} INFO - [2025-05-15T17:24:17.916+0000] {dag.py:4180} INFO - Setting next_dagrun for dataset_alias_example_alias_producer to None, run_after=None
[2025-05-15T17:24:17.924+0000] {logging_mixin.py:190} INFO - [2025-05-15T17:24:17.923+0000] {dag.py:4180} INFO - Setting next_dagrun for dataset_s3_bucket_consumer to None, run_after=None
[2025-05-15T17:24:17.930+0000] {logging_mixin.py:190} INFO - [2025-05-15T17:24:17.929+0000] {dag.py:4180} INFO - Setting next_dagrun for dataset_s3_bucket_producer to None, run_after=None
[2025-05-15T17:24:18.077+0000] {processor.py:208} INFO - Processing /home/airflow/.local/lib/python3.12/site-packages/airflow/example_dags/example_dataset_alias.py took 3.025 seconds
