[2025-05-15T17:23:38.297+0000] {processor.py:186} INFO - Started process (PID=106) to work on /home/airflow/.local/lib/python3.12/site-packages/airflow/example_dags/tutorial_objectstorage.py
[2025-05-15T17:23:38.302+0000] {processor.py:914} INFO - Processing file /home/airflow/.local/lib/python3.12/site-packages/airflow/example_dags/tutorial_objectstorage.py for tasks to queue
[2025-05-15T17:23:38.314+0000] {logging_mixin.py:190} INFO - [2025-05-15T17:23:38.312+0000] {dagbag.py:588} INFO - Filling up the DagBag from /home/airflow/.local/lib/python3.12/site-packages/airflow/example_dags/tutorial_objectstorage.py
[2025-05-15T17:23:38.376+0000] {processor.py:925} INFO - DAG(s) 'tutorial_objectstorage' retrieved from /home/airflow/.local/lib/python3.12/site-packages/airflow/example_dags/tutorial_objectstorage.py
[2025-05-15T17:23:38.542+0000] {logging_mixin.py:190} INFO - [2025-05-15T17:23:38.540+0000] {dag.py:3239} INFO - Sync 1 DAGs
[2025-05-15T17:23:38.662+0000] {logging_mixin.py:190} INFO - [2025-05-15T17:23:38.660+0000] {dag.py:4180} INFO - Setting next_dagrun for tutorial_objectstorage to None, run_after=None
[2025-05-15T17:23:38.778+0000] {processor.py:208} INFO - Processing /home/airflow/.local/lib/python3.12/site-packages/airflow/example_dags/tutorial_objectstorage.py took 0.512 seconds
[2025-05-15T17:24:09.363+0000] {processor.py:186} INFO - Started process (PID=170) to work on /home/airflow/.local/lib/python3.12/site-packages/airflow/example_dags/tutorial_objectstorage.py
[2025-05-15T17:24:09.363+0000] {processor.py:914} INFO - Processing file /home/airflow/.local/lib/python3.12/site-packages/airflow/example_dags/tutorial_objectstorage.py for tasks to queue
[2025-05-15T17:24:09.368+0000] {logging_mixin.py:190} INFO - [2025-05-15T17:24:09.368+0000] {dagbag.py:588} INFO - Filling up the DagBag from /home/airflow/.local/lib/python3.12/site-packages/airflow/example_dags/tutorial_objectstorage.py
[2025-05-15T17:24:09.382+0000] {processor.py:925} INFO - DAG(s) 'tutorial_objectstorage' retrieved from /home/airflow/.local/lib/python3.12/site-packages/airflow/example_dags/tutorial_objectstorage.py
[2025-05-15T17:24:09.410+0000] {logging_mixin.py:190} INFO - [2025-05-15T17:24:09.409+0000] {dag.py:3239} INFO - Sync 1 DAGs
[2025-05-15T17:24:09.428+0000] {logging_mixin.py:190} INFO - [2025-05-15T17:24:09.427+0000] {dag.py:4180} INFO - Setting next_dagrun for tutorial_objectstorage to None, run_after=None
[2025-05-15T17:24:09.456+0000] {processor.py:208} INFO - Processing /home/airflow/.local/lib/python3.12/site-packages/airflow/example_dags/tutorial_objectstorage.py took 0.101 seconds
[2025-05-15T17:24:40.109+0000] {processor.py:186} INFO - Started process (PID=234) to work on /home/airflow/.local/lib/python3.12/site-packages/airflow/example_dags/tutorial_objectstorage.py
[2025-05-15T17:24:40.147+0000] {processor.py:914} INFO - Processing file /home/airflow/.local/lib/python3.12/site-packages/airflow/example_dags/tutorial_objectstorage.py for tasks to queue
[2025-05-15T17:24:40.158+0000] {logging_mixin.py:190} INFO - [2025-05-15T17:24:40.156+0000] {dagbag.py:588} INFO - Filling up the DagBag from /home/airflow/.local/lib/python3.12/site-packages/airflow/example_dags/tutorial_objectstorage.py
[2025-05-15T17:24:40.210+0000] {processor.py:925} INFO - DAG(s) 'tutorial_objectstorage' retrieved from /home/airflow/.local/lib/python3.12/site-packages/airflow/example_dags/tutorial_objectstorage.py
[2025-05-15T17:24:40.298+0000] {logging_mixin.py:190} INFO - [2025-05-15T17:24:40.297+0000] {dag.py:3239} INFO - Sync 1 DAGs
[2025-05-15T17:24:40.381+0000] {logging_mixin.py:190} INFO - [2025-05-15T17:24:40.380+0000] {dag.py:4180} INFO - Setting next_dagrun for tutorial_objectstorage to None, run_after=None
[2025-05-15T17:24:40.486+0000] {processor.py:208} INFO - Processing /home/airflow/.local/lib/python3.12/site-packages/airflow/example_dags/tutorial_objectstorage.py took 0.413 seconds
