[2025-05-15T17:23:39.154+0000] {processor.py:186} INFO - Started process (PID=107) to work on /home/airflow/.local/lib/python3.12/site-packages/airflow/example_dags/tutorial.py
[2025-05-15T17:23:39.158+0000] {processor.py:914} INFO - Processing file /home/airflow/.local/lib/python3.12/site-packages/airflow/example_dags/tutorial.py for tasks to queue
[2025-05-15T17:23:39.167+0000] {logging_mixin.py:190} INFO - [2025-05-15T17:23:39.166+0000] {dagbag.py:588} INFO - Filling up the DagBag from /home/airflow/.local/lib/python3.12/site-packages/airflow/example_dags/tutorial.py
[2025-05-15T17:23:39.196+0000] {processor.py:925} INFO - DAG(s) 'tutorial' retrieved from /home/airflow/.local/lib/python3.12/site-packages/airflow/example_dags/tutorial.py
[2025-05-15T17:23:39.292+0000] {logging_mixin.py:190} INFO - [2025-05-15T17:23:39.291+0000] {dag.py:3239} INFO - Sync 1 DAGs
[2025-05-15T17:23:39.362+0000] {logging_mixin.py:190} INFO - [2025-05-15T17:23:39.362+0000] {dag.py:4180} INFO - Setting next_dagrun for tutorial to 2025-05-14 00:00:00+00:00, run_after=2025-05-15 00:00:00+00:00
[2025-05-15T17:23:39.412+0000] {processor.py:208} INFO - Processing /home/airflow/.local/lib/python3.12/site-packages/airflow/example_dags/tutorial.py took 0.289 seconds
[2025-05-15T17:24:09.493+0000] {processor.py:186} INFO - Started process (PID=171) to work on /home/airflow/.local/lib/python3.12/site-packages/airflow/example_dags/tutorial.py
[2025-05-15T17:24:09.494+0000] {processor.py:914} INFO - Processing file /home/airflow/.local/lib/python3.12/site-packages/airflow/example_dags/tutorial.py for tasks to queue
[2025-05-15T17:24:09.499+0000] {logging_mixin.py:190} INFO - [2025-05-15T17:24:09.499+0000] {dagbag.py:588} INFO - Filling up the DagBag from /home/airflow/.local/lib/python3.12/site-packages/airflow/example_dags/tutorial.py
[2025-05-15T17:24:09.510+0000] {processor.py:925} INFO - DAG(s) 'tutorial' retrieved from /home/airflow/.local/lib/python3.12/site-packages/airflow/example_dags/tutorial.py
[2025-05-15T17:24:09.540+0000] {logging_mixin.py:190} INFO - [2025-05-15T17:24:09.539+0000] {dag.py:3239} INFO - Sync 1 DAGs
[2025-05-15T17:24:09.578+0000] {logging_mixin.py:190} INFO - [2025-05-15T17:24:09.578+0000] {dag.py:4180} INFO - Setting next_dagrun for tutorial to 2025-05-14 00:00:00+00:00, run_after=2025-05-15 00:00:00+00:00
[2025-05-15T17:24:09.610+0000] {processor.py:208} INFO - Processing /home/airflow/.local/lib/python3.12/site-packages/airflow/example_dags/tutorial.py took 0.126 seconds
[2025-05-15T17:24:40.606+0000] {processor.py:186} INFO - Started process (PID=235) to work on /home/airflow/.local/lib/python3.12/site-packages/airflow/example_dags/tutorial.py
[2025-05-15T17:24:40.611+0000] {processor.py:914} INFO - Processing file /home/airflow/.local/lib/python3.12/site-packages/airflow/example_dags/tutorial.py for tasks to queue
[2025-05-15T17:24:40.622+0000] {logging_mixin.py:190} INFO - [2025-05-15T17:24:40.620+0000] {dagbag.py:588} INFO - Filling up the DagBag from /home/airflow/.local/lib/python3.12/site-packages/airflow/example_dags/tutorial.py
[2025-05-15T17:24:40.661+0000] {processor.py:925} INFO - DAG(s) 'tutorial' retrieved from /home/airflow/.local/lib/python3.12/site-packages/airflow/example_dags/tutorial.py
[2025-05-15T17:24:40.768+0000] {logging_mixin.py:190} INFO - [2025-05-15T17:24:40.766+0000] {dag.py:3239} INFO - Sync 1 DAGs
[2025-05-15T17:24:40.884+0000] {logging_mixin.py:190} INFO - [2025-05-15T17:24:40.883+0000] {dag.py:4180} INFO - Setting next_dagrun for tutorial to 2025-05-14 00:00:00+00:00, run_after=2025-05-15 00:00:00+00:00
[2025-05-15T17:24:41.021+0000] {processor.py:208} INFO - Processing /home/airflow/.local/lib/python3.12/site-packages/airflow/example_dags/tutorial.py took 0.445 seconds
