[2025-05-05T12:27:33.757+0000] {local_task_job_runner.py:123} INFO - ::group::Pre task execution logs
[2025-05-05T12:27:33.775+0000] {taskinstance.py:2613} INFO - Dependencies all met for dep_context=non-requeueable deps ti=<TaskInstance: ingest_resultats_csv.load_csv_jo manual__2025-05-05T12:27:26.469125+00:00 [queued]>
[2025-05-05T12:27:33.782+0000] {taskinstance.py:2613} INFO - Dependencies all met for dep_context=requeueable deps ti=<TaskInstance: ingest_resultats_csv.load_csv_jo manual__2025-05-05T12:27:26.469125+00:00 [queued]>
[2025-05-05T12:27:33.783+0000] {taskinstance.py:2866} INFO - Starting attempt 1 of 1
[2025-05-05T12:27:33.795+0000] {taskinstance.py:2889} INFO - Executing <Task(PythonOperator): load_csv_jo> on 2025-05-05 12:27:26.469125+00:00
[2025-05-05T12:27:33.803+0000] {warnings.py:112} WARNING - /home/***/.local/lib/python3.12/site-packages/***/task/task_runner/standard_task_runner.py:70: DeprecationWarning: This process (pid=99) is multi-threaded, use of fork() may lead to deadlocks in the child.
  pid = os.fork()

[2025-05-05T12:27:33.804+0000] {standard_task_runner.py:72} INFO - Started process 101 to run task
[2025-05-05T12:27:33.805+0000] {standard_task_runner.py:104} INFO - Running: ['***', 'tasks', 'run', 'ingest_resultats_csv', 'load_csv_jo', 'manual__2025-05-05T12:27:26.469125+00:00', '--job-id', '15', '--raw', '--subdir', 'DAGS_FOLDER/ingest_resultats_csv.py', '--cfg-path', '/tmp/tmpxj_h8rwi']
[2025-05-05T12:27:33.806+0000] {standard_task_runner.py:105} INFO - Job 15: Subtask load_csv_jo
[2025-05-05T12:27:33.856+0000] {task_command.py:467} INFO - Running <TaskInstance: ingest_resultats_csv.load_csv_jo manual__2025-05-05T12:27:26.469125+00:00 [running]> on host 59e6bc88c0e9
[2025-05-05T12:27:33.929+0000] {taskinstance.py:3132} INFO - Exporting env vars: AIRFLOW_CTX_DAG_OWNER='***' AIRFLOW_CTX_DAG_ID='ingest_resultats_csv' AIRFLOW_CTX_TASK_ID='load_csv_jo' AIRFLOW_CTX_EXECUTION_DATE='2025-05-05T12:27:26.469125+00:00' AIRFLOW_CTX_TRY_NUMBER='1' AIRFLOW_CTX_DAG_RUN_ID='manual__2025-05-05T12:27:26.469125+00:00'
[2025-05-05T12:27:33.931+0000] {logging_mixin.py:190} INFO - Task instance is in running state
[2025-05-05T12:27:33.932+0000] {logging_mixin.py:190} INFO -  Previous state of the Task instance: queued
[2025-05-05T12:27:33.932+0000] {logging_mixin.py:190} INFO - Current task name:load_csv_jo state:running start_date:2025-05-05 12:27:33.775589+00:00
[2025-05-05T12:27:33.932+0000] {logging_mixin.py:190} INFO - Dag name:ingest_resultats_csv and current dag run status:running
[2025-05-05T12:27:33.932+0000] {taskinstance.py:731} INFO - ::endgroup::
[2025-05-05T12:27:34.599+0000] {base.py:84} INFO - Retrieving connection 'postgres_default'
[2025-05-05T12:27:34.631+0000] {warnings.py:112} WARNING - /opt/***/dags/ingest_resultats_csv.py:97: UserWarning: Parsing dates in %d/%m/%Y format when dayfirst=False (the default) was specified. Pass `dayfirst=True` or specify a format to silence this warning.
  df['date_fin_edition'] = pd.to_datetime(df['date_fin_edition'], errors='coerce')

[2025-05-05T12:27:34.809+0000] {taskinstance.py:3311} ERROR - Task failed with exception
Traceback (most recent call last):
  File "/home/airflow/.local/lib/python3.12/site-packages/airflow/models/taskinstance.py", line 767, in _execute_task
    result = _execute_callable(context=context, **execute_callable_kwargs)
             ^^^^^^^^^^^^^^^^^^^^^^^^^^^^^^^^^^^^^^^^^^^^^^^^^^^^^^^^^^^^^
  File "/home/airflow/.local/lib/python3.12/site-packages/airflow/models/taskinstance.py", line 733, in _execute_callable
    return ExecutionCallableRunner(
           ^^^^^^^^^^^^^^^^^^^^^^^^
  File "/home/airflow/.local/lib/python3.12/site-packages/airflow/utils/operator_helpers.py", line 252, in run
    return self.func(*args, **kwargs)
           ^^^^^^^^^^^^^^^^^^^^^^^^^^
  File "/home/airflow/.local/lib/python3.12/site-packages/airflow/models/baseoperator.py", line 417, in wrapper
    return func(self, *args, **kwargs)
           ^^^^^^^^^^^^^^^^^^^^^^^^^^^
  File "/home/airflow/.local/lib/python3.12/site-packages/airflow/operators/python.py", line 238, in execute
    return_value = self.execute_callable()
                   ^^^^^^^^^^^^^^^^^^^^^^^
  File "/home/airflow/.local/lib/python3.12/site-packages/airflow/operators/python.py", line 256, in execute_callable
    return runner.run(*self.op_args, **self.op_kwargs)
           ^^^^^^^^^^^^^^^^^^^^^^^^^^^^^^^^^^^^^^^^^^^
  File "/home/airflow/.local/lib/python3.12/site-packages/airflow/utils/operator_helpers.py", line 252, in run
    return self.func(*args, **kwargs)
           ^^^^^^^^^^^^^^^^^^^^^^^^^^
  File "/opt/airflow/dags/ingest_resultats_csv.py", line 100, in load_csv_data
    cursor.execute("""
psycopg2.errors.InvalidDatetimeFormat: invalid input syntax for type timestamp: "NaT"
LINE 2: ..., 35870, 413, 'Olympic Games', 1, 'JO été', 2020, 'NaT'::tim...
                                                             ^

[2025-05-05T12:27:34.819+0000] {logging_mixin.py:190} INFO - Task instance in failure state
[2025-05-05T12:27:34.819+0000] {logging_mixin.py:190} INFO - Task start:2025-05-05 12:27:33.775589+00:00 end:2025-05-05 12:27:34.818761+00:00 duration:1.043172
[2025-05-05T12:27:34.819+0000] {logging_mixin.py:190} INFO - Task:<Task(PythonOperator): load_csv_jo> dag:<DAG: ingest_resultats_csv> dagrun:<DagRun ingest_resultats_csv @ 2025-05-05 12:27:26.469125+00:00: manual__2025-05-05T12:27:26.469125+00:00, state:running, queued_at: 2025-05-05 12:27:26.482822+00:00. externally triggered: True>
[2025-05-05T12:27:34.820+0000] {logging_mixin.py:190} INFO - Failure caused by invalid input syntax for type timestamp: "NaT"
LINE 2: ..., 35870, 413, 'Olympic Games', 1, 'JO été', 2020, 'NaT'::tim...
                                                             ^
[2025-05-05T12:27:34.820+0000] {taskinstance.py:1225} INFO - Marking task as FAILED. dag_id=ingest_resultats_csv, task_id=load_csv_jo, run_id=manual__2025-05-05T12:27:26.469125+00:00, execution_date=20250505T122726, start_date=20250505T122733, end_date=20250505T122734
[2025-05-05T12:27:34.832+0000] {taskinstance.py:340} INFO - ::group::Post task execution logs
[2025-05-05T12:27:34.832+0000] {standard_task_runner.py:124} ERROR - Failed to execute job 15 for task load_csv_jo (invalid input syntax for type timestamp: "NaT"
LINE 2: ..., 35870, 413, 'Olympic Games', 1, 'JO été', 2020, 'NaT'::tim...
                                                             ^
; 101)
Traceback (most recent call last):
  File "/home/airflow/.local/lib/python3.12/site-packages/airflow/task/task_runner/standard_task_runner.py", line 117, in _start_by_fork
    ret = args.func(args, dag=self.dag)
          ^^^^^^^^^^^^^^^^^^^^^^^^^^^^^
  File "/home/airflow/.local/lib/python3.12/site-packages/airflow/cli/cli_config.py", line 49, in command
    return func(*args, **kwargs)
           ^^^^^^^^^^^^^^^^^^^^^
  File "/home/airflow/.local/lib/python3.12/site-packages/airflow/utils/cli.py", line 116, in wrapper
    return f(*args, **kwargs)
           ^^^^^^^^^^^^^^^^^^
  File "/home/airflow/.local/lib/python3.12/site-packages/airflow/cli/commands/task_command.py", line 483, in task_run
    task_return_code = _run_task_by_selected_method(args, _dag, ti)
                       ^^^^^^^^^^^^^^^^^^^^^^^^^^^^^^^^^^^^^^^^^^^^
  File "/home/airflow/.local/lib/python3.12/site-packages/airflow/cli/commands/task_command.py", line 256, in _run_task_by_selected_method
    return _run_raw_task(args, ti)
           ^^^^^^^^^^^^^^^^^^^^^^^
  File "/home/airflow/.local/lib/python3.12/site-packages/airflow/cli/commands/task_command.py", line 341, in _run_raw_task
    return ti._run_raw_task(
           ^^^^^^^^^^^^^^^^^
  File "/home/airflow/.local/lib/python3.12/site-packages/airflow/utils/session.py", line 97, in wrapper
    return func(*args, session=session, **kwargs)
           ^^^^^^^^^^^^^^^^^^^^^^^^^^^^^^^^^^^^^^
  File "/home/airflow/.local/lib/python3.12/site-packages/airflow/models/taskinstance.py", line 3005, in _run_raw_task
    return _run_raw_task(
           ^^^^^^^^^^^^^^
  File "/home/airflow/.local/lib/python3.12/site-packages/airflow/models/taskinstance.py", line 273, in _run_raw_task
    TaskInstance._execute_task_with_callbacks(
  File "/home/airflow/.local/lib/python3.12/site-packages/airflow/models/taskinstance.py", line 3159, in _execute_task_with_callbacks
    result = self._execute_task(context, task_orig)
             ^^^^^^^^^^^^^^^^^^^^^^^^^^^^^^^^^^^^^^
  File "/home/airflow/.local/lib/python3.12/site-packages/airflow/models/taskinstance.py", line 3183, in _execute_task
    return _execute_task(self, context, task_orig)
           ^^^^^^^^^^^^^^^^^^^^^^^^^^^^^^^^^^^^^^^
  File "/home/airflow/.local/lib/python3.12/site-packages/airflow/models/taskinstance.py", line 767, in _execute_task
    result = _execute_callable(context=context, **execute_callable_kwargs)
             ^^^^^^^^^^^^^^^^^^^^^^^^^^^^^^^^^^^^^^^^^^^^^^^^^^^^^^^^^^^^^
  File "/home/airflow/.local/lib/python3.12/site-packages/airflow/models/taskinstance.py", line 733, in _execute_callable
    return ExecutionCallableRunner(
           ^^^^^^^^^^^^^^^^^^^^^^^^
  File "/home/airflow/.local/lib/python3.12/site-packages/airflow/utils/operator_helpers.py", line 252, in run
    return self.func(*args, **kwargs)
           ^^^^^^^^^^^^^^^^^^^^^^^^^^
  File "/home/airflow/.local/lib/python3.12/site-packages/airflow/models/baseoperator.py", line 417, in wrapper
    return func(self, *args, **kwargs)
           ^^^^^^^^^^^^^^^^^^^^^^^^^^^
  File "/home/airflow/.local/lib/python3.12/site-packages/airflow/operators/python.py", line 238, in execute
    return_value = self.execute_callable()
                   ^^^^^^^^^^^^^^^^^^^^^^^
  File "/home/airflow/.local/lib/python3.12/site-packages/airflow/operators/python.py", line 256, in execute_callable
    return runner.run(*self.op_args, **self.op_kwargs)
           ^^^^^^^^^^^^^^^^^^^^^^^^^^^^^^^^^^^^^^^^^^^
  File "/home/airflow/.local/lib/python3.12/site-packages/airflow/utils/operator_helpers.py", line 252, in run
    return self.func(*args, **kwargs)
           ^^^^^^^^^^^^^^^^^^^^^^^^^^
  File "/opt/airflow/dags/ingest_resultats_csv.py", line 100, in load_csv_data
    cursor.execute("""
psycopg2.errors.InvalidDatetimeFormat: invalid input syntax for type timestamp: "NaT"
LINE 2: ..., 35870, 413, 'Olympic Games', 1, 'JO été', 2020, 'NaT'::tim...
                                                             ^

[2025-05-05T12:27:34.891+0000] {local_task_job_runner.py:266} INFO - Task exited with return code 1
[2025-05-05T12:27:34.905+0000] {taskinstance.py:3895} INFO - 0 downstream tasks scheduled from follow-on schedule check
[2025-05-05T12:27:34.907+0000] {local_task_job_runner.py:245} INFO - ::endgroup::
