[2025-05-05T12:27:31.311+0000] {local_task_job_runner.py:123} INFO - ::group::Pre task execution logs
[2025-05-05T12:27:31.328+0000] {taskinstance.py:2613} INFO - Dependencies all met for dep_context=non-requeueable deps ti=<TaskInstance: ingest_resultats_csv.create_table_jo manual__2025-05-05T12:27:26.469125+00:00 [queued]>
[2025-05-05T12:27:31.483+0000] {taskinstance.py:2613} INFO - Dependencies all met for dep_context=requeueable deps ti=<TaskInstance: ingest_resultats_csv.create_table_jo manual__2025-05-05T12:27:26.469125+00:00 [queued]>
[2025-05-05T12:27:31.484+0000] {taskinstance.py:2866} INFO - Starting attempt 1 of 1
[2025-05-05T12:27:31.496+0000] {taskinstance.py:2889} INFO - Executing <Task(PythonOperator): create_table_jo> on 2025-05-05 12:27:26.469125+00:00
[2025-05-05T12:27:31.504+0000] {warnings.py:112} WARNING - /home/***/.local/lib/python3.12/site-packages/***/task/task_runner/standard_task_runner.py:70: DeprecationWarning: This process (pid=88) is multi-threaded, use of fork() may lead to deadlocks in the child.
  pid = os.fork()

[2025-05-05T12:27:31.506+0000] {standard_task_runner.py:72} INFO - Started process 97 to run task
[2025-05-05T12:27:31.507+0000] {standard_task_runner.py:104} INFO - Running: ['***', 'tasks', 'run', 'ingest_resultats_csv', 'create_table_jo', 'manual__2025-05-05T12:27:26.469125+00:00', '--job-id', '14', '--raw', '--subdir', 'DAGS_FOLDER/ingest_resultats_csv.py', '--cfg-path', '/tmp/tmpw_cgvqm4']
[2025-05-05T12:27:31.507+0000] {standard_task_runner.py:105} INFO - Job 14: Subtask create_table_jo
[2025-05-05T12:27:31.562+0000] {task_command.py:467} INFO - Running <TaskInstance: ingest_resultats_csv.create_table_jo manual__2025-05-05T12:27:26.469125+00:00 [running]> on host 59e6bc88c0e9
[2025-05-05T12:27:31.647+0000] {taskinstance.py:3132} INFO - Exporting env vars: AIRFLOW_CTX_DAG_OWNER='***' AIRFLOW_CTX_DAG_ID='ingest_resultats_csv' AIRFLOW_CTX_TASK_ID='create_table_jo' AIRFLOW_CTX_EXECUTION_DATE='2025-05-05T12:27:26.469125+00:00' AIRFLOW_CTX_TRY_NUMBER='1' AIRFLOW_CTX_DAG_RUN_ID='manual__2025-05-05T12:27:26.469125+00:00'
[2025-05-05T12:27:31.649+0000] {logging_mixin.py:190} INFO - Task instance is in running state
[2025-05-05T12:27:31.649+0000] {logging_mixin.py:190} INFO -  Previous state of the Task instance: queued
[2025-05-05T12:27:31.649+0000] {logging_mixin.py:190} INFO - Current task name:create_table_jo state:running start_date:2025-05-05 12:27:31.329306+00:00
[2025-05-05T12:27:31.650+0000] {logging_mixin.py:190} INFO - Dag name:ingest_resultats_csv and current dag run status:running
[2025-05-05T12:27:31.650+0000] {taskinstance.py:731} INFO - ::endgroup::
[2025-05-05T12:27:31.660+0000] {base.py:84} INFO - Retrieving connection 'postgres_default'
[2025-05-05T12:27:31.664+0000] {sql.py:544} INFO - Running statement: 
        CREATE TABLE IF NOT EXISTS jo (
            id_resultat TEXT,
            id_resultat_source TEXT,
            source TEXT,
            id_athlete_base_resultats TEXT,
            id_personne TEXT,
            athlete_nom TEXT,
            athlete_prenom TEXT,
            id_equipe TEXT,
            equipe_en TEXT,
            id_pays TEXT,
            pays_en_base_resultats TEXT,
            classement_epreuve TEXT,
            performance_finale_texte TEXT,
            performance_finale TEXT,
            id_evenement TEXT,
            evenement TEXT,
            evenement_en TEXT,
            categorie_age TEXT,
            id_edition TEXT,
            id_competition_sport TEXT,
            competition_en TEXT,
            id_type_competition TEXT,
            type_competition TEXT,
            edition_saison TEXT,
            date_debut_edition DATE,
            date_fin_edition DATE,
            id_ville_edition TEXT,
            edition_ville_en TEXT,
            id_nation_edition_base_resultats TEXT,
            edition_nation_en TEXT,
            id_sport TEXT,
            sport TEXT,
            sport_en TEXT,
            id_discipline_administrative TEXT,
            discipline_administrative TEXT,
            id_specialite TEXT,
            specialite TEXT,
            id_epreuve TEXT,
            epreuve TEXT,
            epreuve_genre TEXT,
            epreuve_type TEXT,
            est_epreuve_individuelle BOOLEAN,
            est_epreuve_olympique BOOLEAN,
            est_epreuve_ete BOOLEAN,
            est_epreuve_handi BOOLEAN,
            epreuve_sens_resultat TEXT,
            id_federation TEXT,
            federation TEXT,
            federation_nom_court TEXT,
            dt_creation TIMESTAMP,
            dt_modification TIMESTAMP
        );
        , parameters: None
[2025-05-05T12:27:31.681+0000] {python.py:240} INFO - Done. Returned value was: None
[2025-05-05T12:27:31.692+0000] {taskinstance.py:340} INFO - ::group::Post task execution logs
[2025-05-05T12:27:31.692+0000] {taskinstance.py:352} INFO - Marking task as SUCCESS. dag_id=ingest_resultats_csv, task_id=create_table_jo, run_id=manual__2025-05-05T12:27:26.469125+00:00, execution_date=20250505T122726, start_date=20250505T122731, end_date=20250505T122731
[2025-05-05T12:27:31.701+0000] {logging_mixin.py:190} INFO - Task instance in success state
[2025-05-05T12:27:31.702+0000] {logging_mixin.py:190} INFO -  Previous state of the Task instance: running
[2025-05-05T12:27:31.702+0000] {logging_mixin.py:190} INFO - Dag name:ingest_resultats_csv queued_at:2025-05-05 12:27:26.482822+00:00
[2025-05-05T12:27:31.702+0000] {logging_mixin.py:190} INFO - Task hostname:59e6bc88c0e9 operator:PythonOperator
[2025-05-05T12:27:31.737+0000] {local_task_job_runner.py:266} INFO - Task exited with return code 0
[2025-05-05T12:27:31.755+0000] {taskinstance.py:3895} INFO - 1 downstream tasks scheduled from follow-on schedule check
[2025-05-05T12:27:31.758+0000] {local_task_job_runner.py:245} INFO - ::endgroup::
