[2025-05-05T13:10:02.302+0000] {local_task_job_runner.py:123} INFO - ::group::Pre task execution logs
[2025-05-05T13:10:02.318+0000] {taskinstance.py:2613} INFO - Dependencies all met for dep_context=non-requeueable deps ti=<TaskInstance: ingest_resultats_csv.load_csv_with_sqlalchemy scheduled__2025-05-05T13:08:00+00:00 [queued]>
[2025-05-05T13:10:02.325+0000] {taskinstance.py:2613} INFO - Dependencies all met for dep_context=requeueable deps ti=<TaskInstance: ingest_resultats_csv.load_csv_with_sqlalchemy scheduled__2025-05-05T13:08:00+00:00 [queued]>
[2025-05-05T13:10:02.325+0000] {taskinstance.py:2866} INFO - Starting attempt 1 of 1
[2025-05-05T13:10:02.336+0000] {taskinstance.py:2889} INFO - Executing <Task(PythonOperator): load_csv_with_sqlalchemy> on 2025-05-05 13:08:00+00:00
[2025-05-05T13:10:02.344+0000] {warnings.py:112} WARNING - /home/***/.local/lib/python3.12/site-packages/***/task/task_runner/standard_task_runner.py:70: DeprecationWarning: This process (pid=626) is multi-threaded, use of fork() may lead to deadlocks in the child.
  pid = os.fork()

[2025-05-05T13:10:02.346+0000] {standard_task_runner.py:72} INFO - Started process 628 to run task
[2025-05-05T13:10:02.345+0000] {standard_task_runner.py:104} INFO - Running: ['***', 'tasks', 'run', 'ingest_resultats_csv', 'load_csv_with_sqlalchemy', 'scheduled__2025-05-05T13:08:00+00:00', '--job-id', '30', '--raw', '--subdir', 'DAGS_FOLDER/ingest_resultats_csv.py', '--cfg-path', '/tmp/tmpn9ha47u8']
[2025-05-05T13:10:02.346+0000] {standard_task_runner.py:105} INFO - Job 30: Subtask load_csv_with_sqlalchemy
[2025-05-05T13:10:02.389+0000] {task_command.py:467} INFO - Running <TaskInstance: ingest_resultats_csv.load_csv_with_sqlalchemy scheduled__2025-05-05T13:08:00+00:00 [running]> on host 22079d7a1e21
[2025-05-05T13:10:02.688+0000] {taskinstance.py:3132} INFO - Exporting env vars: AIRFLOW_CTX_DAG_OWNER='***' AIRFLOW_CTX_DAG_ID='ingest_resultats_csv' AIRFLOW_CTX_TASK_ID='load_csv_with_sqlalchemy' AIRFLOW_CTX_EXECUTION_DATE='2025-05-05T13:08:00+00:00' AIRFLOW_CTX_TRY_NUMBER='1' AIRFLOW_CTX_DAG_RUN_ID='scheduled__2025-05-05T13:08:00+00:00'
[2025-05-05T13:10:02.688+0000] {logging_mixin.py:190} INFO - Task instance is in running state
[2025-05-05T13:10:02.688+0000] {logging_mixin.py:190} INFO -  Previous state of the Task instance: queued
[2025-05-05T13:10:02.689+0000] {logging_mixin.py:190} INFO - Current task name:load_csv_with_sqlalchemy state:running start_date:2025-05-05 13:10:02.318565+00:00
[2025-05-05T13:10:02.689+0000] {logging_mixin.py:190} INFO - Dag name:ingest_resultats_csv and current dag run status:running
[2025-05-05T13:10:02.689+0000] {taskinstance.py:731} INFO - ::endgroup::
[2025-05-05T13:10:02.986+0000] {warnings.py:112} WARNING - /opt/***/dags/ingest_resultats_csv.py:29: UserWarning: Parsing dates in %d/%m/%Y format when dayfirst=False (the default) was specified. Pass `dayfirst=True` or specify a format to silence this warning.
  df[col] = pd.to_datetime(df[col], errors='coerce')

[2025-05-05T13:10:02.997+0000] {base.py:84} INFO - Retrieving connection 'postgres_default'
[2025-05-05T13:10:10.471+0000] {python.py:240} INFO - Done. Returned value was: None
[2025-05-05T13:10:10.482+0000] {taskinstance.py:340} INFO - ::group::Post task execution logs
[2025-05-05T13:10:10.482+0000] {taskinstance.py:352} INFO - Marking task as SUCCESS. dag_id=ingest_resultats_csv, task_id=load_csv_with_sqlalchemy, run_id=scheduled__2025-05-05T13:08:00+00:00, execution_date=20250505T130800, start_date=20250505T131002, end_date=20250505T131010
[2025-05-05T13:10:10.493+0000] {logging_mixin.py:190} INFO - Task instance in success state
[2025-05-05T13:10:10.493+0000] {logging_mixin.py:190} INFO -  Previous state of the Task instance: running
[2025-05-05T13:10:10.493+0000] {logging_mixin.py:190} INFO - Dag name:ingest_resultats_csv queued_at:2025-05-05 13:10:00.957507+00:00
[2025-05-05T13:10:10.493+0000] {logging_mixin.py:190} INFO - Task hostname:22079d7a1e21 operator:PythonOperator
[2025-05-05T13:10:10.516+0000] {local_task_job_runner.py:266} INFO - Task exited with return code 0
[2025-05-05T13:10:10.529+0000] {taskinstance.py:3895} INFO - 0 downstream tasks scheduled from follow-on schedule check
[2025-05-05T13:10:10.531+0000] {local_task_job_runner.py:245} INFO - ::endgroup::
