[2025-05-15T17:23:35.517+0000] {processor.py:186} INFO - Started process (PID=93) to work on /opt/airflow/dags/ingest_resultats_csv.py
[2025-05-15T17:23:35.519+0000] {processor.py:914} INFO - Processing file /opt/airflow/dags/ingest_resultats_csv.py for tasks to queue
[2025-05-15T17:23:35.524+0000] {logging_mixin.py:190} INFO - [2025-05-15T17:23:35.524+0000] {dagbag.py:588} INFO - Filling up the DagBag from /opt/airflow/dags/ingest_resultats_csv.py
[2025-05-15T17:23:35.560+0000] {processor.py:925} INFO - DAG(s) 'ingest_resultats_csv' retrieved from /opt/airflow/dags/ingest_resultats_csv.py
[2025-05-15T17:23:35.630+0000] {logging_mixin.py:190} INFO - [2025-05-15T17:23:35.629+0000] {dag.py:3239} INFO - Sync 1 DAGs
[2025-05-15T17:23:35.810+0000] {logging_mixin.py:190} INFO - [2025-05-15T17:23:35.809+0000] {dag.py:4180} INFO - Setting next_dagrun for ingest_resultats_csv to 2025-05-15 17:20:00+00:00, run_after=2025-05-15 17:22:00+00:00
[2025-05-15T17:23:35.913+0000] {processor.py:208} INFO - Processing /opt/airflow/dags/ingest_resultats_csv.py took 0.410 seconds
[2025-05-15T17:24:06.873+0000] {processor.py:186} INFO - Started process (PID=163) to work on /opt/airflow/dags/ingest_resultats_csv.py
[2025-05-15T17:24:06.876+0000] {processor.py:914} INFO - Processing file /opt/airflow/dags/ingest_resultats_csv.py for tasks to queue
[2025-05-15T17:24:06.880+0000] {logging_mixin.py:190} INFO - [2025-05-15T17:24:06.880+0000] {dagbag.py:588} INFO - Filling up the DagBag from /opt/airflow/dags/ingest_resultats_csv.py
[2025-05-15T17:24:06.893+0000] {processor.py:925} INFO - DAG(s) 'ingest_resultats_csv' retrieved from /opt/airflow/dags/ingest_resultats_csv.py
[2025-05-15T17:24:06.927+0000] {logging_mixin.py:190} INFO - [2025-05-15T17:24:06.927+0000] {dag.py:3239} INFO - Sync 1 DAGs
[2025-05-15T17:24:06.979+0000] {logging_mixin.py:190} INFO - [2025-05-15T17:24:06.979+0000] {dag.py:4180} INFO - Setting next_dagrun for ingest_resultats_csv to 2025-05-15 17:22:00+00:00, run_after=2025-05-15 17:24:00+00:00
[2025-05-15T17:24:07.010+0000] {processor.py:208} INFO - Processing /opt/airflow/dags/ingest_resultats_csv.py took 0.144 seconds
[2025-05-15T17:24:37.191+0000] {processor.py:186} INFO - Started process (PID=227) to work on /opt/airflow/dags/ingest_resultats_csv.py
[2025-05-15T17:24:37.204+0000] {processor.py:914} INFO - Processing file /opt/airflow/dags/ingest_resultats_csv.py for tasks to queue
[2025-05-15T17:24:37.225+0000] {logging_mixin.py:190} INFO - [2025-05-15T17:24:37.222+0000] {dagbag.py:588} INFO - Filling up the DagBag from /opt/airflow/dags/ingest_resultats_csv.py
[2025-05-15T17:24:37.304+0000] {processor.py:925} INFO - DAG(s) 'ingest_resultats_csv' retrieved from /opt/airflow/dags/ingest_resultats_csv.py
[2025-05-15T17:24:37.456+0000] {logging_mixin.py:190} INFO - [2025-05-15T17:24:37.455+0000] {dag.py:3239} INFO - Sync 1 DAGs
[2025-05-15T17:24:37.740+0000] {logging_mixin.py:190} INFO - [2025-05-15T17:24:37.738+0000] {dag.py:4180} INFO - Setting next_dagrun for ingest_resultats_csv to 2025-05-15 17:22:00+00:00, run_after=2025-05-15 17:24:00+00:00
[2025-05-15T17:24:37.949+0000] {processor.py:208} INFO - Processing /opt/airflow/dags/ingest_resultats_csv.py took 0.825 seconds
