[2025-05-06T09:22:31.172+0000] {local_task_job_runner.py:123} INFO - ::group::Pre task execution logs
[2025-05-06T09:22:31.201+0000] {taskinstance.py:2613} INFO - Dependencies all met for dep_context=non-requeueable deps ti=<TaskInstance: ingest_resultats_csv.load_csv_with_sqlalchemy scheduled__2025-05-06T09:20:00+00:00 [queued]>
[2025-05-06T09:22:31.215+0000] {taskinstance.py:2613} INFO - Dependencies all met for dep_context=requeueable deps ti=<TaskInstance: ingest_resultats_csv.load_csv_with_sqlalchemy scheduled__2025-05-06T09:20:00+00:00 [queued]>
[2025-05-06T09:22:31.215+0000] {taskinstance.py:2866} INFO - Starting attempt 1 of 1
[2025-05-06T09:22:31.237+0000] {taskinstance.py:2889} INFO - Executing <Task(PythonOperator): load_csv_with_sqlalchemy> on 2025-05-06 09:20:00+00:00
[2025-05-06T09:22:31.250+0000] {warnings.py:112} WARNING - /home/***/.local/lib/python3.12/site-packages/***/task/task_runner/standard_task_runner.py:70: DeprecationWarning: This process (pid=101) is multi-threaded, use of fork() may lead to deadlocks in the child.
  pid = os.fork()

[2025-05-06T09:22:31.253+0000] {standard_task_runner.py:72} INFO - Started process 103 to run task
[2025-05-06T09:22:31.254+0000] {standard_task_runner.py:104} INFO - Running: ['***', 'tasks', 'run', 'ingest_resultats_csv', 'load_csv_with_sqlalchemy', 'scheduled__2025-05-06T09:20:00+00:00', '--job-id', '22', '--raw', '--subdir', 'DAGS_FOLDER/ingest_resultats_csv.py', '--cfg-path', '/tmp/tmpazk4j9a0']
[2025-05-06T09:22:31.256+0000] {standard_task_runner.py:105} INFO - Job 22: Subtask load_csv_with_sqlalchemy
[2025-05-06T09:22:31.335+0000] {task_command.py:467} INFO - Running <TaskInstance: ingest_resultats_csv.load_csv_with_sqlalchemy scheduled__2025-05-06T09:20:00+00:00 [running]> on host db6fb741a143
[2025-05-06T09:22:31.473+0000] {taskinstance.py:3132} INFO - Exporting env vars: AIRFLOW_CTX_DAG_OWNER='***' AIRFLOW_CTX_DAG_ID='ingest_resultats_csv' AIRFLOW_CTX_TASK_ID='load_csv_with_sqlalchemy' AIRFLOW_CTX_EXECUTION_DATE='2025-05-06T09:20:00+00:00' AIRFLOW_CTX_TRY_NUMBER='1' AIRFLOW_CTX_DAG_RUN_ID='scheduled__2025-05-06T09:20:00+00:00'
[2025-05-06T09:22:31.476+0000] {logging_mixin.py:190} INFO - Task instance is in running state
[2025-05-06T09:22:31.477+0000] {logging_mixin.py:190} INFO -  Previous state of the Task instance: queued
[2025-05-06T09:22:31.478+0000] {logging_mixin.py:190} INFO - Current task name:load_csv_with_sqlalchemy state:running start_date:2025-05-06 09:22:31.202362+00:00
[2025-05-06T09:22:31.478+0000] {logging_mixin.py:190} INFO - Dag name:ingest_resultats_csv and current dag run status:running
[2025-05-06T09:22:31.478+0000] {taskinstance.py:731} INFO - ::endgroup::
[2025-05-06T09:22:32.119+0000] {warnings.py:112} WARNING - /opt/***/dags/ingest_resultats_csv.py:29: UserWarning: Parsing dates in %d/%m/%Y format when dayfirst=False (the default) was specified. Pass `dayfirst=True` or specify a format to silence this warning.
  df[col] = pd.to_datetime(df[col], errors='coerce')

[2025-05-06T09:22:32.572+0000] {base.py:84} INFO - Retrieving connection 'postgres_default'
[2025-05-06T09:22:42.461+0000] {logging_mixin.py:190} INFO -    id_resultat  ...         dt_modification
0      6045706  ... 2024-12-22 02:01:02.817
1      6045707  ... 2024-12-22 02:01:02.817
2      6045708  ... 2024-12-22 02:01:02.817
3      6045709  ... 2024-12-22 02:01:02.817
4      6045710  ... 2024-12-22 02:01:02.817

[5 rows x 51 columns]
[2025-05-06T09:22:42.469+0000] {python.py:240} INFO - Done. Returned value was: None
[2025-05-06T09:22:42.485+0000] {taskinstance.py:340} INFO - ::group::Post task execution logs
[2025-05-06T09:22:42.485+0000] {taskinstance.py:352} INFO - Marking task as SUCCESS. dag_id=ingest_resultats_csv, task_id=load_csv_with_sqlalchemy, run_id=scheduled__2025-05-06T09:20:00+00:00, execution_date=20250506T092000, start_date=20250506T092231, end_date=20250506T092242
[2025-05-06T09:22:42.501+0000] {logging_mixin.py:190} INFO - Task instance in success state
[2025-05-06T09:22:42.501+0000] {logging_mixin.py:190} INFO -  Previous state of the Task instance: running
[2025-05-06T09:22:42.502+0000] {logging_mixin.py:190} INFO - Dag name:ingest_resultats_csv queued_at:2025-05-06 09:22:23.050159+00:00
[2025-05-06T09:22:42.503+0000] {logging_mixin.py:190} INFO - Task hostname:db6fb741a143 operator:PythonOperator
[2025-05-06T09:22:42.589+0000] {local_task_job_runner.py:266} INFO - Task exited with return code 0
[2025-05-06T09:22:42.620+0000] {taskinstance.py:3895} INFO - 0 downstream tasks scheduled from follow-on schedule check
[2025-05-06T09:22:42.622+0000] {local_task_job_runner.py:245} INFO - ::endgroup::
[2025-05-06T09:23:27.563+0000] {local_task_job_runner.py:123} INFO - ::group::Pre task execution logs
[2025-05-06T09:23:27.589+0000] {taskinstance.py:2613} INFO - Dependencies all met for dep_context=non-requeueable deps ti=<TaskInstance: ingest_resultats_csv.load_csv_with_sqlalchemy scheduled__2025-05-06T09:20:00+00:00 [queued]>
[2025-05-06T09:23:27.603+0000] {taskinstance.py:2613} INFO - Dependencies all met for dep_context=requeueable deps ti=<TaskInstance: ingest_resultats_csv.load_csv_with_sqlalchemy scheduled__2025-05-06T09:20:00+00:00 [queued]>
[2025-05-06T09:23:27.604+0000] {taskinstance.py:2866} INFO - Starting attempt 1 of 1
[2025-05-06T09:23:27.624+0000] {taskinstance.py:2889} INFO - Executing <Task(PythonOperator): load_csv_with_sqlalchemy> on 2025-05-06 09:20:00+00:00
[2025-05-06T09:23:27.637+0000] {warnings.py:112} WARNING - /home/***/.local/lib/python3.12/site-packages/***/task/task_runner/standard_task_runner.py:70: DeprecationWarning: This process (pid=119) is multi-threaded, use of fork() may lead to deadlocks in the child.
  pid = os.fork()

[2025-05-06T09:23:27.640+0000] {standard_task_runner.py:72} INFO - Started process 121 to run task
[2025-05-06T09:23:27.640+0000] {standard_task_runner.py:104} INFO - Running: ['***', 'tasks', 'run', 'ingest_resultats_csv', 'load_csv_with_sqlalchemy', 'scheduled__2025-05-06T09:20:00+00:00', '--job-id', '23', '--raw', '--subdir', 'DAGS_FOLDER/ingest_resultats_csv.py', '--cfg-path', '/tmp/tmpg60a1m0p']
[2025-05-06T09:23:27.642+0000] {standard_task_runner.py:105} INFO - Job 23: Subtask load_csv_with_sqlalchemy
[2025-05-06T09:23:27.712+0000] {task_command.py:467} INFO - Running <TaskInstance: ingest_resultats_csv.load_csv_with_sqlalchemy scheduled__2025-05-06T09:20:00+00:00 [running]> on host db6fb741a143
[2025-05-06T09:23:27.833+0000] {taskinstance.py:3132} INFO - Exporting env vars: AIRFLOW_CTX_DAG_OWNER='***' AIRFLOW_CTX_DAG_ID='ingest_resultats_csv' AIRFLOW_CTX_TASK_ID='load_csv_with_sqlalchemy' AIRFLOW_CTX_EXECUTION_DATE='2025-05-06T09:20:00+00:00' AIRFLOW_CTX_TRY_NUMBER='1' AIRFLOW_CTX_DAG_RUN_ID='scheduled__2025-05-06T09:20:00+00:00'
[2025-05-06T09:23:27.837+0000] {logging_mixin.py:190} INFO - Task instance is in running state
[2025-05-06T09:23:27.838+0000] {logging_mixin.py:190} INFO -  Previous state of the Task instance: queued
[2025-05-06T09:23:27.839+0000] {logging_mixin.py:190} INFO - Current task name:load_csv_with_sqlalchemy state:running start_date:2025-05-06 09:23:27.590405+00:00
[2025-05-06T09:23:27.839+0000] {logging_mixin.py:190} INFO - Dag name:ingest_resultats_csv and current dag run status:running
[2025-05-06T09:23:27.839+0000] {taskinstance.py:731} INFO - ::endgroup::
[2025-05-06T09:23:28.561+0000] {warnings.py:112} WARNING - /opt/***/dags/ingest_resultats_csv.py:29: UserWarning: Parsing dates in %d/%m/%Y format when dayfirst=False (the default) was specified. Pass `dayfirst=True` or specify a format to silence this warning.
  df[col] = pd.to_datetime(df[col], errors='coerce')

[2025-05-06T09:23:28.577+0000] {base.py:84} INFO - Retrieving connection 'postgres_default'
[2025-05-06T09:23:36.405+0000] {logging_mixin.py:190} INFO -    id_resultat  ...         dt_modification
0      6045706  ... 2024-12-22 02:01:02.817
1      6045707  ... 2024-12-22 02:01:02.817
2      6045708  ... 2024-12-22 02:01:02.817
3      6045709  ... 2024-12-22 02:01:02.817
4      6045710  ... 2024-12-22 02:01:02.817

[5 rows x 51 columns]
[2025-05-06T09:23:36.411+0000] {python.py:240} INFO - Done. Returned value was: None
[2025-05-06T09:23:36.427+0000] {taskinstance.py:340} INFO - ::group::Post task execution logs
[2025-05-06T09:23:36.428+0000] {taskinstance.py:352} INFO - Marking task as SUCCESS. dag_id=ingest_resultats_csv, task_id=load_csv_with_sqlalchemy, run_id=scheduled__2025-05-06T09:20:00+00:00, execution_date=20250506T092000, start_date=20250506T092327, end_date=20250506T092336
[2025-05-06T09:23:36.444+0000] {logging_mixin.py:190} INFO - Task instance in success state
[2025-05-06T09:23:36.445+0000] {logging_mixin.py:190} INFO -  Previous state of the Task instance: running
[2025-05-06T09:23:36.446+0000] {logging_mixin.py:190} INFO - Dag name:ingest_resultats_csv queued_at:2025-05-06 09:23:25.377299+00:00
[2025-05-06T09:23:36.446+0000] {logging_mixin.py:190} INFO - Task hostname:db6fb741a143 operator:PythonOperator
[2025-05-06T09:23:36.524+0000] {local_task_job_runner.py:266} INFO - Task exited with return code 0
[2025-05-06T09:23:36.549+0000] {taskinstance.py:3895} INFO - 0 downstream tasks scheduled from follow-on schedule check
[2025-05-06T09:23:36.552+0000] {local_task_job_runner.py:245} INFO - ::endgroup::
